[ 2013-11-26T17:41:53+08:00 ] 127.0.0.1 /HuiGl/index.php
INFO: [ app_begin ] --START--
INFO: ReadHtmlCache Behavior ::run [ RunTime:0.000387s ]
INFO: [ app_begin ] --END-- [ RunTime:0.030482s ]
SQL: SHOW COLUMNS FROM monkey.t_monkey_cms_index [ RunTime:0.061911s ]
SQL: SELECT * FROM monkey.t_monkey_cms_index WHERE ( status=1 ) ORDER BY weight DESC  [ RunTime:0.020502s ]
NOTIC: [8] Indirect modification of overloaded property IndexAction::$ads has no effect /Users/linhuazhu/getCode/dev/HuiGL/Home/Lib/Action/IndexAction.class.php 第 72 行.
NOTIC: [8] Indirect modification of overloaded property IndexAction::$ads has no effect /Users/linhuazhu/getCode/dev/HuiGL/Home/Lib/Action/IndexAction.class.php 第 72 行.
NOTIC: [8] Indirect modification of overloaded property IndexAction::$ads has no effect /Users/linhuazhu/getCode/dev/HuiGL/Home/Lib/Action/IndexAction.class.php 第 72 行.
INFO: [ view_parse ] --START--
INFO: ParseTemplate Behavior ::run [ RunTime:0.023189s ]
INFO: [ view_parse ] --END-- [ RunTime:0.023285s ]
INFO: [ view_filter ] --START--
INFO: ContentReplace Behavior ::run [ RunTime:0.000269s ]
INFO: TokenBuild Behavior ::run [ RunTime:0.000210s ]
INFO: WriteHtmlCache Behavior ::run [ RunTime:0.000160s ]
INFO: ShowRuntime Behavior ::run [ RunTime:0.000188s ]
INFO: [ view_filter ] --END-- [ RunTime:0.000973s ]
INFO: [ view_end ] --START--
INFO: ShowPageTrace Behavior ::run [ RunTime:0.000226s ]
INFO: [ view_end ] --END-- [ RunTime:0.000297s ]

[ 2013-11-26T18:07:12+08:00 ] 127.0.0.1 /HuiGl/index.php
INFO: [ app_begin ] --START--
INFO: ReadHtmlCache Behavior ::run [ RunTime:0.000246s ]
INFO: [ app_begin ] --END-- [ RunTime:0.000500s ]
SQL: SHOW COLUMNS FROM monkey.t_monkey_cms_index [ RunTime:0.001797s ]
SQL: SELECT * FROM monkey.t_monkey_cms_index WHERE ( status=1 ) ORDER BY weight DESC  [ RunTime:0.000354s ]
NOTIC: [8] Indirect modification of overloaded property IndexAction::$ads has no effect /Users/linhuazhu/getCode/dev/HuiGL/Home/Lib/Action/IndexAction.class.php 第 82 行.
NOTIC: [8] Indirect modification of overloaded property IndexAction::$ads has no effect /Users/linhuazhu/getCode/dev/HuiGL/Home/Lib/Action/IndexAction.class.php 第 82 行.
NOTIC: [8] Indirect modification of overloaded property IndexAction::$ads has no effect /Users/linhuazhu/getCode/dev/HuiGL/Home/Lib/Action/IndexAction.class.php 第 82 行.

[ 2013-11-26T18:07:28+08:00 ] 127.0.0.1 /HuiGl/index.php
INFO: [ app_begin ] --START--
INFO: ReadHtmlCache Behavior ::run [ RunTime:0.000112s ]
INFO: [ app_begin ] --END-- [ RunTime:0.000249s ]
SQL: SHOW COLUMNS FROM monkey.t_monkey_cms_index [ RunTime:0.003036s ]
SQL: SELECT * FROM monkey.t_monkey_cms_index WHERE ( status=1 ) ORDER BY weight DESC  [ RunTime:0.000707s ]
NOTIC: [8] Indirect modification of overloaded property IndexAction::$ads has no effect /Users/linhuazhu/getCode/dev/HuiGL/Home/Lib/Action/IndexAction.class.php 第 82 行.
NOTIC: [8] Indirect modification of overloaded property IndexAction::$ads has no effect /Users/linhuazhu/getCode/dev/HuiGL/Home/Lib/Action/IndexAction.class.php 第 82 行.
NOTIC: [8] Indirect modification of overloaded property IndexAction::$ads has no effect /Users/linhuazhu/getCode/dev/HuiGL/Home/Lib/Action/IndexAction.class.php 第 82 行.

[ 2013-11-26T18:14:20+08:00 ] 127.0.0.1 /HuiGl/index.php
INFO: [ app_begin ] --START--
INFO: ReadHtmlCache Behavior ::run [ RunTime:0.000126s ]
INFO: [ app_begin ] --END-- [ RunTime:0.000306s ]
SQL: SHOW COLUMNS FROM monkey.t_monkey_cms_index [ RunTime:0.002408s ]
SQL: SELECT * FROM monkey.t_monkey_cms_index WHERE ( status=1 ) ORDER BY weight DESC  [ RunTime:0.000569s ]
NOTIC: [8] Indirect modification of overloaded property IndexAction::$ads has no effect /Users/linhuazhu/getCode/dev/HuiGL/Home/Lib/Action/IndexAction.class.php 第 82 行.
NOTIC: [8] Indirect modification of overloaded property IndexAction::$ads has no effect /Users/linhuazhu/getCode/dev/HuiGL/Home/Lib/Action/IndexAction.class.php 第 82 行.
NOTIC: [8] Indirect modification of overloaded property IndexAction::$ads has no effect /Users/linhuazhu/getCode/dev/HuiGL/Home/Lib/Action/IndexAction.class.php 第 82 行.
NOTIC: [8] Indirect modification of overloaded property IndexAction::$ads has no effect /Users/linhuazhu/getCode/dev/HuiGL/Home/Lib/Action/IndexAction.class.php 第 82 行.
NOTIC: [8] Indirect modification of overloaded property IndexAction::$ads has no effect /Users/linhuazhu/getCode/dev/HuiGL/Home/Lib/Action/IndexAction.class.php 第 82 行.
NOTIC: [8] Indirect modification of overloaded property IndexAction::$ads has no effect /Users/linhuazhu/getCode/dev/HuiGL/Home/Lib/Action/IndexAction.class.php 第 82 行.
NOTIC: [8] Indirect modification of overloaded property IndexAction::$ads has no effect /Users/linhuazhu/getCode/dev/HuiGL/Home/Lib/Action/IndexAction.class.php 第 82 行.
NOTIC: [8] Indirect modification of overloaded property IndexAction::$ads has no effect /Users/linhuazhu/getCode/dev/HuiGL/Home/Lib/Action/IndexAction.class.php 第 82 行.
NOTIC: [8] Indirect modification of overloaded property IndexAction::$ads has no effect /Users/linhuazhu/getCode/dev/HuiGL/Home/Lib/Action/IndexAction.class.php 第 82 行.

[ 2013-11-26T18:14:52+08:00 ] 127.0.0.1 /HuiGl/index.php
INFO: [ app_begin ] --START--
INFO: ReadHtmlCache Behavior ::run [ RunTime:0.000117s ]
INFO: [ app_begin ] --END-- [ RunTime:0.000256s ]
SQL: SHOW COLUMNS FROM monkey.t_monkey_cms_index [ RunTime:0.002723s ]
SQL: SELECT * FROM monkey.t_monkey_cms_index WHERE ( status=1 ) ORDER BY weight DESC  [ RunTime:0.000336s ]
NOTIC: [8] Indirect modification of overloaded property IndexAction::$recommend has no effect /Users/linhuazhu/getCode/dev/HuiGL/Home/Lib/Action/IndexAction.class.php 第 86 行.
NOTIC: [8] Indirect modification of overloaded property IndexAction::$recommend has no effect /Users/linhuazhu/getCode/dev/HuiGL/Home/Lib/Action/IndexAction.class.php 第 86 行.
NOTIC: [8] Indirect modification of overloaded property IndexAction::$recommend has no effect /Users/linhuazhu/getCode/dev/HuiGL/Home/Lib/Action/IndexAction.class.php 第 86 行.
NOTIC: [8] Indirect modification of overloaded property IndexAction::$recommend has no effect /Users/linhuazhu/getCode/dev/HuiGL/Home/Lib/Action/IndexAction.class.php 第 86 行.
NOTIC: [8] Indirect modification of overloaded property IndexAction::$recommend has no effect /Users/linhuazhu/getCode/dev/HuiGL/Home/Lib/Action/IndexAction.class.php 第 86 行.
NOTIC: [8] Indirect modification of overloaded property IndexAction::$recommend has no effect /Users/linhuazhu/getCode/dev/HuiGL/Home/Lib/Action/IndexAction.class.php 第 86 行.
NOTIC: [8] Indirect modification of overloaded property IndexAction::$ads has no effect /Users/linhuazhu/getCode/dev/HuiGL/Home/Lib/Action/IndexAction.class.php 第 82 行.
NOTIC: [8] Indirect modification of overloaded property IndexAction::$ads has no effect /Users/linhuazhu/getCode/dev/HuiGL/Home/Lib/Action/IndexAction.class.php 第 82 行.
NOTIC: [8] Indirect modification of overloaded property IndexAction::$ads has no effect /Users/linhuazhu/getCode/dev/HuiGL/Home/Lib/Action/IndexAction.class.php 第 82 行.

[ 2013-11-26T18:14:54+08:00 ] 127.0.0.1 /HuiGl/index.php
INFO: [ app_begin ] --START--
INFO: ReadHtmlCache Behavior ::run [ RunTime:0.000127s ]
INFO: [ app_begin ] --END-- [ RunTime:0.000227s ]
SQL: SHOW COLUMNS FROM monkey.t_monkey_cms_index [ RunTime:0.003121s ]
SQL: SELECT * FROM monkey.t_monkey_cms_index WHERE ( status=1 ) ORDER BY weight DESC  [ RunTime:0.000563s ]
NOTIC: [8] Indirect modification of overloaded property IndexAction::$recommend has no effect /Users/linhuazhu/getCode/dev/HuiGL/Home/Lib/Action/IndexAction.class.php 第 86 行.
NOTIC: [8] Indirect modification of overloaded property IndexAction::$recommend has no effect /Users/linhuazhu/getCode/dev/HuiGL/Home/Lib/Action/IndexAction.class.php 第 86 行.
NOTIC: [8] Indirect modification of overloaded property IndexAction::$recommend has no effect /Users/linhuazhu/getCode/dev/HuiGL/Home/Lib/Action/IndexAction.class.php 第 86 行.
NOTIC: [8] Indirect modification of overloaded property IndexAction::$recommend has no effect /Users/linhuazhu/getCode/dev/HuiGL/Home/Lib/Action/IndexAction.class.php 第 86 行.
NOTIC: [8] Indirect modification of overloaded property IndexAction::$recommend has no effect /Users/linhuazhu/getCode/dev/HuiGL/Home/Lib/Action/IndexAction.class.php 第 86 行.
NOTIC: [8] Indirect modification of overloaded property IndexAction::$recommend has no effect /Users/linhuazhu/getCode/dev/HuiGL/Home/Lib/Action/IndexAction.class.php 第 86 行.
NOTIC: [8] Indirect modification of overloaded property IndexAction::$ads has no effect /Users/linhuazhu/getCode/dev/HuiGL/Home/Lib/Action/IndexAction.class.php 第 82 行.
NOTIC: [8] Indirect modification of overloaded property IndexAction::$ads has no effect /Users/linhuazhu/getCode/dev/HuiGL/Home/Lib/Action/IndexAction.class.php 第 82 行.
NOTIC: [8] Indirect modification of overloaded property IndexAction::$ads has no effect /Users/linhuazhu/getCode/dev/HuiGL/Home/Lib/Action/IndexAction.class.php 第 82 行.

[ 2013-11-26T18:15:14+08:00 ] 127.0.0.1 /HuiGl/index.php
INFO: [ app_begin ] --START--
INFO: ReadHtmlCache Behavior ::run [ RunTime:0.000119s ]
INFO: [ app_begin ] --END-- [ RunTime:0.000262s ]

[ 2013-11-26T18:15:38+08:00 ] 127.0.0.1 /HuiGl/index.php
INFO: [ app_begin ] --START--
INFO: ReadHtmlCache Behavior ::run [ RunTime:0.000137s ]
INFO: [ app_begin ] --END-- [ RunTime:0.000323s ]
SQL: SHOW COLUMNS FROM monkey.t_monkey_cms_index [ RunTime:0.002836s ]
SQL: SELECT * FROM monkey.t_monkey_cms_index WHERE ( status=1 ) ORDER BY weight DESC  [ RunTime:0.000467s ]

[ 2013-11-26T18:16:02+08:00 ] 127.0.0.1 /HuiGl/index.php
INFO: [ app_begin ] --START--
INFO: ReadHtmlCache Behavior ::run [ RunTime:0.000080s ]
INFO: [ app_begin ] --END-- [ RunTime:0.000143s ]
SQL: SHOW COLUMNS FROM monkey.t_monkey_cms_index [ RunTime:0.003068s ]
SQL: SELECT * FROM monkey.t_monkey_cms_index WHERE ( status=1 ) ORDER BY weight DESC  [ RunTime:0.000467s ]
NOTIC: [8] Indirect modification of overloaded property IndexAction::$recommend has no effect /Users/linhuazhu/getCode/dev/HuiGL/Home/Lib/Action/IndexAction.class.php 第 87 行.
NOTIC: [8] Indirect modification of overloaded property IndexAction::$recommend has no effect /Users/linhuazhu/getCode/dev/HuiGL/Home/Lib/Action/IndexAction.class.php 第 87 行.
NOTIC: [8] Indirect modification of overloaded property IndexAction::$recommend has no effect /Users/linhuazhu/getCode/dev/HuiGL/Home/Lib/Action/IndexAction.class.php 第 87 行.
NOTIC: [8] Indirect modification of overloaded property IndexAction::$recommend has no effect /Users/linhuazhu/getCode/dev/HuiGL/Home/Lib/Action/IndexAction.class.php 第 87 行.
NOTIC: [8] Indirect modification of overloaded property IndexAction::$recommend has no effect /Users/linhuazhu/getCode/dev/HuiGL/Home/Lib/Action/IndexAction.class.php 第 87 行.
NOTIC: [8] Indirect modification of overloaded property IndexAction::$recommend has no effect /Users/linhuazhu/getCode/dev/HuiGL/Home/Lib/Action/IndexAction.class.php 第 87 行.
NOTIC: [8] Indirect modification of overloaded property IndexAction::$ads has no effect /Users/linhuazhu/getCode/dev/HuiGL/Home/Lib/Action/IndexAction.class.php 第 83 行.
NOTIC: [8] Indirect modification of overloaded property IndexAction::$ads has no effect /Users/linhuazhu/getCode/dev/HuiGL/Home/Lib/Action/IndexAction.class.php 第 83 行.
NOTIC: [8] Indirect modification of overloaded property IndexAction::$ads has no effect /Users/linhuazhu/getCode/dev/HuiGL/Home/Lib/Action/IndexAction.class.php 第 83 行.

[ 2013-11-26T18:16:24+08:00 ] 127.0.0.1 /HuiGl/index.php
INFO: [ app_begin ] --START--
INFO: ReadHtmlCache Behavior ::run [ RunTime:0.000114s ]
INFO: [ app_begin ] --END-- [ RunTime:0.000252s ]
SQL: SHOW COLUMNS FROM monkey.t_monkey_cms_index [ RunTime:0.003040s ]
SQL: SELECT * FROM monkey.t_monkey_cms_index WHERE ( status=1 ) ORDER BY weight DESC  [ RunTime:0.000378s ]
NOTIC: [8] Indirect modification of overloaded property IndexAction::$recommend has no effect /Users/linhuazhu/getCode/dev/HuiGL/Home/Lib/Action/IndexAction.class.php 第 88 行.
NOTIC: [8] Indirect modification of overloaded property IndexAction::$recommend has no effect /Users/linhuazhu/getCode/dev/HuiGL/Home/Lib/Action/IndexAction.class.php 第 88 行.
NOTIC: [8] Indirect modification of overloaded property IndexAction::$recommend has no effect /Users/linhuazhu/getCode/dev/HuiGL/Home/Lib/Action/IndexAction.class.php 第 88 行.
NOTIC: [8] Indirect modification of overloaded property IndexAction::$recommend has no effect /Users/linhuazhu/getCode/dev/HuiGL/Home/Lib/Action/IndexAction.class.php 第 88 行.
NOTIC: [8] Indirect modification of overloaded property IndexAction::$recommend has no effect /Users/linhuazhu/getCode/dev/HuiGL/Home/Lib/Action/IndexAction.class.php 第 88 行.
NOTIC: [8] Indirect modification of overloaded property IndexAction::$recommend has no effect /Users/linhuazhu/getCode/dev/HuiGL/Home/Lib/Action/IndexAction.class.php 第 88 行.
NOTIC: [8] Indirect modification of overloaded property IndexAction::$ads has no effect /Users/linhuazhu/getCode/dev/HuiGL/Home/Lib/Action/IndexAction.class.php 第 84 行.
NOTIC: [8] Indirect modification of overloaded property IndexAction::$ads has no effect /Users/linhuazhu/getCode/dev/HuiGL/Home/Lib/Action/IndexAction.class.php 第 84 行.
NOTIC: [8] Indirect modification of overloaded property IndexAction::$ads has no effect /Users/linhuazhu/getCode/dev/HuiGL/Home/Lib/Action/IndexAction.class.php 第 84 行.

[ 2013-11-26T18:16:40+08:00 ] 127.0.0.1 /HuiGl/index.php
INFO: [ app_begin ] --START--
INFO: ReadHtmlCache Behavior ::run [ RunTime:0.000111s ]
INFO: [ app_begin ] --END-- [ RunTime:0.000201s ]
SQL: SHOW COLUMNS FROM monkey.t_monkey_cms_index [ RunTime:0.022065s ]
SQL: SELECT * FROM monkey.t_monkey_cms_index WHERE ( status=1 ) ORDER BY weight DESC  [ RunTime:0.000401s ]
NOTIC: [8] Indirect modification of overloaded property IndexAction::$recommend has no effect /Users/linhuazhu/getCode/dev/HuiGL/Home/Lib/Action/IndexAction.class.php 第 88 行.
NOTIC: [8] Indirect modification of overloaded property IndexAction::$recommend has no effect /Users/linhuazhu/getCode/dev/HuiGL/Home/Lib/Action/IndexAction.class.php 第 88 行.
NOTIC: [8] Indirect modification of overloaded property IndexAction::$recommend has no effect /Users/linhuazhu/getCode/dev/HuiGL/Home/Lib/Action/IndexAction.class.php 第 88 行.
NOTIC: [8] Indirect modification of overloaded property IndexAction::$recommend has no effect /Users/linhuazhu/getCode/dev/HuiGL/Home/Lib/Action/IndexAction.class.php 第 88 行.
NOTIC: [8] Indirect modification of overloaded property IndexAction::$recommend has no effect /Users/linhuazhu/getCode/dev/HuiGL/Home/Lib/Action/IndexAction.class.php 第 88 行.
NOTIC: [8] Indirect modification of overloaded property IndexAction::$recommend has no effect /Users/linhuazhu/getCode/dev/HuiGL/Home/Lib/Action/IndexAction.class.php 第 88 行.
NOTIC: [8] Indirect modification of overloaded property IndexAction::$ads has no effect /Users/linhuazhu/getCode/dev/HuiGL/Home/Lib/Action/IndexAction.class.php 第 84 行.
NOTIC: [8] Indirect modification of overloaded property IndexAction::$ads has no effect /Users/linhuazhu/getCode/dev/HuiGL/Home/Lib/Action/IndexAction.class.php 第 84 行.
NOTIC: [8] Indirect modification of overloaded property IndexAction::$ads has no effect /Users/linhuazhu/getCode/dev/HuiGL/Home/Lib/Action/IndexAction.class.php 第 84 行.

[ 2013-11-26T18:17:30+08:00 ] 127.0.0.1 /HuiGl/index.php
INFO: [ app_begin ] --START--
INFO: ReadHtmlCache Behavior ::run [ RunTime:0.000103s ]
INFO: [ app_begin ] --END-- [ RunTime:0.000194s ]
SQL: SHOW COLUMNS FROM monkey.t_monkey_cms_index [ RunTime:0.106577s ]
SQL: SELECT * FROM monkey.t_monkey_cms_index WHERE ( status=1 ) ORDER BY weight DESC  [ RunTime:0.000382s ]
NOTIC: [8] Indirect modification of overloaded property IndexAction::$recommend has no effect /Users/linhuazhu/getCode/dev/HuiGL/Home/Lib/Action/IndexAction.class.php 第 88 行.
NOTIC: [8] Indirect modification of overloaded property IndexAction::$recommend has no effect /Users/linhuazhu/getCode/dev/HuiGL/Home/Lib/Action/IndexAction.class.php 第 88 行.
NOTIC: [8] Indirect modification of overloaded property IndexAction::$recommend has no effect /Users/linhuazhu/getCode/dev/HuiGL/Home/Lib/Action/IndexAction.class.php 第 88 行.
NOTIC: [8] Indirect modification of overloaded property IndexAction::$recommend has no effect /Users/linhuazhu/getCode/dev/HuiGL/Home/Lib/Action/IndexAction.class.php 第 88 行.
NOTIC: [8] Indirect modification of overloaded property IndexAction::$recommend has no effect /Users/linhuazhu/getCode/dev/HuiGL/Home/Lib/Action/IndexAction.class.php 第 88 行.
NOTIC: [8] Indirect modification of overloaded property IndexAction::$recommend has no effect /Users/linhuazhu/getCode/dev/HuiGL/Home/Lib/Action/IndexAction.class.php 第 88 行.
NOTIC: [8] Indirect modification of overloaded property IndexAction::$ads has no effect /Users/linhuazhu/getCode/dev/HuiGL/Home/Lib/Action/IndexAction.class.php 第 84 行.
NOTIC: [8] Indirect modification of overloaded property IndexAction::$ads has no effect /Users/linhuazhu/getCode/dev/HuiGL/Home/Lib/Action/IndexAction.class.php 第 84 行.
NOTIC: [8] Indirect modification of overloaded property IndexAction::$ads has no effect /Users/linhuazhu/getCode/dev/HuiGL/Home/Lib/Action/IndexAction.class.php 第 84 行.

[ 2013-11-26T18:17:47+08:00 ] 127.0.0.1 /HuiGl/index.php
INFO: [ app_begin ] --START--
INFO: ReadHtmlCache Behavior ::run [ RunTime:0.000154s ]
INFO: [ app_begin ] --END-- [ RunTime:0.000329s ]
SQL: SHOW COLUMNS FROM monkey.t_monkey_cms_index [ RunTime:0.002995s ]
SQL: SELECT * FROM monkey.t_monkey_cms_index WHERE ( status=1 ) ORDER BY weight DESC  [ RunTime:0.000472s ]
NOTIC: [8] Indirect modification of overloaded property IndexAction::$recommend has no effect /Users/linhuazhu/getCode/dev/HuiGL/Home/Lib/Action/IndexAction.class.php 第 88 行.
NOTIC: [8] Indirect modification of overloaded property IndexAction::$recommend has no effect /Users/linhuazhu/getCode/dev/HuiGL/Home/Lib/Action/IndexAction.class.php 第 88 行.
NOTIC: [8] Indirect modification of overloaded property IndexAction::$recommend has no effect /Users/linhuazhu/getCode/dev/HuiGL/Home/Lib/Action/IndexAction.class.php 第 88 行.
NOTIC: [8] Indirect modification of overloaded property IndexAction::$recommend has no effect /Users/linhuazhu/getCode/dev/HuiGL/Home/Lib/Action/IndexAction.class.php 第 88 行.
NOTIC: [8] Indirect modification of overloaded property IndexAction::$recommend has no effect /Users/linhuazhu/getCode/dev/HuiGL/Home/Lib/Action/IndexAction.class.php 第 88 行.
NOTIC: [8] Indirect modification of overloaded property IndexAction::$recommend has no effect /Users/linhuazhu/getCode/dev/HuiGL/Home/Lib/Action/IndexAction.class.php 第 88 行.
NOTIC: [8] Indirect modification of overloaded property IndexAction::$ads has no effect /Users/linhuazhu/getCode/dev/HuiGL/Home/Lib/Action/IndexAction.class.php 第 84 行.
NOTIC: [8] Indirect modification of overloaded property IndexAction::$ads has no effect /Users/linhuazhu/getCode/dev/HuiGL/Home/Lib/Action/IndexAction.class.php 第 84 行.
NOTIC: [8] Indirect modification of overloaded property IndexAction::$ads has no effect /Users/linhuazhu/getCode/dev/HuiGL/Home/Lib/Action/IndexAction.class.php 第 84 行.

[ 2013-11-26T18:17:57+08:00 ] 127.0.0.1 /HuiGl/index.php
INFO: [ app_begin ] --START--
INFO: ReadHtmlCache Behavior ::run [ RunTime:0.000181s ]
INFO: [ app_begin ] --END-- [ RunTime:0.000383s ]
SQL: SHOW COLUMNS FROM monkey.t_monkey_cms_index [ RunTime:0.002902s ]
SQL: SELECT * FROM monkey.t_monkey_cms_index WHERE ( status=1 ) ORDER BY weight DESC  [ RunTime:0.000726s ]
NOTIC: [8] Indirect modification of overloaded property IndexAction::$recommend has no effect /Users/linhuazhu/getCode/dev/HuiGL/Home/Lib/Action/IndexAction.class.php 第 88 行.
NOTIC: [8] Indirect modification of overloaded property IndexAction::$recommend has no effect /Users/linhuazhu/getCode/dev/HuiGL/Home/Lib/Action/IndexAction.class.php 第 88 行.
NOTIC: [8] Indirect modification of overloaded property IndexAction::$recommend has no effect /Users/linhuazhu/getCode/dev/HuiGL/Home/Lib/Action/IndexAction.class.php 第 88 行.
NOTIC: [8] Indirect modification of overloaded property IndexAction::$recommend has no effect /Users/linhuazhu/getCode/dev/HuiGL/Home/Lib/Action/IndexAction.class.php 第 88 行.
NOTIC: [8] Indirect modification of overloaded property IndexAction::$recommend has no effect /Users/linhuazhu/getCode/dev/HuiGL/Home/Lib/Action/IndexAction.class.php 第 88 行.
NOTIC: [8] Indirect modification of overloaded property IndexAction::$recommend has no effect /Users/linhuazhu/getCode/dev/HuiGL/Home/Lib/Action/IndexAction.class.php 第 88 行.
NOTIC: [8] Indirect modification of overloaded property IndexAction::$ads has no effect /Users/linhuazhu/getCode/dev/HuiGL/Home/Lib/Action/IndexAction.class.php 第 84 行.
NOTIC: [8] Indirect modification of overloaded property IndexAction::$ads has no effect /Users/linhuazhu/getCode/dev/HuiGL/Home/Lib/Action/IndexAction.class.php 第 84 行.
NOTIC: [8] Indirect modification of overloaded property IndexAction::$ads has no effect /Users/linhuazhu/getCode/dev/HuiGL/Home/Lib/Action/IndexAction.class.php 第 84 行.

[ 2013-11-26T18:18:18+08:00 ] 127.0.0.1 /HuiGl/index.php
INFO: [ app_begin ] --START--
INFO: ReadHtmlCache Behavior ::run [ RunTime:0.000074s ]
INFO: [ app_begin ] --END-- [ RunTime:0.000136s ]
SQL: SHOW COLUMNS FROM monkey.t_monkey_cms_index [ RunTime:0.002896s ]
SQL: SELECT * FROM monkey.t_monkey_cms_index WHERE ( status=1 ) ORDER BY weight DESC  [ RunTime:0.000420s ]
NOTIC: [8] Indirect modification of overloaded property IndexAction::$recommend has no effect /Users/linhuazhu/getCode/dev/HuiGL/Home/Lib/Action/IndexAction.class.php 第 88 行.
NOTIC: [8] Indirect modification of overloaded property IndexAction::$recommend has no effect /Users/linhuazhu/getCode/dev/HuiGL/Home/Lib/Action/IndexAction.class.php 第 88 行.
NOTIC: [8] Indirect modification of overloaded property IndexAction::$recommend has no effect /Users/linhuazhu/getCode/dev/HuiGL/Home/Lib/Action/IndexAction.class.php 第 88 行.
NOTIC: [8] Indirect modification of overloaded property IndexAction::$recommend has no effect /Users/linhuazhu/getCode/dev/HuiGL/Home/Lib/Action/IndexAction.class.php 第 88 行.
NOTIC: [8] Indirect modification of overloaded property IndexAction::$recommend has no effect /Users/linhuazhu/getCode/dev/HuiGL/Home/Lib/Action/IndexAction.class.php 第 88 行.
NOTIC: [8] Indirect modification of overloaded property IndexAction::$recommend has no effect /Users/linhuazhu/getCode/dev/HuiGL/Home/Lib/Action/IndexAction.class.php 第 88 行.
NOTIC: [8] Indirect modification of overloaded property IndexAction::$ads has no effect /Users/linhuazhu/getCode/dev/HuiGL/Home/Lib/Action/IndexAction.class.php 第 84 行.
NOTIC: [8] Indirect modification of overloaded property IndexAction::$ads has no effect /Users/linhuazhu/getCode/dev/HuiGL/Home/Lib/Action/IndexAction.class.php 第 84 行.
NOTIC: [8] Indirect modification of overloaded property IndexAction::$ads has no effect /Users/linhuazhu/getCode/dev/HuiGL/Home/Lib/Action/IndexAction.class.php 第 84 行.

[ 2013-11-26T18:18:51+08:00 ] 127.0.0.1 /HuiGl/index.php
INFO: [ app_begin ] --START--
INFO: ReadHtmlCache Behavior ::run [ RunTime:0.000130s ]
INFO: [ app_begin ] --END-- [ RunTime:0.000229s ]
SQL: SHOW COLUMNS FROM monkey.t_monkey_cms_index [ RunTime:0.002669s ]
SQL: SELECT * FROM monkey.t_monkey_cms_index WHERE ( status=1 ) ORDER BY weight DESC  [ RunTime:0.000435s ]
NOTIC: [8] Indirect modification of overloaded property IndexAction::$ads has no effect /Users/linhuazhu/getCode/dev/HuiGL/Home/Lib/Action/IndexAction.class.php 第 85 行.
NOTIC: [8] Indirect modification of overloaded property IndexAction::$ads has no effect /Users/linhuazhu/getCode/dev/HuiGL/Home/Lib/Action/IndexAction.class.php 第 85 行.
NOTIC: [8] Indirect modification of overloaded property IndexAction::$ads has no effect /Users/linhuazhu/getCode/dev/HuiGL/Home/Lib/Action/IndexAction.class.php 第 85 行.

[ 2013-11-26T18:19:35+08:00 ] 127.0.0.1 /HuiGl/index.php
INFO: [ app_begin ] --START--
INFO: ReadHtmlCache Behavior ::run [ RunTime:0.000136s ]
INFO: [ app_begin ] --END-- [ RunTime:0.000235s ]
SQL: SHOW COLUMNS FROM monkey.t_monkey_cms_index [ RunTime:0.003041s ]
SQL: SELECT * FROM monkey.t_monkey_cms_index WHERE ( status=1 ) ORDER BY weight DESC  [ RunTime:0.000410s ]
NOTIC: [8] Indirect modification of overloaded property IndexAction::$ads has no effect /Users/linhuazhu/getCode/dev/HuiGL/Home/Lib/Action/IndexAction.class.php 第 83 行.
NOTIC: [8] Indirect modification of overloaded property IndexAction::$ads has no effect /Users/linhuazhu/getCode/dev/HuiGL/Home/Lib/Action/IndexAction.class.php 第 83 行.
NOTIC: [8] Indirect modification of overloaded property IndexAction::$ads has no effect /Users/linhuazhu/getCode/dev/HuiGL/Home/Lib/Action/IndexAction.class.php 第 83 行.

[ 2013-11-26T18:20:53+08:00 ] 127.0.0.1 /HuiGl/index.php
INFO: [ app_begin ] --START--
INFO: ReadHtmlCache Behavior ::run [ RunTime:0.000083s ]
INFO: [ app_begin ] --END-- [ RunTime:0.000148s ]
SQL: SHOW COLUMNS FROM monkey.t_monkey_cms_index [ RunTime:0.002830s ]
SQL: SELECT * FROM monkey.t_monkey_cms_index WHERE ( status=1 ) ORDER BY weight DESC  [ RunTime:0.000350s ]
NOTIC: [8] Indirect modification of overloaded property IndexAction::$ads has no effect /Users/linhuazhu/getCode/dev/HuiGL/Home/Lib/Action/IndexAction.class.php 第 85 行.
NOTIC: [8] Indirect modification of overloaded property IndexAction::$ads has no effect /Users/linhuazhu/getCode/dev/HuiGL/Home/Lib/Action/IndexAction.class.php 第 85 行.
NOTIC: [8] Indirect modification of overloaded property IndexAction::$ads has no effect /Users/linhuazhu/getCode/dev/HuiGL/Home/Lib/Action/IndexAction.class.php 第 85 行.

[ 2013-11-26T18:21:13+08:00 ] 127.0.0.1 /HuiGl/index.php
INFO: [ app_begin ] --START--
INFO: ReadHtmlCache Behavior ::run [ RunTime:0.000184s ]
INFO: [ app_begin ] --END-- [ RunTime:0.000383s ]
SQL: SHOW COLUMNS FROM monkey.t_monkey_cms_index [ RunTime:0.002649s ]
SQL: SELECT * FROM monkey.t_monkey_cms_index WHERE ( status=1 ) ORDER BY weight DESC  [ RunTime:0.000518s ]
NOTIC: [8] Indirect modification of overloaded property IndexAction::$ads has no effect /Users/linhuazhu/getCode/dev/HuiGL/Home/Lib/Action/IndexAction.class.php 第 85 行.
NOTIC: [8] Indirect modification of overloaded property IndexAction::$ads has no effect /Users/linhuazhu/getCode/dev/HuiGL/Home/Lib/Action/IndexAction.class.php 第 85 行.
NOTIC: [8] Indirect modification of overloaded property IndexAction::$ads has no effect /Users/linhuazhu/getCode/dev/HuiGL/Home/Lib/Action/IndexAction.class.php 第 85 行.
SQL: SHOW COLUMNS FROM monkey.t_monkey_partner_info [ RunTime:0.002240s ]
SQL: SELECT * FROM monkey.t_monkey_partner_info WHERE ( id IN (5,6,1,2,3,4) )  [ RunTime:0.000218s ]
ERR: 1054:Unknown column 'id' in 'where clause'
 [ SQL语句 ] : SELECT * FROM monkey.t_monkey_partner_info WHERE ( id IN (5,6,1,2,3,4) ) 

[ 2013-11-26T18:21:27+08:00 ] 127.0.0.1 /HuiGl/index.php
INFO: [ app_begin ] --START--
INFO: ReadHtmlCache Behavior ::run [ RunTime:0.000131s ]
INFO: [ app_begin ] --END-- [ RunTime:0.000235s ]
SQL: SHOW COLUMNS FROM monkey.t_monkey_cms_index [ RunTime:0.008100s ]
SQL: SELECT * FROM monkey.t_monkey_cms_index WHERE ( status=1 ) ORDER BY weight DESC  [ RunTime:0.000465s ]
NOTIC: [8] Indirect modification of overloaded property IndexAction::$ads has no effect /Users/linhuazhu/getCode/dev/HuiGL/Home/Lib/Action/IndexAction.class.php 第 86 行.
NOTIC: [8] Indirect modification of overloaded property IndexAction::$ads has no effect /Users/linhuazhu/getCode/dev/HuiGL/Home/Lib/Action/IndexAction.class.php 第 86 行.
NOTIC: [8] Indirect modification of overloaded property IndexAction::$ads has no effect /Users/linhuazhu/getCode/dev/HuiGL/Home/Lib/Action/IndexAction.class.php 第 86 行.
SQL: SHOW COLUMNS FROM monkey.t_monkey_partner_info [ RunTime:0.001274s ]
SQL: SELECT * FROM monkey.t_monkey_partner_info WHERE ( id IN (5,6,1,2,3,4) )  [ RunTime:0.000207s ]
ERR: 1054:Unknown column 'id' in 'where clause'
 [ SQL语句 ] : SELECT * FROM monkey.t_monkey_partner_info WHERE ( id IN (5,6,1,2,3,4) ) 

[ 2013-11-26T18:22:05+08:00 ] 127.0.0.1 /HuiGl/index.php
INFO: [ app_begin ] --START--
INFO: ReadHtmlCache Behavior ::run [ RunTime:0.000123s ]
INFO: [ app_begin ] --END-- [ RunTime:0.000219s ]
SQL: SHOW COLUMNS FROM monkey.t_monkey_cms_index [ RunTime:0.002984s ]
SQL: SELECT * FROM monkey.t_monkey_cms_index WHERE ( status=1 ) ORDER BY weight DESC  [ RunTime:0.000472s ]
NOTIC: [8] Indirect modification of overloaded property IndexAction::$ads has no effect /Users/linhuazhu/getCode/dev/HuiGL/Home/Lib/Action/IndexAction.class.php 第 86 行.
NOTIC: [8] Indirect modification of overloaded property IndexAction::$ads has no effect /Users/linhuazhu/getCode/dev/HuiGL/Home/Lib/Action/IndexAction.class.php 第 86 行.
NOTIC: [8] Indirect modification of overloaded property IndexAction::$ads has no effect /Users/linhuazhu/getCode/dev/HuiGL/Home/Lib/Action/IndexAction.class.php 第 86 行.
SQL: SHOW COLUMNS FROM monkey.t_monkey_partner_info [ RunTime:0.001675s ]

[ 2013-11-26T18:22:25+08:00 ] 127.0.0.1 /HuiGl/index.php
INFO: [ app_begin ] --START--
INFO: ReadHtmlCache Behavior ::run [ RunTime:0.000128s ]
INFO: [ app_begin ] --END-- [ RunTime:0.000229s ]
SQL: SHOW COLUMNS FROM monkey.t_monkey_cms_index [ RunTime:0.002949s ]
SQL: SELECT * FROM monkey.t_monkey_cms_index WHERE ( status=1 ) ORDER BY weight DESC  [ RunTime:0.000409s ]
NOTIC: [8] Indirect modification of overloaded property IndexAction::$ads has no effect /Users/linhuazhu/getCode/dev/HuiGL/Home/Lib/Action/IndexAction.class.php 第 86 行.
NOTIC: [8] Indirect modification of overloaded property IndexAction::$ads has no effect /Users/linhuazhu/getCode/dev/HuiGL/Home/Lib/Action/IndexAction.class.php 第 86 行.
NOTIC: [8] Indirect modification of overloaded property IndexAction::$ads has no effect /Users/linhuazhu/getCode/dev/HuiGL/Home/Lib/Action/IndexAction.class.php 第 86 行.
SQL: SHOW COLUMNS FROM monkey.t_monkey_partner_info [ RunTime:0.001739s ]
SQL: SELECT * FROM monkey.t_monkey_partner_info WHERE ( partner_id IN (5,6,1,2,3,4) )  [ RunTime:0.000320s ]

[ 2013-11-26T18:22:37+08:00 ] 127.0.0.1 /HuiGl/index.php
INFO: [ app_begin ] --START--
INFO: ReadHtmlCache Behavior ::run [ RunTime:0.000075s ]
INFO: [ app_begin ] --END-- [ RunTime:0.000138s ]
SQL: SHOW COLUMNS FROM monkey.t_monkey_cms_index [ RunTime:0.050454s ]
SQL: SELECT * FROM monkey.t_monkey_cms_index WHERE ( status=1 ) ORDER BY weight DESC  [ RunTime:0.000514s ]
NOTIC: [8] Indirect modification of overloaded property IndexAction::$ads has no effect /Users/linhuazhu/getCode/dev/HuiGL/Home/Lib/Action/IndexAction.class.php 第 85 行.
NOTIC: [8] Indirect modification of overloaded property IndexAction::$ads has no effect /Users/linhuazhu/getCode/dev/HuiGL/Home/Lib/Action/IndexAction.class.php 第 85 行.
NOTIC: [8] Indirect modification of overloaded property IndexAction::$ads has no effect /Users/linhuazhu/getCode/dev/HuiGL/Home/Lib/Action/IndexAction.class.php 第 85 行.
SQL: SHOW COLUMNS FROM monkey.t_monkey_partner_info [ RunTime:0.002187s ]
SQL: SELECT * FROM monkey.t_monkey_partner_info WHERE ( partner_id IN (5,6,1,2,3,4) )  [ RunTime:0.000352s ]
NOTIC: [8] Undefined index: id /Users/linhuazhu/getCode/dev/HuiGL/ThinkPHP/Common/functions.php 第 835 行.
NOTIC: [8] Undefined index: id /Users/linhuazhu/getCode/dev/HuiGL/ThinkPHP/Common/functions.php 第 835 行.
NOTIC: [8] Undefined index: id /Users/linhuazhu/getCode/dev/HuiGL/ThinkPHP/Common/functions.php 第 835 行.
NOTIC: [8] Undefined index: id /Users/linhuazhu/getCode/dev/HuiGL/ThinkPHP/Common/functions.php 第 835 行.
NOTIC: [8] Undefined index: id /Users/linhuazhu/getCode/dev/HuiGL/ThinkPHP/Common/functions.php 第 835 行.
NOTIC: [8] Undefined index: id /Users/linhuazhu/getCode/dev/HuiGL/ThinkPHP/Common/functions.php 第 835 行.

[ 2013-11-26T18:22:58+08:00 ] 127.0.0.1 /HuiGl/index.php
INFO: [ app_begin ] --START--
INFO: ReadHtmlCache Behavior ::run [ RunTime:0.000125s ]
INFO: [ app_begin ] --END-- [ RunTime:0.000224s ]
SQL: SHOW COLUMNS FROM monkey.t_monkey_cms_index [ RunTime:0.002675s ]
SQL: SELECT * FROM monkey.t_monkey_cms_index WHERE ( status=1 ) ORDER BY weight DESC  [ RunTime:0.000467s ]
NOTIC: [8] Indirect modification of overloaded property IndexAction::$ads has no effect /Users/linhuazhu/getCode/dev/HuiGL/Home/Lib/Action/IndexAction.class.php 第 85 行.
NOTIC: [8] Indirect modification of overloaded property IndexAction::$ads has no effect /Users/linhuazhu/getCode/dev/HuiGL/Home/Lib/Action/IndexAction.class.php 第 85 行.
NOTIC: [8] Indirect modification of overloaded property IndexAction::$ads has no effect /Users/linhuazhu/getCode/dev/HuiGL/Home/Lib/Action/IndexAction.class.php 第 85 行.
SQL: SHOW COLUMNS FROM monkey.t_monkey_partner_info [ RunTime:0.001548s ]
SQL: SELECT * FROM monkey.t_monkey_partner_info WHERE ( partner_id IN (5,6,1,2,3,4) )  [ RunTime:0.000290s ]

[ 2013-11-26T18:23:24+08:00 ] 127.0.0.1 /HuiGl/index.php
INFO: [ app_begin ] --START--
INFO: ReadHtmlCache Behavior ::run [ RunTime:0.000076s ]
INFO: [ app_begin ] --END-- [ RunTime:0.000138s ]
SQL: SHOW COLUMNS FROM monkey.t_monkey_cms_index [ RunTime:0.004017s ]
SQL: SELECT * FROM monkey.t_monkey_cms_index WHERE ( status=1 ) ORDER BY weight DESC  [ RunTime:0.000506s ]
NOTIC: [8] Indirect modification of overloaded property IndexAction::$ads has no effect /Users/linhuazhu/getCode/dev/HuiGL/Home/Lib/Action/IndexAction.class.php 第 86 行.
NOTIC: [8] Indirect modification of overloaded property IndexAction::$ads has no effect /Users/linhuazhu/getCode/dev/HuiGL/Home/Lib/Action/IndexAction.class.php 第 86 行.
NOTIC: [8] Indirect modification of overloaded property IndexAction::$ads has no effect /Users/linhuazhu/getCode/dev/HuiGL/Home/Lib/Action/IndexAction.class.php 第 86 行.
SQL: SHOW COLUMNS FROM monkey.t_monkey_partner_info [ RunTime:0.001714s ]
SQL: SELECT * FROM monkey.t_monkey_partner_info WHERE ( partner_id IN (5,6,1,2,3,4) )  [ RunTime:0.000307s ]

[ 2013-11-26T18:23:44+08:00 ] 127.0.0.1 /HuiGl/index.php
INFO: [ app_begin ] --START--
INFO: ReadHtmlCache Behavior ::run [ RunTime:0.000128s ]
INFO: [ app_begin ] --END-- [ RunTime:0.000221s ]
SQL: SHOW COLUMNS FROM monkey.t_monkey_cms_index [ RunTime:0.002847s ]
SQL: SELECT * FROM monkey.t_monkey_cms_index WHERE ( status=1 ) ORDER BY weight DESC  [ RunTime:0.000512s ]
NOTIC: [8] Indirect modification of overloaded property IndexAction::$ads has no effect /Users/linhuazhu/getCode/dev/HuiGL/Home/Lib/Action/IndexAction.class.php 第 86 行.
NOTIC: [8] Indirect modification of overloaded property IndexAction::$ads has no effect /Users/linhuazhu/getCode/dev/HuiGL/Home/Lib/Action/IndexAction.class.php 第 86 行.
NOTIC: [8] Indirect modification of overloaded property IndexAction::$ads has no effect /Users/linhuazhu/getCode/dev/HuiGL/Home/Lib/Action/IndexAction.class.php 第 86 行.
SQL: SHOW COLUMNS FROM monkey.t_monkey_partner_info [ RunTime:0.002280s ]
SQL: SELECT * FROM monkey.t_monkey_partner_info WHERE ( partner_id IN (5,6,1,2,3,4) )  [ RunTime:0.000431s ]

[ 2013-11-26T18:25:59+08:00 ] 127.0.0.1 /HuiGl/index.php
INFO: [ app_begin ] --START--
INFO: ReadHtmlCache Behavior ::run [ RunTime:0.000075s ]
INFO: [ app_begin ] --END-- [ RunTime:0.000139s ]
SQL: SHOW COLUMNS FROM monkey.t_monkey_cms_index [ RunTime:0.002545s ]
SQL: SELECT * FROM monkey.t_monkey_cms_index WHERE ( status=1 ) ORDER BY weight DESC  [ RunTime:0.000356s ]
NOTIC: [8] Indirect modification of overloaded property IndexAction::$ads has no effect /Users/linhuazhu/getCode/dev/HuiGL/Home/Lib/Action/IndexAction.class.php 第 86 行.
NOTIC: [8] Indirect modification of overloaded property IndexAction::$ads has no effect /Users/linhuazhu/getCode/dev/HuiGL/Home/Lib/Action/IndexAction.class.php 第 86 行.
NOTIC: [8] Indirect modification of overloaded property IndexAction::$ads has no effect /Users/linhuazhu/getCode/dev/HuiGL/Home/Lib/Action/IndexAction.class.php 第 86 行.
SQL: SHOW COLUMNS FROM monkey.t_monkey_partner_info [ RunTime:0.001471s ]
SQL: SELECT * FROM monkey.t_monkey_partner_info WHERE ( partner_id IN (5,6,1,2,3,4) )  [ RunTime:0.000337s ]

[ 2013-11-26T18:26:22+08:00 ] 127.0.0.1 /HuiGl/index.php
INFO: [ app_begin ] --START--
INFO: ReadHtmlCache Behavior ::run [ RunTime:0.000130s ]
INFO: [ app_begin ] --END-- [ RunTime:0.000227s ]
SQL: SHOW COLUMNS FROM monkey.t_monkey_cms_index [ RunTime:0.002599s ]
SQL: SELECT * FROM monkey.t_monkey_cms_index WHERE ( status=1 ) ORDER BY weight DESC  [ RunTime:0.000429s ]
NOTIC: [8] Indirect modification of overloaded property IndexAction::$ads has no effect /Users/linhuazhu/getCode/dev/HuiGL/Home/Lib/Action/IndexAction.class.php 第 86 行.
NOTIC: [8] Indirect modification of overloaded property IndexAction::$ads has no effect /Users/linhuazhu/getCode/dev/HuiGL/Home/Lib/Action/IndexAction.class.php 第 86 行.
NOTIC: [8] Indirect modification of overloaded property IndexAction::$ads has no effect /Users/linhuazhu/getCode/dev/HuiGL/Home/Lib/Action/IndexAction.class.php 第 86 行.
SQL: SHOW COLUMNS FROM monkey.t_monkey_partner_info [ RunTime:0.001698s ]
SQL: SELECT * FROM monkey.t_monkey_partner_info WHERE ( partner_id IN (5,6,1,2,3,4) )  [ RunTime:0.000372s ]

[ 2013-11-26T18:26:27+08:00 ] 127.0.0.1 /HuiGl/index.php
INFO: [ app_begin ] --START--
INFO: ReadHtmlCache Behavior ::run [ RunTime:0.000122s ]
INFO: [ app_begin ] --END-- [ RunTime:0.000221s ]
SQL: SHOW COLUMNS FROM monkey.t_monkey_cms_index [ RunTime:0.002676s ]
SQL: SELECT * FROM monkey.t_monkey_cms_index WHERE ( status=1 ) ORDER BY weight DESC  [ RunTime:0.000480s ]
NOTIC: [8] Indirect modification of overloaded property IndexAction::$ads has no effect /Users/linhuazhu/getCode/dev/HuiGL/Home/Lib/Action/IndexAction.class.php 第 85 行.
NOTIC: [8] Indirect modification of overloaded property IndexAction::$ads has no effect /Users/linhuazhu/getCode/dev/HuiGL/Home/Lib/Action/IndexAction.class.php 第 85 行.
NOTIC: [8] Indirect modification of overloaded property IndexAction::$ads has no effect /Users/linhuazhu/getCode/dev/HuiGL/Home/Lib/Action/IndexAction.class.php 第 85 行.
SQL: SHOW COLUMNS FROM monkey.t_monkey_partner_info [ RunTime:0.001700s ]
SQL: SELECT * FROM monkey.t_monkey_partner_info WHERE ( partner_id IN (5,6,1,2,3,4) )  [ RunTime:0.000347s ]

[ 2013-11-26T18:41:30+08:00 ] 127.0.0.1 /HuiGl/index.php
INFO: [ app_begin ] --START--
INFO: ReadHtmlCache Behavior ::run [ RunTime:0.000088s ]
INFO: [ app_begin ] --END-- [ RunTime:0.000151s ]
SQL: SHOW COLUMNS FROM monkey.t_monkey_cms_index [ RunTime:0.003091s ]
SQL: SELECT * FROM monkey.t_monkey_cms_index WHERE ( status=1 ) ORDER BY weight DESC  [ RunTime:0.000392s ]
NOTIC: [8] Indirect modification of overloaded property IndexAction::$ads has no effect /Users/linhuazhu/getCode/dev/HuiGL/Home/Lib/Action/IndexAction.class.php 第 91 行.
NOTIC: [8] Indirect modification of overloaded property IndexAction::$ads has no effect /Users/linhuazhu/getCode/dev/HuiGL/Home/Lib/Action/IndexAction.class.php 第 91 行.
NOTIC: [8] Indirect modification of overloaded property IndexAction::$ads has no effect /Users/linhuazhu/getCode/dev/HuiGL/Home/Lib/Action/IndexAction.class.php 第 91 行.
SQL: SHOW COLUMNS FROM monkey.t_monkey_partner_info [ RunTime:0.001336s ]
SQL: SELECT * FROM monkey.t_monkey_partner_info WHERE ( partner_id IN (1,2,3,4,5,6,7,8,9) )  [ RunTime:0.000246s ]
SQL: SHOW COLUMNS FROM monkey.t_monkey_partner_info [ RunTime:0.001494s ]
SQL: SELECT * FROM monkey.t_monkey_partner_info WHERE ( partner_id IN (5,6,1,2,3,4) )  [ RunTime:0.000288s ]

[ 2013-11-26T18:54:39+08:00 ] 127.0.0.1 /HuiGl/index.php
INFO: [ app_begin ] --START--
INFO: ReadHtmlCache Behavior ::run [ RunTime:0.000074s ]
INFO: [ app_begin ] --END-- [ RunTime:0.000135s ]
SQL: SHOW COLUMNS FROM monkey.t_monkey_cms_index [ RunTime:0.002669s ]
SQL: SELECT * FROM monkey.t_monkey_cms_index WHERE ( status=1 ) ORDER BY weight DESC  [ RunTime:0.000327s ]
NOTIC: [8] Indirect modification of overloaded property IndexAction::$ads has no effect /Users/linhuazhu/getCode/dev/HuiGL/Home/Lib/Action/IndexAction.class.php 第 93 行.
NOTIC: [8] Indirect modification of overloaded property IndexAction::$ads has no effect /Users/linhuazhu/getCode/dev/HuiGL/Home/Lib/Action/IndexAction.class.php 第 93 行.
NOTIC: [8] Indirect modification of overloaded property IndexAction::$ads has no effect /Users/linhuazhu/getCode/dev/HuiGL/Home/Lib/Action/IndexAction.class.php 第 93 行.

[ 2013-11-26T18:55:32+08:00 ] 127.0.0.1 /HuiGl/index.php
INFO: [ app_begin ] --START--
INFO: ReadHtmlCache Behavior ::run [ RunTime:0.000130s ]
INFO: [ app_begin ] --END-- [ RunTime:0.000232s ]
SQL: SHOW COLUMNS FROM monkey.t_monkey_cms_index [ RunTime:0.002768s ]
SQL: SELECT * FROM monkey.t_monkey_cms_index WHERE ( status=1 ) ORDER BY weight DESC  [ RunTime:0.000368s ]
NOTIC: [8] Indirect modification of overloaded property IndexAction::$ads has no effect /Users/linhuazhu/getCode/dev/HuiGL/Home/Lib/Action/IndexAction.class.php 第 95 行.
NOTIC: [8] Indirect modification of overloaded property IndexAction::$ads has no effect /Users/linhuazhu/getCode/dev/HuiGL/Home/Lib/Action/IndexAction.class.php 第 95 行.
NOTIC: [8] Indirect modification of overloaded property IndexAction::$ads has no effect /Users/linhuazhu/getCode/dev/HuiGL/Home/Lib/Action/IndexAction.class.php 第 95 行.

[ 2013-11-26T18:55:33+08:00 ] 127.0.0.1 /HuiGl/index.php
INFO: [ app_begin ] --START--
INFO: ReadHtmlCache Behavior ::run [ RunTime:0.000106s ]
INFO: [ app_begin ] --END-- [ RunTime:0.000188s ]
SQL: SHOW COLUMNS FROM monkey.t_monkey_cms_index [ RunTime:0.002865s ]
SQL: SELECT * FROM monkey.t_monkey_cms_index WHERE ( status=1 ) ORDER BY weight DESC  [ RunTime:0.000444s ]
NOTIC: [8] Indirect modification of overloaded property IndexAction::$ads has no effect /Users/linhuazhu/getCode/dev/HuiGL/Home/Lib/Action/IndexAction.class.php 第 95 行.
NOTIC: [8] Indirect modification of overloaded property IndexAction::$ads has no effect /Users/linhuazhu/getCode/dev/HuiGL/Home/Lib/Action/IndexAction.class.php 第 95 行.
NOTIC: [8] Indirect modification of overloaded property IndexAction::$ads has no effect /Users/linhuazhu/getCode/dev/HuiGL/Home/Lib/Action/IndexAction.class.php 第 95 行.

[ 2013-11-26T18:55:43+08:00 ] 127.0.0.1 /HuiGl/index.php
INFO: [ app_begin ] --START--
INFO: ReadHtmlCache Behavior ::run [ RunTime:0.000124s ]
INFO: [ app_begin ] --END-- [ RunTime:0.000210s ]
SQL: SHOW COLUMNS FROM monkey.t_monkey_cms_index [ RunTime:0.003046s ]
SQL: SELECT * FROM monkey.t_monkey_cms_index WHERE ( status=1 ) ORDER BY weight DESC  [ RunTime:0.000503s ]
NOTIC: [8] Indirect modification of overloaded property IndexAction::$ads has no effect /Users/linhuazhu/getCode/dev/HuiGL/Home/Lib/Action/IndexAction.class.php 第 96 行.
NOTIC: [8] Indirect modification of overloaded property IndexAction::$ads has no effect /Users/linhuazhu/getCode/dev/HuiGL/Home/Lib/Action/IndexAction.class.php 第 96 行.
NOTIC: [8] Indirect modification of overloaded property IndexAction::$ads has no effect /Users/linhuazhu/getCode/dev/HuiGL/Home/Lib/Action/IndexAction.class.php 第 96 行.

[ 2013-11-26T18:56:32+08:00 ] 127.0.0.1 /HuiGl/index.php
INFO: [ app_begin ] --START--
INFO: ReadHtmlCache Behavior ::run [ RunTime:0.000082s ]
INFO: [ app_begin ] --END-- [ RunTime:0.000149s ]
SQL: SHOW COLUMNS FROM monkey.t_monkey_cms_index [ RunTime:0.003165s ]
SQL: SELECT * FROM monkey.t_monkey_cms_index WHERE ( status=1 ) ORDER BY weight DESC  [ RunTime:0.000421s ]
SQL: SHOW COLUMNS FROM monkey.t_monkey_ad [ RunTime:0.002406s ]
NOTIC: [8] Undefined variable: adsHelper /Users/linhuazhu/getCode/dev/HuiGL/Home/Lib/Action/IndexAction.class.php 第 42 行.

[ 2013-11-26T18:58:01+08:00 ] 127.0.0.1 /HuiGl/index.php
INFO: [ app_begin ] --START--
INFO: ReadHtmlCache Behavior ::run [ RunTime:0.000077s ]
INFO: [ app_begin ] --END-- [ RunTime:0.000140s ]
SQL: SHOW COLUMNS FROM monkey.t_monkey_cms_index [ RunTime:0.002761s ]
SQL: SELECT * FROM monkey.t_monkey_cms_index WHERE ( status=1 ) ORDER BY weight DESC  [ RunTime:0.000470s ]
SQL: SHOW COLUMNS FROM monkey.t_monkey_ad [ RunTime:0.002207s ]
SQL: SELECT * FROM monkey.t_monkey_ad WHERE ( id IN (1,2,3) )  [ RunTime:0.000344s ]

[ 2013-11-26T19:05:23+08:00 ] 127.0.0.1 /HuiGl/index.php
INFO: [ app_begin ] --START--
INFO: ReadHtmlCache Behavior ::run [ RunTime:0.000139s ]
INFO: [ app_begin ] --END-- [ RunTime:0.000244s ]
SQL: SHOW COLUMNS FROM monkey.t_monkey_cms_index [ RunTime:0.057526s ]
SQL: SELECT * FROM monkey.t_monkey_cms_index WHERE ( status=1 ) ORDER BY weight DESC  [ RunTime:0.000543s ]

[ 2013-11-26T19:05:37+08:00 ] 127.0.0.1 /HuiGl/index.php
INFO: [ app_begin ] --START--
INFO: ReadHtmlCache Behavior ::run [ RunTime:0.000149s ]
INFO: [ app_begin ] --END-- [ RunTime:0.000253s ]
SQL: SHOW COLUMNS FROM monkey.t_monkey_cms_index [ RunTime:0.002680s ]
SQL: SELECT * FROM monkey.t_monkey_cms_index WHERE ( status=1 ) ORDER BY weight DESC  [ RunTime:0.000466s ]
SQL: SHOW COLUMNS FROM monkey.t_monkey_news [ RunTime:0.001839s ]
ERR: Model:getNewsById您所请求的方法不存在！

[ 2013-11-26T19:05:52+08:00 ] 127.0.0.1 /HuiGl/index.php
INFO: [ app_begin ] --START--
INFO: ReadHtmlCache Behavior ::run [ RunTime:0.000141s ]
INFO: [ app_begin ] --END-- [ RunTime:0.000252s ]
SQL: SHOW COLUMNS FROM monkey.t_monkey_cms_index [ RunTime:0.003010s ]
SQL: SELECT * FROM monkey.t_monkey_cms_index WHERE ( status=1 ) ORDER BY weight DESC  [ RunTime:0.000474s ]
SQL: SHOW COLUMNS FROM monkey.t_monkey_news [ RunTime:0.001257s ]
SQL: SELECT * FROM monkey.t_monkey_news WHERE ( id IN (1,5,4,3,2,6) )  [ RunTime:0.000133s ]
ERR: 1054:Unknown column 'id' in 'where clause'
 [ SQL语句 ] : SELECT * FROM monkey.t_monkey_news WHERE ( id IN (1,5,4,3,2,6) ) 

[ 2013-11-26T19:06:05+08:00 ] 127.0.0.1 /HuiGl/index.php
INFO: [ app_begin ] --START--
INFO: ReadHtmlCache Behavior ::run [ RunTime:0.000071s ]
INFO: [ app_begin ] --END-- [ RunTime:0.000134s ]
SQL: SHOW COLUMNS FROM monkey.t_monkey_cms_index [ RunTime:0.004620s ]
SQL: SELECT * FROM monkey.t_monkey_cms_index WHERE ( status=1 ) ORDER BY weight DESC  [ RunTime:0.000650s ]
SQL: SHOW COLUMNS FROM monkey.t_monkey_news [ RunTime:0.002327s ]
SQL: SELECT * FROM monkey.t_monkey_news WHERE ( id IN (1,5,4,3,2,6) )  [ RunTime:0.000179s ]
ERR: 1054:Unknown column 'id' in 'where clause'
 [ SQL语句 ] : SELECT * FROM monkey.t_monkey_news WHERE ( id IN (1,5,4,3,2,6) ) 

[ 2013-11-26T19:06:27+08:00 ] 127.0.0.1 /HuiGl/index.php
INFO: [ app_begin ] --START--
INFO: ReadHtmlCache Behavior ::run [ RunTime:0.000122s ]
INFO: [ app_begin ] --END-- [ RunTime:0.000203s ]
SQL: SHOW COLUMNS FROM monkey.t_monkey_cms_index [ RunTime:0.002786s ]
SQL: SELECT * FROM monkey.t_monkey_cms_index WHERE ( status=1 ) ORDER BY weight DESC  [ RunTime:0.000382s ]
SQL: SHOW COLUMNS FROM monkey.t_monkey_news [ RunTime:0.001057s ]
SQL: SELECT * FROM monkey.t_monkey_news WHERE ( id IN (1,5,4,3,2,6) )  [ RunTime:0.000141s ]
ERR: 1054:Unknown column 'id' in 'where clause'
 [ SQL语句 ] : SELECT * FROM monkey.t_monkey_news WHERE ( id IN (1,5,4,3,2,6) ) 

[ 2013-11-26T19:06:52+08:00 ] 127.0.0.1 /HuiGl/index.php
INFO: [ app_begin ] --START--
INFO: ReadHtmlCache Behavior ::run [ RunTime:0.000138s ]
INFO: [ app_begin ] --END-- [ RunTime:0.000237s ]
SQL: SHOW COLUMNS FROM monkey.t_monkey_cms_index [ RunTime:0.002970s ]
SQL: SELECT * FROM monkey.t_monkey_cms_index WHERE ( status=1 ) ORDER BY weight DESC  [ RunTime:0.000455s ]
SQL: SHOW COLUMNS FROM monkey.t_monkey_news [ RunTime:0.001223s ]
SQL: SELECT * FROM monkey.t_monkey_news WHERE ( news_id IN (1,5,4,3,2,6) )  [ RunTime:0.000212s ]

[ 2013-11-26T19:13:30+08:00 ] 127.0.0.1 /HuiGl/index.php
INFO: [ app_begin ] --START--
INFO: ReadHtmlCache Behavior ::run [ RunTime:0.000128s ]
INFO: [ app_begin ] --END-- [ RunTime:0.000224s ]
SQL: SHOW COLUMNS FROM monkey.t_monkey_cms_index [ RunTime:0.003158s ]
SQL: SELECT * FROM monkey.t_monkey_cms_index WHERE ( status=1 ) ORDER BY weight DESC  [ RunTime:0.000397s ]
SQL: SHOW COLUMNS FROM monkey.t_monkey_news [ RunTime:0.001443s ]
SQL: SELECT * FROM monkey.t_monkey_news WHERE ( news_id IN (1,5,4,3,2,6) )  [ RunTime:0.000339s ]
SQL: SHOW COLUMNS FROM monkey.t_monkey_ad [ RunTime:0.003970s ]
SQL: SELECT * FROM monkey.t_monkey_ad WHERE ( id IN (1,2,3) )  [ RunTime:0.000306s ]
SQL: SHOW COLUMNS FROM monkey.t_monkey_partner_info [ RunTime:0.001726s ]
SQL: SELECT * FROM monkey.t_monkey_partner_info WHERE ( partner_id IN (1,2,3,4,5,6,7,8,9) )  [ RunTime:0.000291s ]
SQL: SHOW COLUMNS FROM monkey.t_monkey_partner_info [ RunTime:0.001298s ]
SQL: SELECT * FROM monkey.t_monkey_partner_info WHERE ( partner_id IN (5,6,1,2,3,4) )  [ RunTime:0.000345s ]
INFO: [ view_parse ] --START--
INFO: ParseTemplate Behavior ::run [ RunTime:0.030825s ]
INFO: [ view_parse ] --END-- [ RunTime:0.030897s ]
INFO: [ view_filter ] --START--
INFO: ContentReplace Behavior ::run [ RunTime:0.000263s ]
INFO: TokenBuild Behavior ::run [ RunTime:0.000188s ]
INFO: WriteHtmlCache Behavior ::run [ RunTime:0.000133s ]
INFO: ShowRuntime Behavior ::run [ RunTime:0.000185s ]
INFO: [ view_filter ] --END-- [ RunTime:0.000909s ]
INFO: [ view_end ] --START--
INFO: ShowPageTrace Behavior ::run [ RunTime:0.000196s ]
INFO: [ view_end ] --END-- [ RunTime:0.000267s ]

[ 2013-11-26T19:13:31+08:00 ] 127.0.0.1 /HuiGl/index.php
INFO: [ app_begin ] --START--
INFO: ReadHtmlCache Behavior ::run [ RunTime:0.000125s ]
INFO: [ app_begin ] --END-- [ RunTime:0.000223s ]
SQL: SHOW COLUMNS FROM monkey.t_monkey_cms_index [ RunTime:0.002796s ]
SQL: SELECT * FROM monkey.t_monkey_cms_index WHERE ( status=1 ) ORDER BY weight DESC  [ RunTime:0.000541s ]
SQL: SHOW COLUMNS FROM monkey.t_monkey_news [ RunTime:0.001835s ]
SQL: SELECT * FROM monkey.t_monkey_news WHERE ( news_id IN (1,5,4,3,2,6) )  [ RunTime:0.000580s ]
SQL: SHOW COLUMNS FROM monkey.t_monkey_ad [ RunTime:0.003300s ]
SQL: SELECT * FROM monkey.t_monkey_ad WHERE ( id IN (1,2,3) )  [ RunTime:0.000341s ]
SQL: SHOW COLUMNS FROM monkey.t_monkey_partner_info [ RunTime:0.001794s ]
SQL: SELECT * FROM monkey.t_monkey_partner_info WHERE ( partner_id IN (1,2,3,4,5,6,7,8,9) )  [ RunTime:0.000416s ]
SQL: SHOW COLUMNS FROM monkey.t_monkey_partner_info [ RunTime:0.001877s ]
SQL: SELECT * FROM monkey.t_monkey_partner_info WHERE ( partner_id IN (5,6,1,2,3,4) )  [ RunTime:0.000398s ]
INFO: [ view_parse ] --START--
INFO: ParseTemplate Behavior ::run [ RunTime:0.009152s ]
INFO: [ view_parse ] --END-- [ RunTime:0.009252s ]
INFO: [ view_filter ] --START--
INFO: ContentReplace Behavior ::run [ RunTime:0.000174s ]
INFO: TokenBuild Behavior ::run [ RunTime:0.000069s ]
INFO: WriteHtmlCache Behavior ::run [ RunTime:0.000059s ]
INFO: ShowRuntime Behavior ::run [ RunTime:0.000152s ]
INFO: [ view_filter ] --END-- [ RunTime:0.000606s ]
INFO: [ view_end ] --START--
INFO: ShowPageTrace Behavior ::run [ RunTime:0.000108s ]
INFO: [ view_end ] --END-- [ RunTime:0.000174s ]

[ 2013-11-26T19:13:56+08:00 ] 127.0.0.1 /HuiGl/index.php
INFO: [ app_begin ] --START--
INFO: ReadHtmlCache Behavior ::run [ RunTime:0.000105s ]
INFO: [ app_begin ] --END-- [ RunTime:0.000190s ]
SQL: SHOW COLUMNS FROM monkey.t_monkey_cms_index [ RunTime:0.002953s ]
SQL: SELECT * FROM monkey.t_monkey_cms_index WHERE ( status=1 ) ORDER BY weight DESC  [ RunTime:0.000431s ]
SQL: SHOW COLUMNS FROM monkey.t_monkey_news [ RunTime:0.001665s ]
SQL: SELECT * FROM monkey.t_monkey_news WHERE ( news_id IN (1,5,4,3,2,6) )  [ RunTime:0.000335s ]
SQL: SHOW COLUMNS FROM monkey.t_monkey_ad [ RunTime:0.001781s ]
SQL: SELECT * FROM monkey.t_monkey_ad WHERE ( id IN (1,2,3) )  [ RunTime:0.000373s ]
SQL: SHOW COLUMNS FROM monkey.t_monkey_partner_info [ RunTime:0.001752s ]
SQL: SELECT * FROM monkey.t_monkey_partner_info WHERE ( partner_id IN (1,2,3,4,5,6,7,8,9) )  [ RunTime:0.000392s ]
SQL: SHOW COLUMNS FROM monkey.t_monkey_partner_info [ RunTime:0.001945s ]
SQL: SELECT * FROM monkey.t_monkey_partner_info WHERE ( partner_id IN (5,6,1,2,3,4) )  [ RunTime:0.000390s ]
INFO: [ view_parse ] --START--
INFO: ParseTemplate Behavior ::run [ RunTime:0.010669s ]
INFO: [ view_parse ] --END-- [ RunTime:0.010762s ]
INFO: [ view_filter ] --START--
INFO: ContentReplace Behavior ::run [ RunTime:0.000226s ]
INFO: TokenBuild Behavior ::run [ RunTime:0.000094s ]
INFO: WriteHtmlCache Behavior ::run [ RunTime:0.000075s ]
INFO: ShowRuntime Behavior ::run [ RunTime:0.000120s ]
INFO: [ view_filter ] --END-- [ RunTime:0.000665s ]
INFO: [ view_end ] --START--
INFO: ShowPageTrace Behavior ::run [ RunTime:0.000125s ]
INFO: [ view_end ] --END-- [ RunTime:0.000191s ]

[ 2013-11-26T19:14:15+08:00 ] 127.0.0.1 /HuiGl/index.php
INFO: [ app_begin ] --START--
INFO: ReadHtmlCache Behavior ::run [ RunTime:0.000130s ]
INFO: [ app_begin ] --END-- [ RunTime:0.000226s ]
SQL: SHOW COLUMNS FROM monkey.t_monkey_cms_index [ RunTime:0.003132s ]
SQL: SELECT * FROM monkey.t_monkey_cms_index WHERE ( status=1 ) ORDER BY weight DESC  [ RunTime:0.000565s ]
SQL: SHOW COLUMNS FROM monkey.t_monkey_news [ RunTime:0.001415s ]
SQL: SELECT * FROM monkey.t_monkey_news WHERE ( news_id IN (1,5,4,3,2,6) )  [ RunTime:0.000290s ]
SQL: SHOW COLUMNS FROM monkey.t_monkey_ad [ RunTime:0.001891s ]
SQL: SELECT * FROM monkey.t_monkey_ad WHERE ( id IN (1,2,3) )  [ RunTime:0.000361s ]
SQL: SHOW COLUMNS FROM monkey.t_monkey_partner_info [ RunTime:0.002081s ]
SQL: SELECT * FROM monkey.t_monkey_partner_info WHERE ( partner_id IN (1,2,3,4,5,6,7,8,9) )  [ RunTime:0.000330s ]
SQL: SHOW COLUMNS FROM monkey.t_monkey_partner_info [ RunTime:0.002277s ]
SQL: SELECT * FROM monkey.t_monkey_partner_info WHERE ( partner_id IN (5,6,1,2,3,4) )  [ RunTime:0.000436s ]
INFO: [ view_parse ] --START--
INFO: ParseTemplate Behavior ::run [ RunTime:0.012000s ]
INFO: [ view_parse ] --END-- [ RunTime:0.012092s ]
INFO: [ view_filter ] --START--
INFO: ContentReplace Behavior ::run [ RunTime:0.000164s ]
INFO: TokenBuild Behavior ::run [ RunTime:0.000082s ]
INFO: WriteHtmlCache Behavior ::run [ RunTime:0.000066s ]
INFO: ShowRuntime Behavior ::run [ RunTime:0.000099s ]
INFO: [ view_filter ] --END-- [ RunTime:0.000519s ]
INFO: [ view_end ] --START--
INFO: ShowPageTrace Behavior ::run [ RunTime:0.000123s ]
INFO: [ view_end ] --END-- [ RunTime:0.000197s ]

[ 2013-11-26T19:22:30+08:00 ] 127.0.0.1 /HuiGl/index.php
INFO: [ app_begin ] --START--
INFO: ReadHtmlCache Behavior ::run [ RunTime:0.000075s ]
INFO: [ app_begin ] --END-- [ RunTime:0.000135s ]
SQL: SHOW COLUMNS FROM monkey.t_monkey_cms_index [ RunTime:0.089839s ]
SQL: SELECT * FROM monkey.t_monkey_cms_index WHERE ( status=1 ) ORDER BY weight DESC  [ RunTime:0.000416s ]
SQL: SHOW COLUMNS FROM monkey.t_monkey_news [ RunTime:0.001499s ]
SQL: SELECT * FROM monkey.t_monkey_news WHERE ( news_id IN (1,5,4,3,2,6) )  [ RunTime:0.000303s ]
SQL: SHOW COLUMNS FROM monkey.t_monkey_ad [ RunTime:0.001422s ]
SQL: SELECT * FROM monkey.t_monkey_ad WHERE ( id IN (1,2,3) )  [ RunTime:0.000309s ]
SQL: SHOW COLUMNS FROM monkey.t_monkey_partner_info [ RunTime:0.001281s ]
SQL: SELECT * FROM monkey.t_monkey_partner_info WHERE ( partner_id IN (1,2,3,4,5,6,7,8,9) )  [ RunTime:0.000257s ]
SQL: SHOW COLUMNS FROM monkey.t_monkey_partner_info [ RunTime:0.001263s ]
SQL: SELECT * FROM monkey.t_monkey_partner_info WHERE ( partner_id IN (5,6,1,2,3,4) )  [ RunTime:0.000279s ]
INFO: [ view_parse ] --START--
INFO: ParseTemplate Behavior ::run [ RunTime:0.031319s ]
INFO: [ view_parse ] --END-- [ RunTime:0.031413s ]
INFO: [ view_filter ] --START--
INFO: ContentReplace Behavior ::run [ RunTime:0.000253s ]
INFO: TokenBuild Behavior ::run [ RunTime:0.000158s ]
INFO: WriteHtmlCache Behavior ::run [ RunTime:0.000089s ]
INFO: ShowRuntime Behavior ::run [ RunTime:0.000171s ]
INFO: [ view_filter ] --END-- [ RunTime:0.000862s ]
INFO: [ view_end ] --START--
INFO: ShowPageTrace Behavior ::run [ RunTime:0.000141s ]
INFO: [ view_end ] --END-- [ RunTime:0.000211s ]

[ 2013-11-26T19:22:59+08:00 ] 127.0.0.1 /HuiGl/index.php
INFO: [ app_begin ] --START--
INFO: ReadHtmlCache Behavior ::run [ RunTime:0.000089s ]
INFO: [ app_begin ] --END-- [ RunTime:0.000161s ]
SQL: SHOW COLUMNS FROM monkey.t_monkey_cms_index [ RunTime:0.002720s ]
SQL: SELECT * FROM monkey.t_monkey_cms_index WHERE ( status=1 ) ORDER BY weight DESC  [ RunTime:0.000370s ]
SQL: SHOW COLUMNS FROM monkey.t_monkey_news [ RunTime:0.001619s ]
SQL: SELECT * FROM monkey.t_monkey_news WHERE ( news_id IN (1,5,4,3,2,6) )  [ RunTime:0.000285s ]
SQL: SHOW COLUMNS FROM monkey.t_monkey_ad [ RunTime:0.001622s ]
SQL: SELECT * FROM monkey.t_monkey_ad WHERE ( id IN (1,2,3) )  [ RunTime:0.000313s ]
SQL: SHOW COLUMNS FROM monkey.t_monkey_partner_info [ RunTime:0.002395s ]
SQL: SELECT * FROM monkey.t_monkey_partner_info WHERE ( partner_id IN (1,2,3,4,5,6,7,8,9) )  [ RunTime:0.000312s ]
SQL: SHOW COLUMNS FROM monkey.t_monkey_partner_info [ RunTime:0.001474s ]
SQL: SELECT * FROM monkey.t_monkey_partner_info WHERE ( partner_id IN (5,6,1,2,3,4) )  [ RunTime:0.000301s ]
INFO: [ view_parse ] --START--
INFO: ParseTemplate Behavior ::run [ RunTime:0.013379s ]
INFO: [ view_parse ] --END-- [ RunTime:0.013488s ]
INFO: [ view_filter ] --START--
INFO: ContentReplace Behavior ::run [ RunTime:0.000197s ]
INFO: TokenBuild Behavior ::run [ RunTime:0.000084s ]
INFO: WriteHtmlCache Behavior ::run [ RunTime:0.000049s ]
INFO: ShowRuntime Behavior ::run [ RunTime:0.000095s ]
INFO: [ view_filter ] --END-- [ RunTime:0.000545s ]
INFO: [ view_end ] --START--
INFO: ShowPageTrace Behavior ::run [ RunTime:0.000118s ]
INFO: [ view_end ] --END-- [ RunTime:0.000185s ]

[ 2013-11-26T19:23:08+08:00 ] 127.0.0.1 /HuiGl/index.php
INFO: [ app_begin ] --START--
INFO: ReadHtmlCache Behavior ::run [ RunTime:0.000113s ]
INFO: [ app_begin ] --END-- [ RunTime:0.000249s ]
SQL: SHOW COLUMNS FROM monkey.t_monkey_cms_index [ RunTime:0.016737s ]
SQL: SELECT * FROM monkey.t_monkey_cms_index WHERE ( status=1 ) ORDER BY weight DESC  [ RunTime:0.000537s ]
SQL: SHOW COLUMNS FROM monkey.t_monkey_news [ RunTime:0.001414s ]
SQL: SELECT * FROM monkey.t_monkey_news WHERE ( news_id IN (1,5,4,3,2,6) )  [ RunTime:0.000324s ]
SQL: SHOW COLUMNS FROM monkey.t_monkey_ad [ RunTime:0.001881s ]
SQL: SELECT * FROM monkey.t_monkey_ad WHERE ( id IN (1,2,3) )  [ RunTime:0.000280s ]
SQL: SHOW COLUMNS FROM monkey.t_monkey_partner_info [ RunTime:0.001339s ]
SQL: SELECT * FROM monkey.t_monkey_partner_info WHERE ( partner_id IN (1,2,3,4,5,6,7,8,9) )  [ RunTime:0.000285s ]
SQL: SHOW COLUMNS FROM monkey.t_monkey_partner_info [ RunTime:0.001583s ]
SQL: SELECT * FROM monkey.t_monkey_partner_info WHERE ( partner_id IN (5,6,1,2,3,4) )  [ RunTime:0.000384s ]
INFO: [ view_parse ] --START--
INFO: ParseTemplate Behavior ::run [ RunTime:0.009724s ]
INFO: [ view_parse ] --END-- [ RunTime:0.009791s ]
INFO: [ view_filter ] --START--
INFO: ContentReplace Behavior ::run [ RunTime:0.000150s ]
INFO: TokenBuild Behavior ::run [ RunTime:0.000073s ]
INFO: WriteHtmlCache Behavior ::run [ RunTime:0.000044s ]
INFO: ShowRuntime Behavior ::run [ RunTime:0.000087s ]
INFO: [ view_filter ] --END-- [ RunTime:0.000451s ]
INFO: [ view_end ] --START--
INFO: ShowPageTrace Behavior ::run [ RunTime:0.000073s ]
INFO: [ view_end ] --END-- [ RunTime:0.000111s ]

[ 2013-11-26T19:23:13+08:00 ] 127.0.0.1 /HuiGl/index.php?m=Coupon&a=coupon
INFO: [ app_begin ] --START--
INFO: ReadHtmlCache Behavior ::run [ RunTime:0.000131s ]
INFO: [ app_begin ] --END-- [ RunTime:0.000229s ]
SQL: SHOW COLUMNS FROM monkey.t_monkey_coupon_info [ RunTime:0.016566s ]
SQL: SELECT * FROM monkey.t_monkey_coupon_info WHERE (  1 = 1 )  [ RunTime:0.000420s ]
SQL: SHOW COLUMNS FROM monkey.t_monkey_ad [ RunTime:0.001952s ]
SQL: SELECT * FROM monkey.t_monkey_ad WHERE (  1 = 1 )  [ RunTime:0.000570s ]
INFO: [ view_parse ] --START--
INFO: ParseTemplate Behavior ::run [ RunTime:0.075811s ]
INFO: [ view_parse ] --END-- [ RunTime:0.075933s ]
INFO: [ view_filter ] --START--
INFO: ContentReplace Behavior ::run [ RunTime:0.000265s ]
INFO: TokenBuild Behavior ::run [ RunTime:0.000178s ]
INFO: WriteHtmlCache Behavior ::run [ RunTime:0.000150s ]
INFO: ShowRuntime Behavior ::run [ RunTime:0.000239s ]
INFO: [ view_filter ] --END-- [ RunTime:0.001096s ]
INFO: [ view_end ] --START--
INFO: ShowPageTrace Behavior ::run [ RunTime:0.000174s ]
INFO: [ view_end ] --END-- [ RunTime:0.000273s ]

[ 2013-11-26T19:23:15+08:00 ] 127.0.0.1 /HuiGl/index.php
INFO: [ app_begin ] --START--
INFO: ReadHtmlCache Behavior ::run [ RunTime:0.000127s ]
INFO: [ app_begin ] --END-- [ RunTime:0.000269s ]
SQL: SHOW COLUMNS FROM monkey.t_monkey_cms_index [ RunTime:0.006002s ]
SQL: SELECT * FROM monkey.t_monkey_cms_index WHERE ( status=1 ) ORDER BY weight DESC  [ RunTime:0.000603s ]
SQL: SHOW COLUMNS FROM monkey.t_monkey_news [ RunTime:0.002058s ]
SQL: SELECT * FROM monkey.t_monkey_news WHERE ( news_id IN (1,5,4,3,2,6) )  [ RunTime:0.000405s ]
SQL: SHOW COLUMNS FROM monkey.t_monkey_ad [ RunTime:0.002473s ]
SQL: SELECT * FROM monkey.t_monkey_ad WHERE ( id IN (1,2,3) )  [ RunTime:0.000433s ]
SQL: SHOW COLUMNS FROM monkey.t_monkey_partner_info [ RunTime:0.002149s ]
SQL: SELECT * FROM monkey.t_monkey_partner_info WHERE ( partner_id IN (1,2,3,4,5,6,7,8,9) )  [ RunTime:0.000468s ]
SQL: SHOW COLUMNS FROM monkey.t_monkey_partner_info [ RunTime:0.001591s ]
SQL: SELECT * FROM monkey.t_monkey_partner_info WHERE ( partner_id IN (5,6,1,2,3,4) )  [ RunTime:0.000421s ]
INFO: [ view_parse ] --START--
INFO: ParseTemplate Behavior ::run [ RunTime:0.011997s ]
INFO: [ view_parse ] --END-- [ RunTime:0.012095s ]
INFO: [ view_filter ] --START--
INFO: ContentReplace Behavior ::run [ RunTime:0.000157s ]
INFO: TokenBuild Behavior ::run [ RunTime:0.000110s ]
INFO: WriteHtmlCache Behavior ::run [ RunTime:0.000061s ]
INFO: ShowRuntime Behavior ::run [ RunTime:0.000137s ]
INFO: [ view_filter ] --END-- [ RunTime:0.000614s ]
INFO: [ view_end ] --START--
INFO: ShowPageTrace Behavior ::run [ RunTime:0.000101s ]
INFO: [ view_end ] --END-- [ RunTime:0.000164s ]

[ 2013-11-26T19:25:27+08:00 ] 127.0.0.1 /HuiGl/index.php
INFO: [ app_begin ] --START--
INFO: ReadHtmlCache Behavior ::run [ RunTime:0.000149s ]
INFO: [ app_begin ] --END-- [ RunTime:0.000332s ]
SQL: SHOW COLUMNS FROM monkey.t_monkey_cms_index [ RunTime:0.003154s ]
SQL: SELECT * FROM monkey.t_monkey_cms_index WHERE ( status=1 ) ORDER BY weight DESC  [ RunTime:0.000383s ]
SQL: SHOW COLUMNS FROM monkey.t_monkey_news [ RunTime:0.001080s ]
SQL: SELECT * FROM monkey.t_monkey_news WHERE ( news_id IN (1,5,4,3,2,6) )  [ RunTime:0.000225s ]
SQL: SHOW COLUMNS FROM monkey.t_monkey_ad [ RunTime:0.001375s ]
SQL: SELECT * FROM monkey.t_monkey_ad WHERE ( id IN (1,2,3) )  [ RunTime:0.000335s ]
SQL: SHOW COLUMNS FROM monkey.t_monkey_partner_info [ RunTime:0.002821s ]
SQL: SELECT * FROM monkey.t_monkey_partner_info WHERE ( partner_id IN (1,2,3,4,5,6,7,8,9) )  [ RunTime:0.000336s ]
SQL: SHOW COLUMNS FROM monkey.t_monkey_partner_info [ RunTime:0.001712s ]
SQL: SELECT * FROM monkey.t_monkey_partner_info WHERE ( partner_id IN (5,6,1,2,3,4) )  [ RunTime:0.000332s ]
INFO: [ view_parse ] --START--
NOTIC: [8] Undefined variable: partner /Users/linhuazhu/getCode/dev/HuiGL/Home/Runtime/Cache/7e4848229090366086cc7eeb3bfc0798.php 第 109 行.
INFO: ParseTemplate Behavior ::run [ RunTime:0.009876s ]
INFO: [ view_parse ] --END-- [ RunTime:0.009936s ]
INFO: [ view_filter ] --START--
INFO: ContentReplace Behavior ::run [ RunTime:0.000147s ]
INFO: TokenBuild Behavior ::run [ RunTime:0.000074s ]
INFO: WriteHtmlCache Behavior ::run [ RunTime:0.000046s ]
INFO: ShowRuntime Behavior ::run [ RunTime:0.000086s ]
INFO: [ view_filter ] --END-- [ RunTime:0.000447s ]
INFO: [ view_end ] --START--
INFO: ShowPageTrace Behavior ::run [ RunTime:0.000071s ]
INFO: [ view_end ] --END-- [ RunTime:0.000108s ]

[ 2013-11-26T19:25:54+08:00 ] 127.0.0.1 /HuiGl/index.php
INFO: [ app_begin ] --START--
INFO: ReadHtmlCache Behavior ::run [ RunTime:0.000165s ]
INFO: [ app_begin ] --END-- [ RunTime:0.000358s ]
SQL: SHOW COLUMNS FROM monkey.t_monkey_cms_index [ RunTime:0.241589s ]
SQL: SELECT * FROM monkey.t_monkey_cms_index WHERE ( status=1 ) ORDER BY weight DESC  [ RunTime:0.000360s ]
SQL: SHOW COLUMNS FROM monkey.t_monkey_news [ RunTime:0.048682s ]
SQL: SELECT * FROM monkey.t_monkey_news WHERE ( news_id IN (1,5,4,3,2,6) )  [ RunTime:0.000285s ]
SQL: SHOW COLUMNS FROM monkey.t_monkey_ad [ RunTime:0.002192s ]
SQL: SELECT * FROM monkey.t_monkey_ad WHERE ( id IN (1,2,3) )  [ RunTime:0.000234s ]
SQL: SHOW COLUMNS FROM monkey.t_monkey_partner_info [ RunTime:0.002161s ]
SQL: SELECT * FROM monkey.t_monkey_partner_info WHERE ( partner_id IN (1,2,3,4,5,6,7,8,9) )  [ RunTime:0.000361s ]
SQL: SHOW COLUMNS FROM monkey.t_monkey_partner_info [ RunTime:0.002254s ]
SQL: SELECT * FROM monkey.t_monkey_partner_info WHERE ( partner_id IN (5,6,1,2,3,4) )  [ RunTime:0.000276s ]
INFO: [ view_parse ] --START--
NOTIC: [8] Undefined variable: partner /Users/linhuazhu/getCode/dev/HuiGL/Home/Runtime/Cache/7e4848229090366086cc7eeb3bfc0798.php 第 109 行.
INFO: ParseTemplate Behavior ::run [ RunTime:0.010428s ]
INFO: [ view_parse ] --END-- [ RunTime:0.010486s ]
INFO: [ view_filter ] --START--
INFO: ContentReplace Behavior ::run [ RunTime:0.000146s ]
INFO: TokenBuild Behavior ::run [ RunTime:0.000075s ]
INFO: WriteHtmlCache Behavior ::run [ RunTime:0.000045s ]
INFO: ShowRuntime Behavior ::run [ RunTime:0.000087s ]
INFO: [ view_filter ] --END-- [ RunTime:0.000446s ]
INFO: [ view_end ] --START--
INFO: ShowPageTrace Behavior ::run [ RunTime:0.000073s ]
INFO: [ view_end ] --END-- [ RunTime:0.000111s ]

[ 2013-11-26T19:26:40+08:00 ] 127.0.0.1 /HuiGl/index.php
INFO: [ app_begin ] --START--
INFO: ReadHtmlCache Behavior ::run [ RunTime:0.000086s ]
INFO: [ app_begin ] --END-- [ RunTime:0.000165s ]
SQL: SHOW COLUMNS FROM monkey.t_monkey_cms_index [ RunTime:0.002807s ]
SQL: SELECT * FROM monkey.t_monkey_cms_index WHERE ( status=1 ) ORDER BY weight DESC  [ RunTime:0.000420s ]
SQL: SHOW COLUMNS FROM monkey.t_monkey_news [ RunTime:0.001419s ]
SQL: SELECT * FROM monkey.t_monkey_news WHERE ( news_id IN (1,5,4,3,2,6) )  [ RunTime:0.000290s ]
SQL: SHOW COLUMNS FROM monkey.t_monkey_ad [ RunTime:0.001995s ]
SQL: SELECT * FROM monkey.t_monkey_ad WHERE ( id IN (1,2,3) )  [ RunTime:0.000357s ]
SQL: SHOW COLUMNS FROM monkey.t_monkey_partner_info [ RunTime:0.002068s ]
SQL: SELECT * FROM monkey.t_monkey_partner_info WHERE ( partner_id IN (1,2,3,4,5,6,7,8,9) )  [ RunTime:0.000272s ]
SQL: SHOW COLUMNS FROM monkey.t_monkey_partner_info [ RunTime:0.001230s ]
SQL: SELECT * FROM monkey.t_monkey_partner_info WHERE ( partner_id IN (5,6,1,2,3,4) )  [ RunTime:0.000230s ]
INFO: [ view_parse ] --START--
INFO: ParseTemplate Behavior ::run [ RunTime:0.010050s ]
INFO: [ view_parse ] --END-- [ RunTime:0.010153s ]
INFO: [ view_filter ] --START--
INFO: ContentReplace Behavior ::run [ RunTime:0.000157s ]
INFO: TokenBuild Behavior ::run [ RunTime:0.000082s ]
INFO: WriteHtmlCache Behavior ::run [ RunTime:0.000049s ]
INFO: ShowRuntime Behavior ::run [ RunTime:0.000092s ]
INFO: [ view_filter ] --END-- [ RunTime:0.000494s ]
INFO: [ view_end ] --START--
INFO: ShowPageTrace Behavior ::run [ RunTime:0.000072s ]
INFO: [ view_end ] --END-- [ RunTime:0.000110s ]

[ 2013-11-26T19:29:19+08:00 ] 127.0.0.1 /HuiGl/index.php
INFO: [ app_begin ] --START--
INFO: ReadHtmlCache Behavior ::run [ RunTime:0.000092s ]
INFO: [ app_begin ] --END-- [ RunTime:0.000161s ]
SQL: SHOW COLUMNS FROM monkey.t_monkey_cms_index [ RunTime:0.013730s ]
SQL: SELECT * FROM monkey.t_monkey_cms_index WHERE ( status=1 ) ORDER BY weight DESC  [ RunTime:0.000502s ]
SQL: SHOW COLUMNS FROM monkey.t_monkey_news [ RunTime:0.001610s ]
SQL: SELECT * FROM monkey.t_monkey_news WHERE ( news_id IN (1,5,4,3,2,6) )  [ RunTime:0.000414s ]
SQL: SHOW COLUMNS FROM monkey.t_monkey_ad [ RunTime:0.002144s ]
SQL: SELECT * FROM monkey.t_monkey_ad WHERE ( id IN (1,2,3) )  [ RunTime:0.000363s ]
SQL: SHOW COLUMNS FROM monkey.t_monkey_partner_info [ RunTime:0.002187s ]
SQL: SELECT * FROM monkey.t_monkey_partner_info WHERE ( partner_id IN (1,2,3,4,5,6,7,8,9) )  [ RunTime:0.000428s ]
SQL: SHOW COLUMNS FROM monkey.t_monkey_partner_info [ RunTime:0.001402s ]
SQL: SELECT * FROM monkey.t_monkey_partner_info WHERE ( partner_id IN (5,6,1,2,3,4) )  [ RunTime:0.000267s ]
INFO: [ view_parse ] --START--
INFO: ParseTemplate Behavior ::run [ RunTime:0.008068s ]
INFO: [ view_parse ] --END-- [ RunTime:0.008136s ]
INFO: [ view_filter ] --START--
INFO: ContentReplace Behavior ::run [ RunTime:0.000140s ]
INFO: TokenBuild Behavior ::run [ RunTime:0.000066s ]
INFO: WriteHtmlCache Behavior ::run [ RunTime:0.000040s ]
INFO: ShowRuntime Behavior ::run [ RunTime:0.000079s ]
INFO: [ view_filter ] --END-- [ RunTime:0.000427s ]
INFO: [ view_end ] --START--
INFO: ShowPageTrace Behavior ::run [ RunTime:0.000102s ]
INFO: [ view_end ] --END-- [ RunTime:0.000166s ]

