[ 2013-11-27T16:42:10+08:00 ] 127.0.0.1 /HuiGl/index.php
INFO: [ app_begin ] --START--
INFO: ReadHtmlCache Behavior ::run [ RunTime:0.000274s ]
INFO: [ app_begin ] --END-- [ RunTime:0.086135s ]
SQL: SHOW COLUMNS FROM monkey.t_monkey_cms_index [ RunTime:0.039945s ]
SQL: SELECT * FROM monkey.t_monkey_cms_index WHERE ( status=1 ) ORDER BY weight DESC  [ RunTime:0.156327s ]
SQL: SHOW COLUMNS FROM monkey.t_monkey_news [ RunTime:0.003034s ]
SQL: SELECT * FROM monkey.t_monkey_news WHERE ( news_id IN (1,5,4,3,2,6) )  [ RunTime:0.000290s ]
SQL: SHOW COLUMNS FROM monkey.t_monkey_ad [ RunTime:0.001586s ]
SQL: SELECT * FROM monkey.t_monkey_ad WHERE ( id IN (1,2,3) )  [ RunTime:0.000593s ]
SQL: SHOW COLUMNS FROM monkey.t_monkey_partner_info [ RunTime:0.001478s ]
SQL: SELECT * FROM monkey.t_monkey_partner_info WHERE ( partner_id IN (1,2,3,4,5,6,7,8,9) )  [ RunTime:0.000291s ]
SQL: SHOW COLUMNS FROM monkey.t_monkey_partner_picture [ RunTime:0.001333s ]
SQL: SELECT * FROM monkey.t_monkey_partner_picture WHERE ( partner_id IN (1,2,3,4,5,6,7,8,9) )  [ RunTime:0.000276s ]

[ 2013-11-27T16:43:01+08:00 ] 127.0.0.1 /HuiGl/index.php
INFO: [ app_begin ] --START--
INFO: ReadHtmlCache Behavior ::run [ RunTime:0.000117s ]
INFO: [ app_begin ] --END-- [ RunTime:0.000261s ]
SQL: SHOW COLUMNS FROM monkey.t_monkey_cms_index [ RunTime:0.003306s ]
SQL: SELECT * FROM monkey.t_monkey_cms_index WHERE ( status=1 ) ORDER BY weight DESC  [ RunTime:0.000446s ]
SQL: SHOW COLUMNS FROM monkey.t_monkey_news [ RunTime:0.001464s ]
SQL: SELECT * FROM monkey.t_monkey_news WHERE ( news_id IN (1,5,4,3,2,6) )  [ RunTime:0.000259s ]
SQL: SHOW COLUMNS FROM monkey.t_monkey_ad [ RunTime:0.003849s ]
SQL: SELECT * FROM monkey.t_monkey_ad WHERE ( id IN (1,2,3) )  [ RunTime:0.000336s ]
SQL: SHOW COLUMNS FROM monkey.t_monkey_partner_info [ RunTime:0.001461s ]
SQL: SELECT * FROM monkey.t_monkey_partner_info WHERE ( partner_id IN (1,2,3,4,5,6,7,8,9) )  [ RunTime:0.000406s ]
SQL: SHOW COLUMNS FROM monkey.t_monkey_partner_picture [ RunTime:0.001582s ]
SQL: SELECT * FROM monkey.t_monkey_partner_picture WHERE ( partner_id IN (1,2,3,4,5,6,7,8,9) )  [ RunTime:0.000321s ]
SQL: SHOW COLUMNS FROM monkey.t_monkey_partner_info [ RunTime:0.001645s ]
SQL: SELECT * FROM monkey.t_monkey_partner_info WHERE ( partner_id IN (5,6,1,2,3,4) )  [ RunTime:0.000391s ]
SQL: SHOW COLUMNS FROM monkey.t_monkey_partner_picture [ RunTime:0.001529s ]
SQL: SELECT * FROM monkey.t_monkey_partner_picture WHERE ( partner_id IN (5,6,1,2,3,4) )  [ RunTime:0.000373s ]
INFO: [ view_parse ] --START--
INFO: ParseTemplate Behavior ::run [ RunTime:0.078415s ]
INFO: [ view_parse ] --END-- [ RunTime:0.078506s ]
INFO: [ view_filter ] --START--
INFO: ContentReplace Behavior ::run [ RunTime:0.000225s ]
INFO: TokenBuild Behavior ::run [ RunTime:0.000166s ]
INFO: WriteHtmlCache Behavior ::run [ RunTime:0.000147s ]
INFO: ShowRuntime Behavior ::run [ RunTime:0.000198s ]
INFO: [ view_filter ] --END-- [ RunTime:0.000837s ]
INFO: [ view_end ] --START--
INFO: ShowPageTrace Behavior ::run [ RunTime:0.000173s ]
INFO: [ view_end ] --END-- [ RunTime:0.000213s ]

[ 2013-11-27T16:43:45+08:00 ] 127.0.0.1 /HuiGl/index.php
INFO: [ app_begin ] --START--
INFO: ReadHtmlCache Behavior ::run [ RunTime:0.000129s ]
INFO: [ app_begin ] --END-- [ RunTime:0.000284s ]
SQL: SHOW COLUMNS FROM monkey.t_monkey_cms_index [ RunTime:0.018050s ]
SQL: SELECT * FROM monkey.t_monkey_cms_index WHERE ( status=1 ) ORDER BY weight DESC  [ RunTime:0.000456s ]
SQL: SHOW COLUMNS FROM monkey.t_monkey_news [ RunTime:0.001404s ]
SQL: SELECT * FROM monkey.t_monkey_news WHERE ( news_id IN (1,5,4,3,2,6) )  [ RunTime:0.000300s ]
SQL: SHOW COLUMNS FROM monkey.t_monkey_ad [ RunTime:0.001825s ]
SQL: SELECT * FROM monkey.t_monkey_ad WHERE ( id IN (1,2,3) )  [ RunTime:0.000295s ]
SQL: SHOW COLUMNS FROM monkey.t_monkey_partner_info [ RunTime:0.001522s ]
SQL: SELECT * FROM monkey.t_monkey_partner_info WHERE ( partner_id IN (1,2,3,4,5,6,7,8,9) )  [ RunTime:0.000287s ]
SQL: SHOW COLUMNS FROM monkey.t_monkey_partner_picture [ RunTime:0.001963s ]
SQL: SELECT * FROM monkey.t_monkey_partner_picture WHERE ( partner_id IN (1,2,3,4,5,6,7,8,9) )  [ RunTime:0.000259s ]
SQL: SHOW COLUMNS FROM monkey.t_monkey_partner_info [ RunTime:0.001283s ]
SQL: SELECT * FROM monkey.t_monkey_partner_info WHERE ( partner_id IN (5,6,1,2,3,4) )  [ RunTime:0.000221s ]
SQL: SHOW COLUMNS FROM monkey.t_monkey_partner_picture [ RunTime:0.001298s ]
SQL: SELECT * FROM monkey.t_monkey_partner_picture WHERE ( partner_id IN (5,6,1,2,3,4) )  [ RunTime:0.000303s ]
INFO: [ view_parse ] --START--
INFO: ParseTemplate Behavior ::run [ RunTime:0.009784s ]
INFO: [ view_parse ] --END-- [ RunTime:0.009852s ]
INFO: [ view_filter ] --START--
INFO: ContentReplace Behavior ::run [ RunTime:0.000147s ]
INFO: TokenBuild Behavior ::run [ RunTime:0.000075s ]
INFO: WriteHtmlCache Behavior ::run [ RunTime:0.000044s ]
INFO: ShowRuntime Behavior ::run [ RunTime:0.000086s ]
INFO: [ view_filter ] --END-- [ RunTime:0.000447s ]
INFO: [ view_end ] --START--
INFO: ShowPageTrace Behavior ::run [ RunTime:0.000073s ]
INFO: [ view_end ] --END-- [ RunTime:0.000111s ]

[ 2013-11-27T18:22:55+08:00 ] 127.0.0.1 /HuiGl/index.php
INFO: [ app_begin ] --START--
INFO: ReadHtmlCache Behavior ::run [ RunTime:0.000343s ]
INFO: [ app_begin ] --END-- [ RunTime:0.000577s ]
SQL: SHOW COLUMNS FROM monkey.t_monkey_cms_index [ RunTime:0.017197s ]
SQL: SELECT * FROM monkey.t_monkey_cms_index WHERE ( status=1 ) ORDER BY weight DESC  [ RunTime:0.000515s ]
SQL: SHOW COLUMNS FROM monkey.t_monkey_news [ RunTime:0.001603s ]
SQL: SELECT * FROM monkey.t_monkey_news WHERE ( news_id IN (1,5,4,3,2,6) )  [ RunTime:0.000397s ]
SQL: SHOW COLUMNS FROM monkey.t_monkey_ad [ RunTime:0.001389s ]
SQL: SELECT * FROM monkey.t_monkey_ad WHERE ( id IN (1,2,3) )  [ RunTime:0.000342s ]
SQL: SHOW COLUMNS FROM monkey.t_monkey_partner_info [ RunTime:0.001646s ]
SQL: SELECT * FROM monkey.t_monkey_partner_info WHERE ( partner_id IN (1,2,3,4,5,6,7,8,9) )  [ RunTime:0.000389s ]
SQL: SHOW COLUMNS FROM monkey.t_monkey_partner_picture [ RunTime:0.001726s ]
SQL: SELECT * FROM monkey.t_monkey_partner_picture WHERE ( partner_id IN (1,2,3,4,5,6,7,8,9) )  [ RunTime:0.000372s ]
SQL: SHOW COLUMNS FROM monkey.t_monkey_partner_info [ RunTime:0.001793s ]
SQL: SELECT * FROM monkey.t_monkey_partner_info WHERE ( partner_id IN (5,6,1,2,3,4) )  [ RunTime:0.000389s ]
SQL: SHOW COLUMNS FROM monkey.t_monkey_partner_picture [ RunTime:0.002146s ]
SQL: SELECT * FROM monkey.t_monkey_partner_picture WHERE ( partner_id IN (5,6,1,2,3,4) )  [ RunTime:0.000377s ]

[ 2013-11-27T18:23:13+08:00 ] 127.0.0.1 /HuiGl/index.php
INFO: [ app_begin ] --START--
INFO: ReadHtmlCache Behavior ::run [ RunTime:0.000113s ]
INFO: [ app_begin ] --END-- [ RunTime:0.000250s ]
SQL: SHOW COLUMNS FROM monkey.t_monkey_cms_index [ RunTime:0.017542s ]
SQL: SELECT * FROM monkey.t_monkey_cms_index WHERE ( status=1 ) ORDER BY weight DESC  [ RunTime:0.000710s ]
SQL: SHOW COLUMNS FROM monkey.t_monkey_news [ RunTime:0.002536s ]
SQL: SELECT * FROM monkey.t_monkey_news WHERE ( news_id IN (1,5,4,3,2,6) )  [ RunTime:0.000365s ]
SQL: SHOW COLUMNS FROM monkey.t_monkey_ad [ RunTime:0.001620s ]
SQL: SELECT * FROM monkey.t_monkey_ad WHERE ( id IN (1,2,3) )  [ RunTime:0.000321s ]
SQL: SHOW COLUMNS FROM monkey.t_monkey_partner_info [ RunTime:0.002002s ]
SQL: SELECT * FROM monkey.t_monkey_partner_info WHERE ( partner_id IN (1,2,3,4,5,6,7,8,9) )  [ RunTime:0.000348s ]
SQL: SHOW COLUMNS FROM monkey.t_monkey_partner_picture [ RunTime:0.001374s ]
SQL: SELECT * FROM monkey.t_monkey_partner_picture WHERE ( partner_id IN (1,2,3,4,5,6,7,8,9) )  [ RunTime:0.000374s ]
SQL: SHOW COLUMNS FROM monkey.t_monkey_partner_info [ RunTime:0.002047s ]
SQL: SELECT * FROM monkey.t_monkey_partner_info WHERE ( partner_id IN (5,6,1,2,3,4) )  [ RunTime:0.000303s ]
SQL: SHOW COLUMNS FROM monkey.t_monkey_partner_picture [ RunTime:0.001235s ]
SQL: SELECT * FROM monkey.t_monkey_partner_picture WHERE ( partner_id IN (5,6,1,2,3,4) )  [ RunTime:0.000225s ]

[ 2013-11-27T18:27:34+08:00 ] 127.0.0.1 /HuiGl/index.php
INFO: [ app_begin ] --START--
INFO: ReadHtmlCache Behavior ::run [ RunTime:0.000160s ]
INFO: [ app_begin ] --END-- [ RunTime:0.000334s ]
SQL: SHOW COLUMNS FROM monkey.t_monkey_cms_index [ RunTime:0.057658s ]
SQL: SELECT * FROM monkey.t_monkey_cms_index WHERE ( status=1 ) ORDER BY weight DESC  [ RunTime:0.000393s ]
SQL: SHOW COLUMNS FROM monkey.t_monkey_news [ RunTime:0.001565s ]
SQL: SELECT * FROM monkey.t_monkey_news WHERE ( news_id IN (1,5,4,3,2,6) )  [ RunTime:0.000380s ]
SQL: SHOW COLUMNS FROM monkey.t_monkey_ad [ RunTime:0.001896s ]
SQL: SELECT * FROM monkey.t_monkey_ad WHERE ( id IN (1,2,3) )  [ RunTime:0.000395s ]
SQL: SHOW COLUMNS FROM monkey.t_monkey_partner_info [ RunTime:0.002056s ]
SQL: SELECT * FROM monkey.t_monkey_partner_info WHERE ( partner_id IN (1,2,3,4,5,6,7,8,9) )  [ RunTime:0.000409s ]
SQL: SHOW COLUMNS FROM monkey.t_monkey_partner_picture [ RunTime:0.002323s ]
SQL: SELECT * FROM monkey.t_monkey_partner_picture WHERE ( partner_id IN (1,2,3,4,5,6,7,8,9) )  [ RunTime:0.000405s ]
SQL: SHOW COLUMNS FROM monkey.t_monkey_partner_info [ RunTime:0.001957s ]
SQL: SELECT * FROM monkey.t_monkey_partner_info WHERE ( partner_id IN (5,6,1,2,3,4) )  [ RunTime:0.000504s ]
SQL: SHOW COLUMNS FROM monkey.t_monkey_partner_picture [ RunTime:0.002161s ]
SQL: SELECT * FROM monkey.t_monkey_partner_picture WHERE ( partner_id IN (5,6,1,2,3,4) )  [ RunTime:0.000448s ]
SQL: SHOW COLUMNS FROM monkey.t_monkey_partner_evaluation [ RunTime:0.002380s ]
SQL: SELECT * FROM monkey.t_monkey_partner_evaluation WHERE (  evaluation_type = 0 AND ORDER BY createtime DESC )  [ RunTime:0.029253s ]
ERR: 1064:You have an error in your SQL syntax; check the manual that corresponds to your MySQL server version for the right syntax to use near 'ORDER BY createtime DESC )' at line 1
 [ SQL语句 ] : SELECT * FROM monkey.t_monkey_partner_evaluation WHERE (  evaluation_type = 0 AND ORDER BY createtime DESC ) 

[ 2013-11-27T18:27:56+08:00 ] 127.0.0.1 /HuiGl/index.php
INFO: [ app_begin ] --START--
INFO: ReadHtmlCache Behavior ::run [ RunTime:0.000161s ]
INFO: [ app_begin ] --END-- [ RunTime:0.000380s ]
SQL: SHOW COLUMNS FROM monkey.t_monkey_cms_index [ RunTime:0.030129s ]
SQL: SELECT * FROM monkey.t_monkey_cms_index WHERE ( status=1 ) ORDER BY weight DESC  [ RunTime:0.000523s ]
SQL: SHOW COLUMNS FROM monkey.t_monkey_news [ RunTime:0.001827s ]
SQL: SELECT * FROM monkey.t_monkey_news WHERE ( news_id IN (1,5,4,3,2,6) )  [ RunTime:0.000343s ]
SQL: SHOW COLUMNS FROM monkey.t_monkey_ad [ RunTime:0.001548s ]
SQL: SELECT * FROM monkey.t_monkey_ad WHERE ( id IN (1,2,3) )  [ RunTime:0.000292s ]
SQL: SHOW COLUMNS FROM monkey.t_monkey_partner_info [ RunTime:0.001548s ]
SQL: SELECT * FROM monkey.t_monkey_partner_info WHERE ( partner_id IN (1,2,3,4,5,6,7,8,9) )  [ RunTime:0.000394s ]
SQL: SHOW COLUMNS FROM monkey.t_monkey_partner_picture [ RunTime:0.001533s ]
SQL: SELECT * FROM monkey.t_monkey_partner_picture WHERE ( partner_id IN (1,2,3,4,5,6,7,8,9) )  [ RunTime:0.000371s ]
SQL: SHOW COLUMNS FROM monkey.t_monkey_partner_info [ RunTime:0.001879s ]
SQL: SELECT * FROM monkey.t_monkey_partner_info WHERE ( partner_id IN (5,6,1,2,3,4) )  [ RunTime:0.000331s ]
SQL: SHOW COLUMNS FROM monkey.t_monkey_partner_picture [ RunTime:0.001433s ]
SQL: SELECT * FROM monkey.t_monkey_partner_picture WHERE ( partner_id IN (5,6,1,2,3,4) )  [ RunTime:0.000319s ]
SQL: SHOW COLUMNS FROM monkey.t_monkey_partner_evaluation [ RunTime:0.001741s ]
SQL: SELECT * FROM monkey.t_monkey_partner_evaluation WHERE (  evaluation_type = 0 AND ORDER BY createtime DESC )  [ RunTime:0.000175s ]
ERR: 1064:You have an error in your SQL syntax; check the manual that corresponds to your MySQL server version for the right syntax to use near 'ORDER BY createtime DESC )' at line 1
 [ SQL语句 ] : SELECT * FROM monkey.t_monkey_partner_evaluation WHERE (  evaluation_type = 0 AND ORDER BY createtime DESC ) 

[ 2013-11-27T18:28:25+08:00 ] 127.0.0.1 /HuiGl/index.php
INFO: [ app_begin ] --START--
INFO: ReadHtmlCache Behavior ::run [ RunTime:0.000152s ]
INFO: [ app_begin ] --END-- [ RunTime:0.000352s ]
SQL: SHOW COLUMNS FROM monkey.t_monkey_cms_index [ RunTime:0.002239s ]
SQL: SELECT * FROM monkey.t_monkey_cms_index WHERE ( status=1 ) ORDER BY weight DESC  [ RunTime:0.000514s ]
SQL: SHOW COLUMNS FROM monkey.t_monkey_news [ RunTime:0.001871s ]
SQL: SELECT * FROM monkey.t_monkey_news WHERE ( news_id IN (1,5,4,3,2,6) )  [ RunTime:0.000435s ]
SQL: SHOW COLUMNS FROM monkey.t_monkey_ad [ RunTime:0.001928s ]
SQL: SELECT * FROM monkey.t_monkey_ad WHERE ( id IN (1,2,3) )  [ RunTime:0.000292s ]
SQL: SHOW COLUMNS FROM monkey.t_monkey_partner_info [ RunTime:0.001478s ]
SQL: SELECT * FROM monkey.t_monkey_partner_info WHERE ( partner_id IN (1,2,3,4,5,6,7,8,9) )  [ RunTime:0.000364s ]
SQL: SHOW COLUMNS FROM monkey.t_monkey_partner_picture [ RunTime:0.001471s ]
SQL: SELECT * FROM monkey.t_monkey_partner_picture WHERE ( partner_id IN (1,2,3,4,5,6,7,8,9) )  [ RunTime:0.000292s ]
SQL: SHOW COLUMNS FROM monkey.t_monkey_partner_info [ RunTime:0.001606s ]
SQL: SELECT * FROM monkey.t_monkey_partner_info WHERE ( partner_id IN (5,6,1,2,3,4) )  [ RunTime:0.000306s ]
SQL: SHOW COLUMNS FROM monkey.t_monkey_partner_picture [ RunTime:0.001741s ]
SQL: SELECT * FROM monkey.t_monkey_partner_picture WHERE ( partner_id IN (5,6,1,2,3,4) )  [ RunTime:0.000365s ]
SQL: SHOW COLUMNS FROM monkey.t_monkey_partner_evaluation [ RunTime:0.002025s ]
SQL: SELECT * FROM monkey.t_monkey_partner_evaluation WHERE (  evaluation_type = 0 ORDER BY createtime DESC )  [ RunTime:0.000164s ]
ERR: 1064:You have an error in your SQL syntax; check the manual that corresponds to your MySQL server version for the right syntax to use near 'ORDER BY createtime DESC )' at line 1
 [ SQL语句 ] : SELECT * FROM monkey.t_monkey_partner_evaluation WHERE (  evaluation_type = 0 ORDER BY createtime DESC ) 

[ 2013-11-27T18:29:59+08:00 ] 127.0.0.1 /HuiGl/index.php
INFO: [ app_begin ] --START--
INFO: ReadHtmlCache Behavior ::run [ RunTime:0.000163s ]
INFO: [ app_begin ] --END-- [ RunTime:0.000347s ]
SQL: SHOW COLUMNS FROM monkey.t_monkey_cms_index [ RunTime:0.002937s ]
SQL: SELECT * FROM monkey.t_monkey_cms_index WHERE ( status=1 ) ORDER BY weight DESC  [ RunTime:0.000442s ]
SQL: SHOW COLUMNS FROM monkey.t_monkey_news [ RunTime:0.002044s ]
SQL: SELECT * FROM monkey.t_monkey_news WHERE ( news_id IN (1,5,4,3,2,6) )  [ RunTime:0.000337s ]
SQL: SHOW COLUMNS FROM monkey.t_monkey_ad [ RunTime:0.003939s ]
SQL: SELECT * FROM monkey.t_monkey_ad WHERE ( id IN (1,2,3) )  [ RunTime:0.000299s ]
SQL: SHOW COLUMNS FROM monkey.t_monkey_partner_info [ RunTime:0.002013s ]
SQL: SELECT * FROM monkey.t_monkey_partner_info WHERE ( partner_id IN (1,2,3,4,5,6,7,8,9) )  [ RunTime:0.000350s ]
SQL: SHOW COLUMNS FROM monkey.t_monkey_partner_picture [ RunTime:0.001603s ]
SQL: SELECT * FROM monkey.t_monkey_partner_picture WHERE ( partner_id IN (1,2,3,4,5,6,7,8,9) )  [ RunTime:0.000452s ]
SQL: SHOW COLUMNS FROM monkey.t_monkey_partner_info [ RunTime:0.002074s ]
SQL: SELECT * FROM monkey.t_monkey_partner_info WHERE ( partner_id IN (5,6,1,2,3,4) )  [ RunTime:0.000418s ]
SQL: SHOW COLUMNS FROM monkey.t_monkey_partner_picture [ RunTime:0.001744s ]
SQL: SELECT * FROM monkey.t_monkey_partner_picture WHERE ( partner_id IN (5,6,1,2,3,4) )  [ RunTime:0.000362s ]
SQL: SHOW COLUMNS FROM monkey.t_monkey_partner_evaluation [ RunTime:0.001665s ]
SQL: SELECT * FROM monkey.t_monkey_partner_evaluation WHERE (  evaluation_type = 0 ORDER BY createtime DESC )  [ RunTime:0.000126s ]
ERR: 1064:You have an error in your SQL syntax; check the manual that corresponds to your MySQL server version for the right syntax to use near 'ORDER BY createtime DESC )' at line 1
 [ SQL语句 ] : SELECT * FROM monkey.t_monkey_partner_evaluation WHERE (  evaluation_type = 0 ORDER BY createtime DESC ) 

[ 2013-11-27T18:30:54+08:00 ] 127.0.0.1 /HuiGl/index.php
INFO: [ app_begin ] --START--
INFO: ReadHtmlCache Behavior ::run [ RunTime:0.000126s ]
INFO: [ app_begin ] --END-- [ RunTime:0.000220s ]
SQL: SHOW COLUMNS FROM monkey.t_monkey_cms_index [ RunTime:0.002011s ]
SQL: SELECT * FROM monkey.t_monkey_cms_index WHERE ( status=1 ) ORDER BY weight DESC  [ RunTime:0.000364s ]
SQL: SHOW COLUMNS FROM monkey.t_monkey_news [ RunTime:0.001462s ]
SQL: SELECT * FROM monkey.t_monkey_news WHERE ( news_id IN (1,5,4,3,2,6) )  [ RunTime:0.000252s ]
SQL: SHOW COLUMNS FROM monkey.t_monkey_ad [ RunTime:0.002876s ]
SQL: SELECT * FROM monkey.t_monkey_ad WHERE ( id IN (1,2,3) )  [ RunTime:0.000316s ]
SQL: SHOW COLUMNS FROM monkey.t_monkey_partner_info [ RunTime:0.001738s ]
SQL: SELECT * FROM monkey.t_monkey_partner_info WHERE ( partner_id IN (1,2,3,4,5,6,7,8,9) )  [ RunTime:0.000372s ]
SQL: SHOW COLUMNS FROM monkey.t_monkey_partner_picture [ RunTime:0.001538s ]
SQL: SELECT * FROM monkey.t_monkey_partner_picture WHERE ( partner_id IN (1,2,3,4,5,6,7,8,9) )  [ RunTime:0.000325s ]
SQL: SHOW COLUMNS FROM monkey.t_monkey_partner_info [ RunTime:0.001610s ]
SQL: SELECT * FROM monkey.t_monkey_partner_info WHERE ( partner_id IN (5,6,1,2,3,4) )  [ RunTime:0.000357s ]
SQL: SHOW COLUMNS FROM monkey.t_monkey_partner_picture [ RunTime:0.001806s ]
SQL: SELECT * FROM monkey.t_monkey_partner_picture WHERE ( partner_id IN (5,6,1,2,3,4) )  [ RunTime:0.000380s ]
SQL: SHOW COLUMNS FROM monkey.t_monkey_partner_evaluation [ RunTime:0.002381s ]
SQL: SELECT * FROM monkey.t_monkey_partner_evaluation WHERE ( 1 = 1 ) ORDER BY createtime DESC  [ RunTime:0.000367s ]

[ 2013-11-27T18:32:17+08:00 ] 127.0.0.1 /HuiGl/index.php
INFO: [ app_begin ] --START--
INFO: ReadHtmlCache Behavior ::run [ RunTime:0.000189s ]
INFO: [ app_begin ] --END-- [ RunTime:0.000389s ]
SQL: SHOW COLUMNS FROM monkey.t_monkey_cms_index [ RunTime:0.002858s ]
SQL: SELECT * FROM monkey.t_monkey_cms_index WHERE ( status=1 ) ORDER BY weight DESC  [ RunTime:0.000395s ]
SQL: SHOW COLUMNS FROM monkey.t_monkey_news [ RunTime:0.001314s ]
SQL: SELECT * FROM monkey.t_monkey_news WHERE ( news_id IN (1,5,4,3,2,6) )  [ RunTime:0.000290s ]
SQL: SHOW COLUMNS FROM monkey.t_monkey_ad [ RunTime:0.001524s ]
SQL: SELECT * FROM monkey.t_monkey_ad WHERE ( id IN (1,2,3) )  [ RunTime:0.000343s ]
SQL: SHOW COLUMNS FROM monkey.t_monkey_partner_info [ RunTime:0.001726s ]
SQL: SELECT * FROM monkey.t_monkey_partner_info WHERE ( partner_id IN (1,2,3,4,5,6,7,8,9) )  [ RunTime:0.000328s ]
SQL: SHOW COLUMNS FROM monkey.t_monkey_partner_picture [ RunTime:0.001587s ]
SQL: SELECT * FROM monkey.t_monkey_partner_picture WHERE ( partner_id IN (1,2,3,4,5,6,7,8,9) )  [ RunTime:0.000366s ]
SQL: SHOW COLUMNS FROM monkey.t_monkey_partner_info [ RunTime:0.001422s ]
SQL: SELECT * FROM monkey.t_monkey_partner_info WHERE ( partner_id IN (5,6,1,2,3,4) )  [ RunTime:0.000517s ]
SQL: SHOW COLUMNS FROM monkey.t_monkey_partner_picture [ RunTime:0.001539s ]
SQL: SELECT * FROM monkey.t_monkey_partner_picture WHERE ( partner_id IN (5,6,1,2,3,4) )  [ RunTime:0.000336s ]
SQL: SHOW COLUMNS FROM monkey.t_monkey_partner_evaluation [ RunTime:0.001678s ]
SQL: SELECT * FROM monkey.t_monkey_partner_evaluation WHERE ( evaluation_type = '0' ) ORDER BY createtime DESC  [ RunTime:0.035067s ]

[ 2013-11-27T19:02:18+08:00 ] 127.0.0.1 /HuiGl/index.php
INFO: [ app_begin ] --START--
INFO: ReadHtmlCache Behavior ::run [ RunTime:0.000177s ]
INFO: [ app_begin ] --END-- [ RunTime:0.000383s ]
SQL: SHOW COLUMNS FROM monkey.t_monkey_cms_index [ RunTime:0.089791s ]
SQL: SELECT * FROM monkey.t_monkey_cms_index WHERE ( status=1 ) ORDER BY weight DESC  [ RunTime:0.000535s ]
SQL: SHOW COLUMNS FROM monkey.t_monkey_news [ RunTime:0.001565s ]
SQL: SELECT * FROM monkey.t_monkey_news WHERE ( news_id IN (1,5,4,3,2,6) )  [ RunTime:0.000294s ]
SQL: SHOW COLUMNS FROM monkey.t_monkey_ad [ RunTime:0.001930s ]
SQL: SELECT * FROM monkey.t_monkey_ad WHERE ( id IN (1,2,3) )  [ RunTime:0.000350s ]
SQL: SHOW COLUMNS FROM monkey.t_monkey_partner_info [ RunTime:0.001573s ]
SQL: SELECT * FROM monkey.t_monkey_partner_info WHERE ( partner_id IN (1,2,3,4,5,6,7,8,9) )  [ RunTime:0.000453s ]
SQL: SHOW COLUMNS FROM monkey.t_monkey_partner_picture [ RunTime:0.002007s ]
SQL: SELECT * FROM monkey.t_monkey_partner_picture WHERE ( partner_id IN (1,2,3,4,5,6,7,8,9) )  [ RunTime:0.000375s ]
SQL: SHOW COLUMNS FROM monkey.t_monkey_partner_info [ RunTime:0.001972s ]
SQL: SELECT * FROM monkey.t_monkey_partner_info WHERE ( partner_id IN (5,6,1,2,3,4) )  [ RunTime:0.000304s ]
SQL: SHOW COLUMNS FROM monkey.t_monkey_partner_picture [ RunTime:0.001711s ]
SQL: SELECT * FROM monkey.t_monkey_partner_picture WHERE ( partner_id IN (5,6,1,2,3,4) )  [ RunTime:0.000395s ]
SQL: SHOW COLUMNS FROM monkey.t_monkey_partner_evaluation [ RunTime:0.002025s ]
SQL: SELECT * FROM monkey.t_monkey_partner_evaluation WHERE ( evaluation_type = '0' ) ORDER BY createtime DESC  [ RunTime:0.000359s ]
SQL: SHOW COLUMNS FROM monkey.t_monkey_user_profile [ RunTime:0.015749s ]
SQL: SELECT * FROM monkey.t_monkey_user_profile WHERE ( user_id IN (1,1,1,1) )  [ RunTime:0.000266s ]
INFO: [ view_parse ] --START--
INFO: ParseTemplate Behavior ::run [ RunTime:0.052450s ]
INFO: [ view_parse ] --END-- [ RunTime:0.052519s ]
INFO: [ view_filter ] --START--
INFO: ContentReplace Behavior ::run [ RunTime:0.000224s ]
INFO: TokenBuild Behavior ::run [ RunTime:0.000156s ]
INFO: WriteHtmlCache Behavior ::run [ RunTime:0.000119s ]
INFO: ShowRuntime Behavior ::run [ RunTime:0.000159s ]
INFO: [ view_filter ] --END-- [ RunTime:0.000759s ]
INFO: [ view_end ] --START--
INFO: ShowPageTrace Behavior ::run [ RunTime:0.000239s ]
INFO: [ view_end ] --END-- [ RunTime:0.000308s ]

[ 2013-11-27T19:02:34+08:00 ] 127.0.0.1 /HuiGl/index.php
INFO: [ app_begin ] --START--
INFO: ReadHtmlCache Behavior ::run [ RunTime:0.000146s ]
INFO: [ app_begin ] --END-- [ RunTime:0.000349s ]
SQL: SHOW COLUMNS FROM monkey.t_monkey_cms_index [ RunTime:0.052805s ]
SQL: SELECT * FROM monkey.t_monkey_cms_index WHERE ( status=1 ) ORDER BY weight DESC  [ RunTime:0.000456s ]
SQL: SHOW COLUMNS FROM monkey.t_monkey_news [ RunTime:0.076429s ]
SQL: SELECT * FROM monkey.t_monkey_news WHERE ( news_id IN (1,5,4,3,2,6) )  [ RunTime:0.000336s ]
SQL: SHOW COLUMNS FROM monkey.t_monkey_ad [ RunTime:0.072626s ]
SQL: SELECT * FROM monkey.t_monkey_ad WHERE ( id IN (1,2,3) )  [ RunTime:0.000467s ]
SQL: SHOW COLUMNS FROM monkey.t_monkey_partner_info [ RunTime:0.063084s ]
SQL: SELECT * FROM monkey.t_monkey_partner_info WHERE ( partner_id IN (1,2,3,4,5,6,7,8,9) )  [ RunTime:0.000731s ]
SQL: SHOW COLUMNS FROM monkey.t_monkey_partner_picture [ RunTime:0.002255s ]
SQL: SELECT * FROM monkey.t_monkey_partner_picture WHERE ( partner_id IN (1,2,3,4,5,6,7,8,9) )  [ RunTime:0.000641s ]
SQL: SHOW COLUMNS FROM monkey.t_monkey_partner_info [ RunTime:0.002398s ]
SQL: SELECT * FROM monkey.t_monkey_partner_info WHERE ( partner_id IN (5,6,1,2,3,4) )  [ RunTime:0.000561s ]
SQL: SHOW COLUMNS FROM monkey.t_monkey_partner_picture [ RunTime:0.002310s ]
SQL: SELECT * FROM monkey.t_monkey_partner_picture WHERE ( partner_id IN (5,6,1,2,3,4) )  [ RunTime:0.000410s ]
SQL: SHOW COLUMNS FROM monkey.t_monkey_partner_evaluation [ RunTime:0.001946s ]
SQL: SELECT * FROM monkey.t_monkey_partner_evaluation WHERE ( evaluation_type = '0' ) ORDER BY createtime DESC  [ RunTime:0.000383s ]
SQL: SHOW COLUMNS FROM monkey.t_monkey_user_profile [ RunTime:0.002007s ]
SQL: SELECT * FROM monkey.t_monkey_user_profile WHERE ( user_id IN (1,1,1,1) )  [ RunTime:0.000336s ]

[ 2013-11-27T19:02:51+08:00 ] 127.0.0.1 /HuiGl/index.php
INFO: [ app_begin ] --START--
INFO: ReadHtmlCache Behavior ::run [ RunTime:0.000191s ]
INFO: [ app_begin ] --END-- [ RunTime:0.000398s ]
SQL: SHOW COLUMNS FROM monkey.t_monkey_cms_index [ RunTime:0.002955s ]
SQL: SELECT * FROM monkey.t_monkey_cms_index WHERE ( status=1 ) ORDER BY weight DESC  [ RunTime:0.000469s ]
SQL: SHOW COLUMNS FROM monkey.t_monkey_news [ RunTime:0.001643s ]
SQL: SELECT * FROM monkey.t_monkey_news WHERE ( news_id IN (1,5,4,3,2,6) )  [ RunTime:0.000355s ]
SQL: SHOW COLUMNS FROM monkey.t_monkey_ad [ RunTime:0.003909s ]
SQL: SELECT * FROM monkey.t_monkey_ad WHERE ( id IN (1,2,3) )  [ RunTime:0.000494s ]
SQL: SHOW COLUMNS FROM monkey.t_monkey_partner_info [ RunTime:0.001816s ]
SQL: SELECT * FROM monkey.t_monkey_partner_info WHERE ( partner_id IN (1,2,3,4,5,6,7,8,9) )  [ RunTime:0.000437s ]
SQL: SHOW COLUMNS FROM monkey.t_monkey_partner_picture [ RunTime:0.001714s ]
SQL: SELECT * FROM monkey.t_monkey_partner_picture WHERE ( partner_id IN (1,2,3,4,5,6,7,8,9) )  [ RunTime:0.000397s ]
SQL: SHOW COLUMNS FROM monkey.t_monkey_partner_info [ RunTime:0.001820s ]
SQL: SELECT * FROM monkey.t_monkey_partner_info WHERE ( partner_id IN (5,6,1,2,3,4) )  [ RunTime:0.000358s ]
SQL: SHOW COLUMNS FROM monkey.t_monkey_partner_picture [ RunTime:0.001687s ]
SQL: SELECT * FROM monkey.t_monkey_partner_picture WHERE ( partner_id IN (5,6,1,2,3,4) )  [ RunTime:0.000332s ]
SQL: SHOW COLUMNS FROM monkey.t_monkey_partner_evaluation [ RunTime:0.001532s ]
SQL: SELECT * FROM monkey.t_monkey_partner_evaluation WHERE ( evaluation_type = '0' ) ORDER BY createtime DESC  [ RunTime:0.000365s ]
SQL: SHOW COLUMNS FROM monkey.t_monkey_user_profile [ RunTime:0.002016s ]
SQL: SELECT * FROM monkey.t_monkey_user_profile WHERE ( user_id IN (1,1,1,1) )  [ RunTime:0.000395s ]

[ 2013-11-27T19:03:06+08:00 ] 127.0.0.1 /HuiGl/index.php
INFO: [ app_begin ] --START--
INFO: ReadHtmlCache Behavior ::run [ RunTime:0.000103s ]
INFO: [ app_begin ] --END-- [ RunTime:0.000195s ]
SQL: SHOW COLUMNS FROM monkey.t_monkey_cms_index [ RunTime:0.001948s ]
SQL: SELECT * FROM monkey.t_monkey_cms_index WHERE ( status=1 ) ORDER BY weight DESC  [ RunTime:0.000375s ]
SQL: SHOW COLUMNS FROM monkey.t_monkey_news [ RunTime:0.001851s ]
SQL: SELECT * FROM monkey.t_monkey_news WHERE ( news_id IN (1,5,4,3,2,6) )  [ RunTime:0.000324s ]
SQL: SHOW COLUMNS FROM monkey.t_monkey_ad [ RunTime:0.001635s ]
SQL: SELECT * FROM monkey.t_monkey_ad WHERE ( id IN (1,2,3) )  [ RunTime:0.000276s ]
SQL: SHOW COLUMNS FROM monkey.t_monkey_partner_info [ RunTime:0.001404s ]
SQL: SELECT * FROM monkey.t_monkey_partner_info WHERE ( partner_id IN (1,2,3,4,5,6,7,8,9) )  [ RunTime:0.000383s ]
SQL: SHOW COLUMNS FROM monkey.t_monkey_partner_picture [ RunTime:0.001319s ]
SQL: SELECT * FROM monkey.t_monkey_partner_picture WHERE ( partner_id IN (1,2,3,4,5,6,7,8,9) )  [ RunTime:0.000351s ]
SQL: SHOW COLUMNS FROM monkey.t_monkey_partner_info [ RunTime:0.001755s ]
SQL: SELECT * FROM monkey.t_monkey_partner_info WHERE ( partner_id IN (5,6,1,2,3,4) )  [ RunTime:0.000350s ]
SQL: SHOW COLUMNS FROM monkey.t_monkey_partner_picture [ RunTime:0.001737s ]
SQL: SELECT * FROM monkey.t_monkey_partner_picture WHERE ( partner_id IN (5,6,1,2,3,4) )  [ RunTime:0.000266s ]
SQL: SHOW COLUMNS FROM monkey.t_monkey_partner_evaluation [ RunTime:0.001304s ]
SQL: SELECT * FROM monkey.t_monkey_partner_evaluation WHERE ( evaluation_type = '0' ) ORDER BY createtime DESC  [ RunTime:0.000242s ]
SQL: SHOW COLUMNS FROM monkey.t_monkey_user_profile [ RunTime:0.001696s ]
SQL: SELECT * FROM monkey.t_monkey_user_profile WHERE ( user_id IN (1,1,1,1) )  [ RunTime:0.000228s ]

[ 2013-11-27T19:06:16+08:00 ] 127.0.0.1 /HuiGl/index.php
INFO: [ app_begin ] --START--
INFO: ReadHtmlCache Behavior ::run [ RunTime:0.000102s ]
INFO: [ app_begin ] --END-- [ RunTime:0.000178s ]
SQL: SHOW COLUMNS FROM monkey.t_monkey_cms_index [ RunTime:0.001771s ]
SQL: SELECT * FROM monkey.t_monkey_cms_index WHERE ( status=1 ) ORDER BY weight DESC  [ RunTime:0.000338s ]
SQL: SHOW COLUMNS FROM monkey.t_monkey_news [ RunTime:0.001402s ]
SQL: SELECT * FROM monkey.t_monkey_news WHERE ( news_id IN (1,5,4,3,2,6) )  [ RunTime:0.000349s ]
SQL: SHOW COLUMNS FROM monkey.t_monkey_ad [ RunTime:0.001748s ]
SQL: SELECT * FROM monkey.t_monkey_ad WHERE ( id IN (1,2,3) )  [ RunTime:0.000314s ]
SQL: SHOW COLUMNS FROM monkey.t_monkey_partner_info [ RunTime:0.001696s ]
SQL: SELECT * FROM monkey.t_monkey_partner_info WHERE ( partner_id IN (1,2,3,4,5,6,7,8,9) )  [ RunTime:0.000391s ]
SQL: SHOW COLUMNS FROM monkey.t_monkey_partner_picture [ RunTime:0.001588s ]
SQL: SELECT * FROM monkey.t_monkey_partner_picture WHERE ( partner_id IN (1,2,3,4,5,6,7,8,9) )  [ RunTime:0.000326s ]
SQL: SHOW COLUMNS FROM monkey.t_monkey_partner_info [ RunTime:0.001435s ]
SQL: SELECT * FROM monkey.t_monkey_partner_info WHERE ( partner_id IN (5,6,1,2,3,4) )  [ RunTime:0.000286s ]
SQL: SHOW COLUMNS FROM monkey.t_monkey_partner_picture [ RunTime:0.002049s ]
SQL: SELECT * FROM monkey.t_monkey_partner_picture WHERE ( partner_id IN (5,6,1,2,3,4) )  [ RunTime:0.000374s ]
SQL: SHOW COLUMNS FROM monkey.t_monkey_partner_evaluation [ RunTime:0.001299s ]
SQL: SELECT * FROM monkey.t_monkey_partner_evaluation WHERE ( evaluation_type = '0' ) ORDER BY createtime DESC  [ RunTime:0.000258s ]
SQL: SHOW COLUMNS FROM monkey.t_monkey_user_profile [ RunTime:0.001950s ]
SQL: SELECT * FROM monkey.t_monkey_user_profile WHERE ( user_id IN (1,1,1,1) )  [ RunTime:0.000337s ]

[ 2013-11-27T19:07:32+08:00 ] 127.0.0.1 /HuiGl/index.php
INFO: [ app_begin ] --START--
INFO: ReadHtmlCache Behavior ::run [ RunTime:0.000066s ]
INFO: [ app_begin ] --END-- [ RunTime:0.000121s ]
SQL: SHOW COLUMNS FROM monkey.t_monkey_cms_index [ RunTime:0.002948s ]
SQL: SELECT * FROM monkey.t_monkey_cms_index WHERE ( status=1 ) ORDER BY weight DESC  [ RunTime:0.000424s ]
SQL: SHOW COLUMNS FROM monkey.t_monkey_news [ RunTime:0.001675s ]
SQL: SELECT * FROM monkey.t_monkey_news WHERE ( news_id IN (1,5,4,3,2,6) )  [ RunTime:0.000320s ]
SQL: SHOW COLUMNS FROM monkey.t_monkey_ad [ RunTime:0.001055s ]
SQL: SELECT * FROM monkey.t_monkey_ad WHERE ( id IN (1,2,3) )  [ RunTime:0.000235s ]
SQL: SHOW COLUMNS FROM monkey.t_monkey_partner_info [ RunTime:0.003070s ]
SQL: SELECT * FROM monkey.t_monkey_partner_info WHERE ( partner_id IN (1,2,3,4,5,6,7,8,9) )  [ RunTime:0.000388s ]
SQL: SHOW COLUMNS FROM monkey.t_monkey_partner_picture [ RunTime:0.001570s ]
SQL: SELECT * FROM monkey.t_monkey_partner_picture WHERE ( partner_id IN (1,2,3,4,5,6,7,8,9) )  [ RunTime:0.000316s ]
SQL: SHOW COLUMNS FROM monkey.t_monkey_partner_info [ RunTime:0.001895s ]
SQL: SELECT * FROM monkey.t_monkey_partner_info WHERE ( partner_id IN (5,6,1,2,3,4) )  [ RunTime:0.000324s ]
SQL: SHOW COLUMNS FROM monkey.t_monkey_partner_picture [ RunTime:0.001498s ]
SQL: SELECT * FROM monkey.t_monkey_partner_picture WHERE ( partner_id IN (5,6,1,2,3,4) )  [ RunTime:0.000375s ]
SQL: SHOW COLUMNS FROM monkey.t_monkey_partner_evaluation [ RunTime:0.001650s ]
SQL: SELECT * FROM monkey.t_monkey_partner_evaluation WHERE ( evaluation_type = '0' ) ORDER BY createtime DESC  [ RunTime:0.000333s ]
SQL: SHOW COLUMNS FROM monkey.t_monkey_user_profile [ RunTime:0.002123s ]
SQL: SELECT * FROM monkey.t_monkey_user_profile WHERE ( user_id IN (1,1,1,1) )  [ RunTime:0.000369s ]

[ 2013-11-27T19:20:02+08:00 ] 127.0.0.1 /HuiGl/index.php
INFO: [ app_begin ] --START--
INFO: ReadHtmlCache Behavior ::run [ RunTime:0.000147s ]
INFO: [ app_begin ] --END-- [ RunTime:0.000328s ]
SQL: SHOW COLUMNS FROM monkey.t_monkey_cms_index [ RunTime:0.090050s ]
SQL: SELECT * FROM monkey.t_monkey_cms_index WHERE ( status=1 ) ORDER BY weight DESC  [ RunTime:0.000400s ]
SQL: SHOW COLUMNS FROM monkey.t_monkey_news [ RunTime:0.001819s ]
SQL: SELECT * FROM monkey.t_monkey_news WHERE ( news_id IN (1,5,4,3,2,6) )  [ RunTime:0.000323s ]
SQL: SHOW COLUMNS FROM monkey.t_monkey_ad [ RunTime:0.001748s ]
SQL: SELECT * FROM monkey.t_monkey_ad WHERE ( id IN (1,2,3) )  [ RunTime:0.000338s ]
SQL: SHOW COLUMNS FROM monkey.t_monkey_partner_info [ RunTime:0.002125s ]
SQL: SELECT * FROM monkey.t_monkey_partner_info WHERE ( partner_id IN (1,2,3,4,5,6,7,8,9) )  [ RunTime:0.000400s ]
SQL: SHOW COLUMNS FROM monkey.t_monkey_partner_picture [ RunTime:0.001830s ]
SQL: SELECT * FROM monkey.t_monkey_partner_picture WHERE ( partner_id IN (1,2,3,4,5,6,7,8,9) )  [ RunTime:0.000456s ]
SQL: SHOW COLUMNS FROM monkey.t_monkey_partner_info [ RunTime:0.001468s ]
SQL: SELECT * FROM monkey.t_monkey_partner_info WHERE ( partner_id IN (5,6,1,2,3,4) )  [ RunTime:0.000294s ]
SQL: SHOW COLUMNS FROM monkey.t_monkey_partner_picture [ RunTime:0.001779s ]
SQL: SELECT * FROM monkey.t_monkey_partner_picture WHERE ( partner_id IN (5,6,1,2,3,4) )  [ RunTime:0.000364s ]
SQL: SHOW COLUMNS FROM monkey.t_monkey_partner_evaluation [ RunTime:0.002019s ]
SQL: SELECT * FROM monkey.t_monkey_partner_evaluation WHERE ( evaluation_type = '0' ) ORDER BY createtime DESC  [ RunTime:0.000370s ]
SQL: SHOW COLUMNS FROM monkey.t_monkey_user_profile [ RunTime:0.002498s ]
SQL: SELECT * FROM monkey.t_monkey_user_profile WHERE ( user_id IN (1,1,1,1) )  [ RunTime:0.000361s ]
SQL: SHOW COLUMNS FROM monkey.t_monkey_partner_info [ RunTime:0.001708s ]
ERR: Model:getPartnerByPartnerId您所请求的方法不存在！

[ 2013-11-27T19:20:15+08:00 ] 127.0.0.1 /HuiGl/index.php
INFO: [ app_begin ] --START--
INFO: ReadHtmlCache Behavior ::run [ RunTime:0.000099s ]
INFO: [ app_begin ] --END-- [ RunTime:0.000168s ]
SQL: SHOW COLUMNS FROM monkey.t_monkey_cms_index [ RunTime:0.015915s ]
SQL: SELECT * FROM monkey.t_monkey_cms_index WHERE ( status=1 ) ORDER BY weight DESC  [ RunTime:0.000415s ]
SQL: SHOW COLUMNS FROM monkey.t_monkey_news [ RunTime:0.001980s ]
SQL: SELECT * FROM monkey.t_monkey_news WHERE ( news_id IN (1,5,4,3,2,6) )  [ RunTime:0.000283s ]
SQL: SHOW COLUMNS FROM monkey.t_monkey_ad [ RunTime:0.001422s ]
SQL: SELECT * FROM monkey.t_monkey_ad WHERE ( id IN (1,2,3) )  [ RunTime:0.000394s ]
SQL: SHOW COLUMNS FROM monkey.t_monkey_partner_info [ RunTime:0.002039s ]
SQL: SELECT * FROM monkey.t_monkey_partner_info WHERE ( partner_id IN (1,2,3,4,5,6,7,8,9) )  [ RunTime:0.000452s ]
SQL: SHOW COLUMNS FROM monkey.t_monkey_partner_picture [ RunTime:0.002034s ]
SQL: SELECT * FROM monkey.t_monkey_partner_picture WHERE ( partner_id IN (1,2,3,4,5,6,7,8,9) )  [ RunTime:0.000370s ]
SQL: SHOW COLUMNS FROM monkey.t_monkey_partner_info [ RunTime:0.002137s ]
SQL: SELECT * FROM monkey.t_monkey_partner_info WHERE ( partner_id IN (5,6,1,2,3,4) )  [ RunTime:0.000379s ]
SQL: SHOW COLUMNS FROM monkey.t_monkey_partner_picture [ RunTime:0.001595s ]
SQL: SELECT * FROM monkey.t_monkey_partner_picture WHERE ( partner_id IN (5,6,1,2,3,4) )  [ RunTime:0.000361s ]
SQL: SHOW COLUMNS FROM monkey.t_monkey_partner_evaluation [ RunTime:0.001855s ]
SQL: SELECT * FROM monkey.t_monkey_partner_evaluation WHERE ( evaluation_type = '0' ) ORDER BY createtime DESC  [ RunTime:0.000356s ]
SQL: SHOW COLUMNS FROM monkey.t_monkey_user_profile [ RunTime:0.002106s ]
SQL: SELECT * FROM monkey.t_monkey_user_profile WHERE ( user_id IN (1,1,1,1) )  [ RunTime:0.000385s ]
SQL: SHOW COLUMNS FROM monkey.t_monkey_partner_info [ RunTime:0.001887s ]
SQL: SELECT * FROM monkey.t_monkey_partner_info WHERE ( partner_id IN (2,1,2,1) )  [ RunTime:0.000325s ]
NOTIC: [2] array_merge() [<a href='function.array-merge'>function.array-merge</a>]: Argument #1 is not an array /Users/linhuazhu/getCode/dev/HuiGL/Home/Lib/Action/IndexAction.class.php 第 88 行.
NOTIC: [2] array_merge() [<a href='function.array-merge'>function.array-merge</a>]: Argument #1 is not an array /Users/linhuazhu/getCode/dev/HuiGL/Home/Lib/Action/IndexAction.class.php 第 88 行.
NOTIC: [2] array_merge() [<a href='function.array-merge'>function.array-merge</a>]: Argument #1 is not an array /Users/linhuazhu/getCode/dev/HuiGL/Home/Lib/Action/IndexAction.class.php 第 88 行.
NOTIC: [2] array_merge() [<a href='function.array-merge'>function.array-merge</a>]: Argument #1 is not an array /Users/linhuazhu/getCode/dev/HuiGL/Home/Lib/Action/IndexAction.class.php 第 88 行.

[ 2013-11-27T19:20:29+08:00 ] 127.0.0.1 /HuiGl/index.php
INFO: [ app_begin ] --START--
INFO: ReadHtmlCache Behavior ::run [ RunTime:0.000102s ]
INFO: [ app_begin ] --END-- [ RunTime:0.000187s ]
SQL: SHOW COLUMNS FROM monkey.t_monkey_cms_index [ RunTime:0.002576s ]
SQL: SELECT * FROM monkey.t_monkey_cms_index WHERE ( status=1 ) ORDER BY weight DESC  [ RunTime:0.000475s ]
SQL: SHOW COLUMNS FROM monkey.t_monkey_news [ RunTime:0.001389s ]
SQL: SELECT * FROM monkey.t_monkey_news WHERE ( news_id IN (1,5,4,3,2,6) )  [ RunTime:0.000308s ]
SQL: SHOW COLUMNS FROM monkey.t_monkey_ad [ RunTime:0.001431s ]
SQL: SELECT * FROM monkey.t_monkey_ad WHERE ( id IN (1,2,3) )  [ RunTime:0.000320s ]
SQL: SHOW COLUMNS FROM monkey.t_monkey_partner_info [ RunTime:0.001486s ]
SQL: SELECT * FROM monkey.t_monkey_partner_info WHERE ( partner_id IN (1,2,3,4,5,6,7,8,9) )  [ RunTime:0.000411s ]
SQL: SHOW COLUMNS FROM monkey.t_monkey_partner_picture [ RunTime:0.002631s ]
SQL: SELECT * FROM monkey.t_monkey_partner_picture WHERE ( partner_id IN (1,2,3,4,5,6,7,8,9) )  [ RunTime:0.000348s ]
SQL: SHOW COLUMNS FROM monkey.t_monkey_partner_info [ RunTime:0.001801s ]
SQL: SELECT * FROM monkey.t_monkey_partner_info WHERE ( partner_id IN (5,6,1,2,3,4) )  [ RunTime:0.000419s ]
SQL: SHOW COLUMNS FROM monkey.t_monkey_partner_picture [ RunTime:0.001515s ]
SQL: SELECT * FROM monkey.t_monkey_partner_picture WHERE ( partner_id IN (5,6,1,2,3,4) )  [ RunTime:0.000372s ]
SQL: SHOW COLUMNS FROM monkey.t_monkey_partner_evaluation [ RunTime:0.001433s ]
SQL: SELECT * FROM monkey.t_monkey_partner_evaluation WHERE ( evaluation_type = '0' ) ORDER BY createtime DESC  [ RunTime:0.000376s ]
SQL: SHOW COLUMNS FROM monkey.t_monkey_user_profile [ RunTime:0.001824s ]
SQL: SELECT * FROM monkey.t_monkey_user_profile WHERE ( user_id IN (1,1,1,1) )  [ RunTime:0.000363s ]
SQL: SHOW COLUMNS FROM monkey.t_monkey_partner_info [ RunTime:0.001545s ]
SQL: SELECT * FROM monkey.t_monkey_partner_info WHERE ( partner_id IN (2,1,2,1) )  [ RunTime:0.000289s ]

[ 2013-11-27T19:20:46+08:00 ] 127.0.0.1 /HuiGl/index.php
INFO: [ app_begin ] --START--
INFO: ReadHtmlCache Behavior ::run [ RunTime:0.000087s ]
INFO: [ app_begin ] --END-- [ RunTime:0.000169s ]
SQL: SHOW COLUMNS FROM monkey.t_monkey_cms_index [ RunTime:0.024620s ]
SQL: SELECT * FROM monkey.t_monkey_cms_index WHERE ( status=1 ) ORDER BY weight DESC  [ RunTime:0.000442s ]
SQL: SHOW COLUMNS FROM monkey.t_monkey_news [ RunTime:0.001493s ]
SQL: SELECT * FROM monkey.t_monkey_news WHERE ( news_id IN (1,5,4,3,2,6) )  [ RunTime:0.000323s ]
SQL: SHOW COLUMNS FROM monkey.t_monkey_ad [ RunTime:0.002048s ]
SQL: SELECT * FROM monkey.t_monkey_ad WHERE ( id IN (1,2,3) )  [ RunTime:0.000355s ]
SQL: SHOW COLUMNS FROM monkey.t_monkey_partner_info [ RunTime:0.001755s ]
SQL: SELECT * FROM monkey.t_monkey_partner_info WHERE ( partner_id IN (1,2,3,4,5,6,7,8,9) )  [ RunTime:0.000396s ]
SQL: SHOW COLUMNS FROM monkey.t_monkey_partner_picture [ RunTime:0.001479s ]
SQL: SELECT * FROM monkey.t_monkey_partner_picture WHERE ( partner_id IN (1,2,3,4,5,6,7,8,9) )  [ RunTime:0.000332s ]
SQL: SHOW COLUMNS FROM monkey.t_monkey_partner_info [ RunTime:0.001416s ]
SQL: SELECT * FROM monkey.t_monkey_partner_info WHERE ( partner_id IN (5,6,1,2,3,4) )  [ RunTime:0.000351s ]
SQL: SHOW COLUMNS FROM monkey.t_monkey_partner_picture [ RunTime:0.001517s ]
SQL: SELECT * FROM monkey.t_monkey_partner_picture WHERE ( partner_id IN (5,6,1,2,3,4) )  [ RunTime:0.000378s ]
SQL: SHOW COLUMNS FROM monkey.t_monkey_partner_evaluation [ RunTime:0.001607s ]
SQL: SELECT * FROM monkey.t_monkey_partner_evaluation WHERE ( evaluation_type = '0' ) ORDER BY createtime DESC  [ RunTime:0.000285s ]
SQL: SHOW COLUMNS FROM monkey.t_monkey_user_profile [ RunTime:0.001719s ]
SQL: SELECT * FROM monkey.t_monkey_user_profile WHERE ( user_id IN (1,1,1,1) )  [ RunTime:0.000377s ]
SQL: SHOW COLUMNS FROM monkey.t_monkey_partner_info [ RunTime:0.001532s ]
SQL: SELECT * FROM monkey.t_monkey_partner_info WHERE ( partner_id IN (2,1,2,1) )  [ RunTime:0.000263s ]

[ 2013-11-27T19:20:58+08:00 ] 127.0.0.1 /HuiGl/index.php
INFO: [ app_begin ] --START--
INFO: ReadHtmlCache Behavior ::run [ RunTime:0.000112s ]
INFO: [ app_begin ] --END-- [ RunTime:0.000254s ]
SQL: SHOW COLUMNS FROM monkey.t_monkey_cms_index [ RunTime:0.001809s ]
SQL: SELECT * FROM monkey.t_monkey_cms_index WHERE ( status=1 ) ORDER BY weight DESC  [ RunTime:0.000379s ]
SQL: SHOW COLUMNS FROM monkey.t_monkey_news [ RunTime:0.001458s ]
SQL: SELECT * FROM monkey.t_monkey_news WHERE ( news_id IN (1,5,4,3,2,6) )  [ RunTime:0.000270s ]
SQL: SHOW COLUMNS FROM monkey.t_monkey_ad [ RunTime:0.001478s ]
SQL: SELECT * FROM monkey.t_monkey_ad WHERE ( id IN (1,2,3) )  [ RunTime:0.000255s ]
SQL: SHOW COLUMNS FROM monkey.t_monkey_partner_info [ RunTime:0.001537s ]
SQL: SELECT * FROM monkey.t_monkey_partner_info WHERE ( partner_id IN (1,2,3,4,5,6,7,8,9) )  [ RunTime:0.000361s ]
SQL: SHOW COLUMNS FROM monkey.t_monkey_partner_picture [ RunTime:0.002088s ]
SQL: SELECT * FROM monkey.t_monkey_partner_picture WHERE ( partner_id IN (1,2,3,4,5,6,7,8,9) )  [ RunTime:0.000307s ]
SQL: SHOW COLUMNS FROM monkey.t_monkey_partner_info [ RunTime:0.001144s ]
SQL: SELECT * FROM monkey.t_monkey_partner_info WHERE ( partner_id IN (5,6,1,2,3,4) )  [ RunTime:0.000257s ]
SQL: SHOW COLUMNS FROM monkey.t_monkey_partner_picture [ RunTime:0.001189s ]
SQL: SELECT * FROM monkey.t_monkey_partner_picture WHERE ( partner_id IN (5,6,1,2,3,4) )  [ RunTime:0.000198s ]
SQL: SHOW COLUMNS FROM monkey.t_monkey_partner_evaluation [ RunTime:0.001263s ]
SQL: SELECT * FROM monkey.t_monkey_partner_evaluation WHERE ( evaluation_type = '0' ) ORDER BY createtime DESC  [ RunTime:0.000283s ]
SQL: SHOW COLUMNS FROM monkey.t_monkey_user_profile [ RunTime:0.001710s ]
SQL: SELECT * FROM monkey.t_monkey_user_profile WHERE ( user_id IN (1,1,1,1) )  [ RunTime:0.000388s ]
SQL: SHOW COLUMNS FROM monkey.t_monkey_partner_info [ RunTime:0.002003s ]
SQL: SELECT * FROM monkey.t_monkey_partner_info WHERE ( partner_id IN (2,1,2,1) )  [ RunTime:0.000321s ]
INFO: [ view_parse ] --START--
INFO: ParseTemplate Behavior ::run [ RunTime:0.046844s ]
INFO: [ view_parse ] --END-- [ RunTime:0.046919s ]
INFO: [ view_filter ] --START--
INFO: ContentReplace Behavior ::run [ RunTime:0.000158s ]
INFO: TokenBuild Behavior ::run [ RunTime:0.000075s ]
INFO: WriteHtmlCache Behavior ::run [ RunTime:0.000045s ]
INFO: ShowRuntime Behavior ::run [ RunTime:0.000088s ]
INFO: [ view_filter ] --END-- [ RunTime:0.000470s ]
INFO: [ view_end ] --START--
INFO: ShowPageTrace Behavior ::run [ RunTime:0.000109s ]
INFO: [ view_end ] --END-- [ RunTime:0.000160s ]

[ 2013-11-27T19:21:01+08:00 ] 127.0.0.1 /HuiGl/index.php
INFO: [ app_begin ] --START--
INFO: ReadHtmlCache Behavior ::run [ RunTime:0.000128s ]
INFO: [ app_begin ] --END-- [ RunTime:0.000226s ]
SQL: SHOW COLUMNS FROM monkey.t_monkey_cms_index [ RunTime:0.002296s ]
SQL: SELECT * FROM monkey.t_monkey_cms_index WHERE ( status=1 ) ORDER BY weight DESC  [ RunTime:0.000468s ]
SQL: SHOW COLUMNS FROM monkey.t_monkey_news [ RunTime:0.001690s ]
SQL: SELECT * FROM monkey.t_monkey_news WHERE ( news_id IN (1,5,4,3,2,6) )  [ RunTime:0.000408s ]
SQL: SHOW COLUMNS FROM monkey.t_monkey_ad [ RunTime:0.001982s ]
SQL: SELECT * FROM monkey.t_monkey_ad WHERE ( id IN (1,2,3) )  [ RunTime:0.000402s ]
SQL: SHOW COLUMNS FROM monkey.t_monkey_partner_info [ RunTime:0.002068s ]
SQL: SELECT * FROM monkey.t_monkey_partner_info WHERE ( partner_id IN (1,2,3,4,5,6,7,8,9) )  [ RunTime:0.000454s ]
SQL: SHOW COLUMNS FROM monkey.t_monkey_partner_picture [ RunTime:0.002336s ]
SQL: SELECT * FROM monkey.t_monkey_partner_picture WHERE ( partner_id IN (1,2,3,4,5,6,7,8,9) )  [ RunTime:0.000483s ]
SQL: SHOW COLUMNS FROM monkey.t_monkey_partner_info [ RunTime:0.002063s ]
SQL: SELECT * FROM monkey.t_monkey_partner_info WHERE ( partner_id IN (5,6,1,2,3,4) )  [ RunTime:0.000461s ]
SQL: SHOW COLUMNS FROM monkey.t_monkey_partner_picture [ RunTime:0.001999s ]
SQL: SELECT * FROM monkey.t_monkey_partner_picture WHERE ( partner_id IN (5,6,1,2,3,4) )  [ RunTime:0.000415s ]
SQL: SHOW COLUMNS FROM monkey.t_monkey_partner_evaluation [ RunTime:0.002096s ]
SQL: SELECT * FROM monkey.t_monkey_partner_evaluation WHERE ( evaluation_type = '0' ) ORDER BY createtime DESC  [ RunTime:0.000405s ]
SQL: SHOW COLUMNS FROM monkey.t_monkey_user_profile [ RunTime:0.001830s ]
SQL: SELECT * FROM monkey.t_monkey_user_profile WHERE ( user_id IN (1,1,1,1) )  [ RunTime:0.000513s ]
SQL: SHOW COLUMNS FROM monkey.t_monkey_partner_info [ RunTime:0.001665s ]
SQL: SELECT * FROM monkey.t_monkey_partner_info WHERE ( partner_id IN (2,1,2,1) )  [ RunTime:0.000353s ]
INFO: [ view_parse ] --START--
INFO: ParseTemplate Behavior ::run [ RunTime:0.013454s ]
INFO: [ view_parse ] --END-- [ RunTime:0.013563s ]
INFO: [ view_filter ] --START--
INFO: ContentReplace Behavior ::run [ RunTime:0.000208s ]
INFO: TokenBuild Behavior ::run [ RunTime:0.000110s ]
INFO: WriteHtmlCache Behavior ::run [ RunTime:0.000068s ]
INFO: ShowRuntime Behavior ::run [ RunTime:0.000234s ]
INFO: [ view_filter ] --END-- [ RunTime:0.000818s ]
INFO: [ view_end ] --START--
INFO: ShowPageTrace Behavior ::run [ RunTime:0.000160s ]
INFO: [ view_end ] --END-- [ RunTime:0.000297s ]

[ 2013-11-27T19:21:28+08:00 ] 127.0.0.1 /HuiGl/index.php
INFO: [ app_begin ] --START--
INFO: ReadHtmlCache Behavior ::run [ RunTime:0.000113s ]
INFO: [ app_begin ] --END-- [ RunTime:0.000203s ]
SQL: SHOW COLUMNS FROM monkey.t_monkey_cms_index [ RunTime:0.001589s ]
SQL: SELECT * FROM monkey.t_monkey_cms_index WHERE ( status=1 ) ORDER BY weight DESC  [ RunTime:0.000469s ]
SQL: SHOW COLUMNS FROM monkey.t_monkey_news [ RunTime:0.001679s ]
SQL: SELECT * FROM monkey.t_monkey_news WHERE ( news_id IN (1,5,4,3,2,6) )  [ RunTime:0.000365s ]
SQL: SHOW COLUMNS FROM monkey.t_monkey_ad [ RunTime:0.002073s ]
SQL: SELECT * FROM monkey.t_monkey_ad WHERE ( id IN (1,2,3) )  [ RunTime:0.000364s ]
SQL: SHOW COLUMNS FROM monkey.t_monkey_partner_info [ RunTime:0.001570s ]
SQL: SELECT * FROM monkey.t_monkey_partner_info WHERE ( partner_id IN (1,2,3,4,5,6,7,8,9) )  [ RunTime:0.000350s ]
SQL: SHOW COLUMNS FROM monkey.t_monkey_partner_picture [ RunTime:0.002012s ]
SQL: SELECT * FROM monkey.t_monkey_partner_picture WHERE ( partner_id IN (1,2,3,4,5,6,7,8,9) )  [ RunTime:0.000345s ]
SQL: SHOW COLUMNS FROM monkey.t_monkey_partner_info [ RunTime:0.001493s ]
SQL: SELECT * FROM monkey.t_monkey_partner_info WHERE ( partner_id IN (5,6,1,2,3,4) )  [ RunTime:0.000353s ]
SQL: SHOW COLUMNS FROM monkey.t_monkey_partner_picture [ RunTime:0.001424s ]
SQL: SELECT * FROM monkey.t_monkey_partner_picture WHERE ( partner_id IN (5,6,1,2,3,4) )  [ RunTime:0.000348s ]
SQL: SHOW COLUMNS FROM monkey.t_monkey_partner_evaluation [ RunTime:0.001955s ]
SQL: SELECT * FROM monkey.t_monkey_partner_evaluation WHERE ( evaluation_type = '0' ) ORDER BY createtime DESC  [ RunTime:0.000347s ]
SQL: SHOW COLUMNS FROM monkey.t_monkey_user_profile [ RunTime:0.001969s ]
SQL: SELECT * FROM monkey.t_monkey_user_profile WHERE ( user_id IN (1,1,1,1) )  [ RunTime:0.000329s ]
SQL: SHOW COLUMNS FROM monkey.t_monkey_partner_info [ RunTime:0.001748s ]
SQL: SELECT * FROM monkey.t_monkey_partner_info WHERE ( partner_id IN (2,1,2,1) )  [ RunTime:0.000350s ]
INFO: [ view_parse ] --START--
NOTIC: [8] Undefined index: nick_name /Users/linhuazhu/getCode/dev/HuiGL/Home/Runtime/Cache/7e4848229090366086cc7eeb3bfc0798.php 第 140 行.
NOTIC: [8] Undefined index: nick_name /Users/linhuazhu/getCode/dev/HuiGL/Home/Runtime/Cache/7e4848229090366086cc7eeb3bfc0798.php 第 140 行.
NOTIC: [8] Undefined index: nick_name /Users/linhuazhu/getCode/dev/HuiGL/Home/Runtime/Cache/7e4848229090366086cc7eeb3bfc0798.php 第 140 行.
NOTIC: [8] Undefined index: nick_name /Users/linhuazhu/getCode/dev/HuiGL/Home/Runtime/Cache/7e4848229090366086cc7eeb3bfc0798.php 第 140 行.
INFO: ParseTemplate Behavior ::run [ RunTime:0.030531s ]
INFO: [ view_parse ] --END-- [ RunTime:0.030616s ]
INFO: [ view_filter ] --START--
INFO: ContentReplace Behavior ::run [ RunTime:0.000172s ]
INFO: TokenBuild Behavior ::run [ RunTime:0.000077s ]
INFO: WriteHtmlCache Behavior ::run [ RunTime:0.000045s ]
INFO: ShowRuntime Behavior ::run [ RunTime:0.000087s ]
INFO: [ view_filter ] --END-- [ RunTime:0.000478s ]
INFO: [ view_end ] --START--
INFO: ShowPageTrace Behavior ::run [ RunTime:0.000107s ]
INFO: [ view_end ] --END-- [ RunTime:0.000153s ]

[ 2013-11-27T19:22:02+08:00 ] 127.0.0.1 /HuiGl/index.php
INFO: [ app_begin ] --START--
INFO: ReadHtmlCache Behavior ::run [ RunTime:0.000111s ]
INFO: [ app_begin ] --END-- [ RunTime:0.000207s ]
SQL: SHOW COLUMNS FROM monkey.t_monkey_cms_index [ RunTime:0.002895s ]
SQL: SELECT * FROM monkey.t_monkey_cms_index WHERE ( status=1 ) ORDER BY weight DESC  [ RunTime:0.000478s ]
SQL: SHOW COLUMNS FROM monkey.t_monkey_news [ RunTime:0.001469s ]
SQL: SELECT * FROM monkey.t_monkey_news WHERE ( news_id IN (1,5,4,3,2,6) )  [ RunTime:0.000345s ]
SQL: SHOW COLUMNS FROM monkey.t_monkey_ad [ RunTime:0.001918s ]
SQL: SELECT * FROM monkey.t_monkey_ad WHERE ( id IN (1,2,3) )  [ RunTime:0.000376s ]
SQL: SHOW COLUMNS FROM monkey.t_monkey_partner_info [ RunTime:0.001592s ]
SQL: SELECT * FROM monkey.t_monkey_partner_info WHERE ( partner_id IN (1,2,3,4,5,6,7,8,9) )  [ RunTime:0.000402s ]
SQL: SHOW COLUMNS FROM monkey.t_monkey_partner_picture [ RunTime:0.001721s ]
SQL: SELECT * FROM monkey.t_monkey_partner_picture WHERE ( partner_id IN (1,2,3,4,5,6,7,8,9) )  [ RunTime:0.000434s ]
SQL: SHOW COLUMNS FROM monkey.t_monkey_partner_info [ RunTime:0.001719s ]
SQL: SELECT * FROM monkey.t_monkey_partner_info WHERE ( partner_id IN (5,6,1,2,3,4) )  [ RunTime:0.000346s ]
SQL: SHOW COLUMNS FROM monkey.t_monkey_partner_picture [ RunTime:0.001560s ]
SQL: SELECT * FROM monkey.t_monkey_partner_picture WHERE ( partner_id IN (5,6,1,2,3,4) )  [ RunTime:0.000345s ]
SQL: SHOW COLUMNS FROM monkey.t_monkey_partner_evaluation [ RunTime:0.001631s ]
SQL: SELECT * FROM monkey.t_monkey_partner_evaluation WHERE ( evaluation_type = '0' ) ORDER BY createtime DESC  [ RunTime:0.000343s ]
SQL: SHOW COLUMNS FROM monkey.t_monkey_user_profile [ RunTime:0.002056s ]
SQL: SELECT * FROM monkey.t_monkey_user_profile WHERE ( user_id IN (1,1,1,1) )  [ RunTime:0.000291s ]
SQL: SHOW COLUMNS FROM monkey.t_monkey_partner_info [ RunTime:0.001494s ]
SQL: SELECT * FROM monkey.t_monkey_partner_info WHERE ( partner_id IN (2,1,2,1) )  [ RunTime:0.000387s ]
INFO: [ view_parse ] --START--
INFO: ParseTemplate Behavior ::run [ RunTime:0.012895s ]
INFO: [ view_parse ] --END-- [ RunTime:0.012989s ]
INFO: [ view_filter ] --START--
INFO: ContentReplace Behavior ::run [ RunTime:0.000229s ]
INFO: TokenBuild Behavior ::run [ RunTime:0.000087s ]
INFO: WriteHtmlCache Behavior ::run [ RunTime:0.000076s ]
INFO: ShowRuntime Behavior ::run [ RunTime:0.000143s ]
INFO: [ view_filter ] --END-- [ RunTime:0.000682s ]
INFO: [ view_end ] --START--
INFO: ShowPageTrace Behavior ::run [ RunTime:0.000129s ]
INFO: [ view_end ] --END-- [ RunTime:0.000201s ]

[ 2013-11-27T19:25:56+08:00 ] 127.0.0.1 /HuiGl/index.php
INFO: [ app_begin ] --START--
INFO: ReadHtmlCache Behavior ::run [ RunTime:0.000067s ]
INFO: [ app_begin ] --END-- [ RunTime:0.000132s ]
SQL: SHOW COLUMNS FROM monkey.t_monkey_cms_index [ RunTime:0.096846s ]
SQL: SELECT * FROM monkey.t_monkey_cms_index WHERE ( status=1 ) ORDER BY weight DESC  [ RunTime:0.000566s ]
SQL: SHOW COLUMNS FROM monkey.t_monkey_news [ RunTime:0.001877s ]
SQL: SELECT * FROM monkey.t_monkey_news WHERE ( news_id IN (1,5,4,3,2,6) )  [ RunTime:0.000391s ]
SQL: SHOW COLUMNS FROM monkey.t_monkey_ad [ RunTime:0.002076s ]
SQL: SELECT * FROM monkey.t_monkey_ad WHERE ( id IN (1,2,3) )  [ RunTime:0.000373s ]
SQL: SHOW COLUMNS FROM monkey.t_monkey_partner_info [ RunTime:0.002584s ]
SQL: SELECT * FROM monkey.t_monkey_partner_info WHERE ( partner_id IN (1,2,3,4,5,6,7,8,9) )  [ RunTime:0.000587s ]
SQL: SHOW COLUMNS FROM monkey.t_monkey_partner_picture [ RunTime:0.001672s ]
SQL: SELECT * FROM monkey.t_monkey_partner_picture WHERE ( partner_id IN (1,2,3,4,5,6,7,8,9) )  [ RunTime:0.000300s ]
SQL: SHOW COLUMNS FROM monkey.t_monkey_partner_info [ RunTime:0.001694s ]
SQL: SELECT * FROM monkey.t_monkey_partner_info WHERE ( partner_id IN (5,6,1,2,3,4) )  [ RunTime:0.000267s ]
SQL: SHOW COLUMNS FROM monkey.t_monkey_partner_picture [ RunTime:0.001356s ]
SQL: SELECT * FROM monkey.t_monkey_partner_picture WHERE ( partner_id IN (5,6,1,2,3,4) )  [ RunTime:0.000222s ]
SQL: SHOW COLUMNS FROM monkey.t_monkey_partner_evaluation [ RunTime:0.001697s ]
SQL: SELECT * FROM monkey.t_monkey_partner_evaluation WHERE ( evaluation_type = '0' ) ORDER BY createtime DESC  [ RunTime:0.000241s ]
SQL: SHOW COLUMNS FROM monkey.t_monkey_user_profile [ RunTime:0.001197s ]
SQL: SELECT * FROM monkey.t_monkey_user_profile WHERE ( user_id IN (1,1,1,1) )  [ RunTime:0.000217s ]
SQL: SHOW COLUMNS FROM monkey.t_monkey_partner_info [ RunTime:0.001630s ]
SQL: SELECT * FROM monkey.t_monkey_partner_info WHERE ( partner_id IN (2,1,2,1) )  [ RunTime:0.000223s ]
INFO: [ view_parse ] --START--
INFO: ParseTemplate Behavior ::run [ RunTime:0.036094s ]
INFO: [ view_parse ] --END-- [ RunTime:0.036224s ]
INFO: [ view_filter ] --START--
INFO: ContentReplace Behavior ::run [ RunTime:0.000303s ]
INFO: TokenBuild Behavior ::run [ RunTime:0.000176s ]
INFO: WriteHtmlCache Behavior ::run [ RunTime:0.000069s ]
INFO: ShowRuntime Behavior ::run [ RunTime:0.000134s ]
INFO: [ view_filter ] --END-- [ RunTime:0.000909s ]
INFO: [ view_end ] --START--
INFO: ShowPageTrace Behavior ::run [ RunTime:0.000155s ]
INFO: [ view_end ] --END-- [ RunTime:0.000245s ]

