[ 2013-11-15T21:35:03+08:00 ] 127.0.0.1 /HuiGL/index.php
INFO: [ app_begin ] --START--
INFO: ReadHtmlCache Behavior ::run [ RunTime:0.018362s ]
INFO: [ app_begin ] --END-- [ RunTime:0.018611s ]
INFO: [ view_parse ] --START--
INFO: ParseTemplate Behavior ::run [ RunTime:0.110805s ]
INFO: [ view_parse ] --END-- [ RunTime:0.110985s ]
INFO: [ view_filter ] --START--
INFO: ContentReplace Behavior ::run [ RunTime:0.005156s ]
INFO: TokenBuild Behavior ::run [ RunTime:0.016727s ]
INFO: WriteHtmlCache Behavior ::run [ RunTime:0.003936s ]
INFO: ShowRuntime Behavior ::run [ RunTime:0.008884s ]
INFO: [ view_filter ] --END-- [ RunTime:0.035180s ]
INFO: [ view_end ] --START--
INFO: ShowPageTrace Behavior ::run [ RunTime:0.017792s ]
INFO: [ view_end ] --END-- [ RunTime:0.017964s ]

[ 2013-11-15T21:35:06+08:00 ] 127.0.0.1 /HuiGL/index.php
INFO: [ app_begin ] --START--
INFO: ReadHtmlCache Behavior ::run [ RunTime:0.000891s ]
INFO: [ app_begin ] --END-- [ RunTime:0.001017s ]
INFO: [ view_parse ] --START--
INFO: ParseTemplate Behavior ::run [ RunTime:0.022058s ]
INFO: [ view_parse ] --END-- [ RunTime:0.022213s ]
INFO: [ view_filter ] --START--
INFO: ContentReplace Behavior ::run [ RunTime:0.000690s ]
INFO: TokenBuild Behavior ::run [ RunTime:0.000566s ]
INFO: WriteHtmlCache Behavior ::run [ RunTime:0.000436s ]
INFO: ShowRuntime Behavior ::run [ RunTime:0.000587s ]
INFO: [ view_filter ] --END-- [ RunTime:0.002549s ]
INFO: [ view_end ] --START--
INFO: ShowPageTrace Behavior ::run [ RunTime:0.003699s ]
INFO: [ view_end ] --END-- [ RunTime:0.003824s ]

[ 2013-11-15T21:39:56+08:00 ] 127.0.0.1 /HuiGL/index.php?m=Coupon&a=coupon
INFO: [ app_begin ] --START--
INFO: ReadHtmlCache Behavior ::run [ RunTime:0.003650s ]
INFO: [ app_begin ] --END-- [ RunTime:0.003775s ]
INFO: [ view_parse ] --START--
INFO: ParseTemplate Behavior ::run [ RunTime:0.082298s ]
INFO: [ view_parse ] --END-- [ RunTime:0.082513s ]
INFO: [ view_filter ] --START--
INFO: ContentReplace Behavior ::run [ RunTime:0.002599s ]
INFO: TokenBuild Behavior ::run [ RunTime:0.002455s ]
INFO: WriteHtmlCache Behavior ::run [ RunTime:0.002589s ]
INFO: ShowRuntime Behavior ::run [ RunTime:0.003480s ]
INFO: [ view_filter ] --END-- [ RunTime:0.011511s ]
INFO: [ view_end ] --START--
INFO: ShowPageTrace Behavior ::run [ RunTime:0.003852s ]
INFO: [ view_end ] --END-- [ RunTime:0.003966s ]

[ 2013-11-15T21:41:30+08:00 ] 127.0.0.1 /HuiGL/index.php
INFO: [ app_begin ] --START--
INFO: ReadHtmlCache Behavior ::run [ RunTime:0.000741s ]
INFO: [ app_begin ] --END-- [ RunTime:0.000869s ]
INFO: [ view_parse ] --START--
INFO: ParseTemplate Behavior ::run [ RunTime:0.017787s ]
INFO: [ view_parse ] --END-- [ RunTime:0.017915s ]
INFO: [ view_filter ] --START--
INFO: ContentReplace Behavior ::run [ RunTime:0.000601s ]
INFO: TokenBuild Behavior ::run [ RunTime:0.000453s ]
INFO: WriteHtmlCache Behavior ::run [ RunTime:0.000332s ]
INFO: ShowRuntime Behavior ::run [ RunTime:0.000542s ]
INFO: [ view_filter ] --END-- [ RunTime:0.002191s ]
INFO: [ view_end ] --START--
INFO: ShowPageTrace Behavior ::run [ RunTime:0.000681s ]
INFO: [ view_end ] --END-- [ RunTime:0.000760s ]

[ 2013-11-15T21:41:44+08:00 ] 127.0.0.1 /HuiGL/index.php
INFO: [ app_begin ] --START--
INFO: ReadHtmlCache Behavior ::run [ RunTime:0.000510s ]
INFO: [ app_begin ] --END-- [ RunTime:0.000619s ]
INFO: [ view_parse ] --START--
INFO: ParseTemplate Behavior ::run [ RunTime:0.015128s ]
INFO: [ view_parse ] --END-- [ RunTime:0.015240s ]
INFO: [ view_filter ] --START--
INFO: ContentReplace Behavior ::run [ RunTime:0.000541s ]
INFO: TokenBuild Behavior ::run [ RunTime:0.000367s ]
INFO: WriteHtmlCache Behavior ::run [ RunTime:0.000258s ]
INFO: ShowRuntime Behavior ::run [ RunTime:0.000534s ]
INFO: [ view_filter ] --END-- [ RunTime:0.001929s ]
INFO: [ view_end ] --START--
INFO: ShowPageTrace Behavior ::run [ RunTime:0.000835s ]
INFO: [ view_end ] --END-- [ RunTime:0.000919s ]

[ 2013-11-15T21:42:05+08:00 ] 127.0.0.1 /HuiGL/index.php?m=Coupon&a=coupon
INFO: [ app_begin ] --START--
INFO: ReadHtmlCache Behavior ::run [ RunTime:0.000662s ]
INFO: [ app_begin ] --END-- [ RunTime:0.000792s ]
INFO: [ view_parse ] --START--
INFO: ParseTemplate Behavior ::run [ RunTime:0.017023s ]
INFO: [ view_parse ] --END-- [ RunTime:0.017149s ]
INFO: [ view_filter ] --START--
INFO: ContentReplace Behavior ::run [ RunTime:0.000527s ]
INFO: TokenBuild Behavior ::run [ RunTime:0.000378s ]
INFO: WriteHtmlCache Behavior ::run [ RunTime:0.000259s ]
INFO: ShowRuntime Behavior ::run [ RunTime:0.000538s ]
INFO: [ view_filter ] --END-- [ RunTime:0.001973s ]
INFO: [ view_end ] --START--
INFO: ShowPageTrace Behavior ::run [ RunTime:0.000590s ]
INFO: [ view_end ] --END-- [ RunTime:0.000674s ]

[ 2013-11-15T21:43:02+08:00 ] 127.0.0.1 /HuiGL/index.php?m=Coupon&a=coupon
INFO: [ app_begin ] --START--
INFO: ReadHtmlCache Behavior ::run [ RunTime:0.000510s ]
INFO: [ app_begin ] --END-- [ RunTime:0.000623s ]
INFO: [ view_parse ] --START--
INFO: ParseTemplate Behavior ::run [ RunTime:0.014613s ]
INFO: [ view_parse ] --END-- [ RunTime:0.014730s ]
INFO: [ view_filter ] --START--
INFO: ContentReplace Behavior ::run [ RunTime:0.000522s ]
INFO: TokenBuild Behavior ::run [ RunTime:0.000372s ]
INFO: WriteHtmlCache Behavior ::run [ RunTime:0.000256s ]
INFO: ShowRuntime Behavior ::run [ RunTime:0.000535s ]
INFO: [ view_filter ] --END-- [ RunTime:0.001951s ]
INFO: [ view_end ] --START--
INFO: ShowPageTrace Behavior ::run [ RunTime:0.000575s ]
INFO: [ view_end ] --END-- [ RunTime:0.000655s ]

[ 2013-11-15T21:48:38+08:00 ] 127.0.0.1 /HuiGL/index.php?m=Coupon&a=coupon
INFO: [ app_begin ] --START--
INFO: ReadHtmlCache Behavior ::run [ RunTime:0.000653s ]
INFO: [ app_begin ] --END-- [ RunTime:0.000760s ]
INFO: [ view_parse ] --START--
INFO: ParseTemplate Behavior ::run [ RunTime:0.014930s ]
INFO: [ view_parse ] --END-- [ RunTime:0.015038s ]
INFO: [ view_filter ] --START--
INFO: ContentReplace Behavior ::run [ RunTime:0.000578s ]
INFO: TokenBuild Behavior ::run [ RunTime:0.000505s ]
INFO: WriteHtmlCache Behavior ::run [ RunTime:0.000360s ]
INFO: ShowRuntime Behavior ::run [ RunTime:0.000536s ]
INFO: [ view_filter ] --END-- [ RunTime:0.002210s ]
INFO: [ view_end ] --START--
INFO: ShowPageTrace Behavior ::run [ RunTime:0.000598s ]
INFO: [ view_end ] --END-- [ RunTime:0.000678s ]

[ 2013-11-15T21:50:11+08:00 ] 127.0.0.1 /HuiGL/index.php?m=Card&a=card
INFO: [ app_begin ] --START--
INFO: ReadHtmlCache Behavior ::run [ RunTime:0.000514s ]
INFO: [ app_begin ] --END-- [ RunTime:0.000626s ]
INFO: [ view_parse ] --START--
INFO: ParseTemplate Behavior ::run [ RunTime:0.499589s ]
INFO: [ view_parse ] --END-- [ RunTime:0.499838s ]
INFO: [ view_filter ] --START--
INFO: ContentReplace Behavior ::run [ RunTime:0.001218s ]
INFO: TokenBuild Behavior ::run [ RunTime:0.000952s ]
INFO: WriteHtmlCache Behavior ::run [ RunTime:0.000678s ]
INFO: ShowRuntime Behavior ::run [ RunTime:0.001224s ]
INFO: [ view_filter ] --END-- [ RunTime:0.004675s ]
INFO: [ view_end ] --START--
INFO: ShowPageTrace Behavior ::run [ RunTime:0.001276s ]
INFO: [ view_end ] --END-- [ RunTime:0.001483s ]

[ 2013-11-15T21:50:15+08:00 ] 127.0.0.1 /HuiGL/index.php
INFO: [ app_begin ] --START--
INFO: ReadHtmlCache Behavior ::run [ RunTime:0.001179s ]
INFO: [ app_begin ] --END-- [ RunTime:0.001415s ]
INFO: [ view_parse ] --START--
INFO: ParseTemplate Behavior ::run [ RunTime:0.020587s ]
INFO: [ view_parse ] --END-- [ RunTime:0.020729s ]
INFO: [ view_filter ] --START--
INFO: ContentReplace Behavior ::run [ RunTime:0.000545s ]
INFO: TokenBuild Behavior ::run [ RunTime:0.000386s ]
INFO: WriteHtmlCache Behavior ::run [ RunTime:0.000275s ]
INFO: ShowRuntime Behavior ::run [ RunTime:0.000647s ]
INFO: [ view_filter ] --END-- [ RunTime:0.002113s ]
INFO: [ view_end ] --START--
INFO: ShowPageTrace Behavior ::run [ RunTime:0.000671s ]
INFO: [ view_end ] --END-- [ RunTime:0.000752s ]

[ 2013-11-15T21:50:17+08:00 ] 127.0.0.1 /HuiGL/index.php?m=Coupon&a=coupon
INFO: [ app_begin ] --START--
INFO: ReadHtmlCache Behavior ::run [ RunTime:0.000489s ]
INFO: [ app_begin ] --END-- [ RunTime:0.000593s ]
INFO: [ view_parse ] --START--
INFO: ParseTemplate Behavior ::run [ RunTime:0.014031s ]
INFO: [ view_parse ] --END-- [ RunTime:0.014150s ]
INFO: [ view_filter ] --START--
INFO: ContentReplace Behavior ::run [ RunTime:0.001037s ]
INFO: TokenBuild Behavior ::run [ RunTime:0.000453s ]
INFO: WriteHtmlCache Behavior ::run [ RunTime:0.000312s ]
INFO: ShowRuntime Behavior ::run [ RunTime:0.000501s ]
INFO: [ view_filter ] --END-- [ RunTime:0.002617s ]
INFO: [ view_end ] --START--
INFO: ShowPageTrace Behavior ::run [ RunTime:0.000555s ]
INFO: [ view_end ] --END-- [ RunTime:0.000636s ]

[ 2013-11-15T21:53:22+08:00 ] 127.0.0.1 /HuiGL/index.php?m=Coupon&a=coupon
INFO: [ app_begin ] --START--
INFO: ReadHtmlCache Behavior ::run [ RunTime:0.000666s ]
INFO: [ app_begin ] --END-- [ RunTime:0.000782s ]
INFO: [ view_parse ] --START--
INFO: ParseTemplate Behavior ::run [ RunTime:0.014798s ]
INFO: [ view_parse ] --END-- [ RunTime:0.014912s ]
INFO: [ view_filter ] --START--
INFO: ContentReplace Behavior ::run [ RunTime:0.000610s ]
INFO: TokenBuild Behavior ::run [ RunTime:0.000442s ]
INFO: WriteHtmlCache Behavior ::run [ RunTime:0.000321s ]
INFO: ShowRuntime Behavior ::run [ RunTime:0.000561s ]
INFO: [ view_filter ] --END-- [ RunTime:0.002182s ]
INFO: [ view_end ] --START--
INFO: ShowPageTrace Behavior ::run [ RunTime:0.000723s ]
INFO: [ view_end ] --END-- [ RunTime:0.000803s ]

[ 2013-11-15T21:54:51+08:00 ] 127.0.0.1 /HuiGL/index.php?m=Coupon&a=coupon
INFO: [ app_begin ] --START--
INFO: ReadHtmlCache Behavior ::run [ RunTime:0.000521s ]
INFO: [ app_begin ] --END-- [ RunTime:0.000631s ]
INFO: [ view_parse ] --START--
INFO: ParseTemplate Behavior ::run [ RunTime:0.014944s ]
INFO: [ view_parse ] --END-- [ RunTime:0.015059s ]
INFO: [ view_filter ] --START--
INFO: ContentReplace Behavior ::run [ RunTime:0.000674s ]
INFO: TokenBuild Behavior ::run [ RunTime:0.000406s ]
INFO: WriteHtmlCache Behavior ::run [ RunTime:0.000267s ]
INFO: ShowRuntime Behavior ::run [ RunTime:0.000497s ]
INFO: [ view_filter ] --END-- [ RunTime:0.002100s ]
INFO: [ view_end ] --START--
INFO: ShowPageTrace Behavior ::run [ RunTime:0.000608s ]
INFO: [ view_end ] --END-- [ RunTime:0.000710s ]

[ 2013-11-15T22:33:07+08:00 ] 127.0.0.1 /
INFO: [ route_check ] --START--
INFO: CheckRoute Behavior ::run [ RunTime:0.000117s ]
INFO: [ route_check ] --END-- [ RunTime:0.000245s ]
INFO: [ app_begin ] --START--
INFO: ReadHtmlCache Behavior ::run [ RunTime:0.000071s ]
INFO: [ app_begin ] --END-- [ RunTime:0.000114s ]
INFO: [ view_parse ] --START--
INFO: ParseTemplate Behavior ::run [ RunTime:0.399749s ]
INFO: [ view_parse ] --END-- [ RunTime:0.399835s ]
INFO: [ view_filter ] --START--
INFO: ContentReplace Behavior ::run [ RunTime:0.012670s ]
INFO: TokenBuild Behavior ::run [ RunTime:0.000660s ]
INFO: WriteHtmlCache Behavior ::run [ RunTime:0.000375s ]
INFO: ShowRuntime Behavior ::run [ RunTime:0.000549s ]
INFO: [ view_filter ] --END-- [ RunTime:0.014403s ]
INFO: [ view_end ] --START--
INFO: ShowPageTrace Behavior ::run [ RunTime:0.000716s ]
INFO: [ view_end ] --END-- [ RunTime:0.000807s ]

[ 2013-11-15T22:33:08+08:00 ] 127.0.0.1 /layouts/css/global.css
INFO: [ route_check ] --START--
INFO: CheckRoute Behavior ::run [ RunTime:0.000089s ]
INFO: [ route_check ] --END-- [ RunTime:0.000172s ]
INFO: [ app_begin ] --START--
INFO: ReadHtmlCache Behavior ::run [ RunTime:0.000091s ]
INFO: [ app_begin ] --END-- [ RunTime:0.000152s ]
ERR: 无法加载模块:layouts

[ 2013-11-15T22:33:08+08:00 ] 127.0.0.1 /Layouts/js/jquery-1.7.2.min.js
INFO: [ route_check ] --START--
INFO: CheckRoute Behavior ::run [ RunTime:0.000083s ]
INFO: [ route_check ] --END-- [ RunTime:0.000141s ]
INFO: [ app_begin ] --START--
INFO: ReadHtmlCache Behavior ::run [ RunTime:0.000063s ]
INFO: [ app_begin ] --END-- [ RunTime:0.000101s ]
ERR: 无法加载模块:Layouts

[ 2013-11-15T22:33:08+08:00 ] 127.0.0.1 /Layouts/css/index.css
INFO: [ route_check ] --START--
INFO: CheckRoute Behavior ::run [ RunTime:0.000190s ]
INFO: [ route_check ] --END-- [ RunTime:0.000349s ]
INFO: [ app_begin ] --START--
INFO: ReadHtmlCache Behavior ::run [ RunTime:0.000130s ]
INFO: [ app_begin ] --END-- [ RunTime:0.000210s ]
ERR: 无法加载模块:Layouts

[ 2013-11-15T22:33:08+08:00 ] 127.0.0.1 /Layouts/js/index.js
INFO: [ route_check ] --START--
INFO: CheckRoute Behavior ::run [ RunTime:0.000098s ]
INFO: [ route_check ] --END-- [ RunTime:0.000167s ]
INFO: [ app_begin ] --START--
INFO: ReadHtmlCache Behavior ::run [ RunTime:0.000110s ]
INFO: [ app_begin ] --END-- [ RunTime:0.000176s ]
ERR: 无法加载模块:Layouts

[ 2013-11-15T22:33:08+08:00 ] 127.0.0.1 /Layouts/js/iepng.js
INFO: [ route_check ] --START--
INFO: CheckRoute Behavior ::run [ RunTime:0.000069s ]
INFO: [ route_check ] --END-- [ RunTime:0.000133s ]
INFO: [ app_begin ] --START--
INFO: ReadHtmlCache Behavior ::run [ RunTime:0.000064s ]
INFO: [ app_begin ] --END-- [ RunTime:0.000105s ]
ERR: 无法加载模块:Layouts

[ 2013-11-15T22:33:19+08:00 ] 127.0.0.1 /
INFO: [ route_check ] --START--
INFO: CheckRoute Behavior ::run [ RunTime:0.000138s ]
INFO: [ route_check ] --END-- [ RunTime:0.000273s ]
INFO: [ app_begin ] --START--
INFO: ReadHtmlCache Behavior ::run [ RunTime:0.000131s ]
INFO: [ app_begin ] --END-- [ RunTime:0.000213s ]
INFO: [ view_parse ] --START--
INFO: ParseTemplate Behavior ::run [ RunTime:0.009459s ]
INFO: [ view_parse ] --END-- [ RunTime:0.009554s ]
INFO: [ view_filter ] --START--
INFO: ContentReplace Behavior ::run [ RunTime:0.000234s ]
INFO: TokenBuild Behavior ::run [ RunTime:0.000129s ]
INFO: WriteHtmlCache Behavior ::run [ RunTime:0.000074s ]
INFO: ShowRuntime Behavior ::run [ RunTime:0.000136s ]
INFO: [ view_filter ] --END-- [ RunTime:0.000747s ]
INFO: [ view_end ] --START--
INFO: ShowPageTrace Behavior ::run [ RunTime:0.000122s ]
INFO: [ view_end ] --END-- [ RunTime:0.000193s ]

[ 2013-11-15T22:33:19+08:00 ] 127.0.0.1 /layouts/css/global.css
INFO: [ route_check ] --START--
INFO: CheckRoute Behavior ::run [ RunTime:0.000096s ]
INFO: [ route_check ] --END-- [ RunTime:0.000176s ]
INFO: [ app_begin ] --START--
INFO: ReadHtmlCache Behavior ::run [ RunTime:0.000097s ]
INFO: [ app_begin ] --END-- [ RunTime:0.000161s ]
ERR: 无法加载模块:layouts

[ 2013-11-15T22:33:19+08:00 ] 127.0.0.1 /Layouts/js/index.js
INFO: [ route_check ] --START--
INFO: CheckRoute Behavior ::run [ RunTime:0.000088s ]
INFO: [ route_check ] --END-- [ RunTime:0.000161s ]
INFO: [ app_begin ] --START--
INFO: ReadHtmlCache Behavior ::run [ RunTime:0.000098s ]
INFO: [ app_begin ] --END-- [ RunTime:0.000162s ]
ERR: 无法加载模块:Layouts

[ 2013-11-15T22:33:19+08:00 ] 127.0.0.1 /Layouts/js/iepng.js
INFO: [ route_check ] --START--
INFO: CheckRoute Behavior ::run [ RunTime:0.000128s ]
INFO: [ route_check ] --END-- [ RunTime:0.000224s ]
INFO: [ app_begin ] --START--
INFO: ReadHtmlCache Behavior ::run [ RunTime:0.000456s ]
INFO: [ app_begin ] --END-- [ RunTime:0.000536s ]
ERR: 无法加载模块:Layouts

[ 2013-11-15T22:33:19+08:00 ] 127.0.0.1 /Layouts/js/jquery-1.7.2.min.js
INFO: [ route_check ] --START--
INFO: CheckRoute Behavior ::run [ RunTime:0.000200s ]
INFO: [ route_check ] --END-- [ RunTime:0.000360s ]
INFO: [ app_begin ] --START--
INFO: ReadHtmlCache Behavior ::run [ RunTime:0.000185s ]
INFO: [ app_begin ] --END-- [ RunTime:0.000271s ]
ERR: 无法加载模块:Layouts

[ 2013-11-15T22:33:19+08:00 ] 127.0.0.1 /Layouts/css/index.css
INFO: [ route_check ] --START--
INFO: CheckRoute Behavior ::run [ RunTime:0.000524s ]
INFO: [ route_check ] --END-- [ RunTime:0.000850s ]
INFO: [ app_begin ] --START--
INFO: ReadHtmlCache Behavior ::run [ RunTime:0.000162s ]
INFO: [ app_begin ] --END-- [ RunTime:0.000246s ]
ERR: 无法加载模块:Layouts

[ 2013-11-15T22:33:34+08:00 ] 127.0.0.1 /layouts/css/global.css
INFO: [ route_check ] --START--
INFO: CheckRoute Behavior ::run [ RunTime:0.000140s ]
INFO: [ route_check ] --END-- [ RunTime:0.000303s ]
INFO: [ app_begin ] --START--
INFO: ReadHtmlCache Behavior ::run [ RunTime:0.000076s ]
INFO: [ app_begin ] --END-- [ RunTime:0.000116s ]
ERR: 无法加载模块:layouts

[ 2013-11-15T22:34:46+08:00 ] 127.0.0.1 /layouts/css/global.css
INFO: [ route_check ] --START--
INFO: CheckRoute Behavior ::run [ RunTime:0.000147s ]
INFO: [ route_check ] --END-- [ RunTime:0.000260s ]
INFO: [ app_begin ] --START--
INFO: ReadHtmlCache Behavior ::run [ RunTime:0.000141s ]
INFO: [ app_begin ] --END-- [ RunTime:0.000250s ]
ERR: 无法加载模块:layouts

[ 2013-11-15T22:37:06+08:00 ] 127.0.0.1 /layouts/css/global.css
INFO: [ route_check ] --START--
INFO: CheckRoute Behavior ::run [ RunTime:0.000591s ]
INFO: [ route_check ] --END-- [ RunTime:0.000696s ]
INFO: [ app_begin ] --START--
INFO: ReadHtmlCache Behavior ::run [ RunTime:0.000345s ]
INFO: [ app_begin ] --END-- [ RunTime:0.000392s ]
ERR: 无法加载模块:layouts

[ 2013-11-15T22:37:11+08:00 ] 127.0.0.1 /layouts/css/global.css
INFO: [ route_check ] --START--
INFO: CheckRoute Behavior ::run [ RunTime:0.000337s ]
INFO: [ route_check ] --END-- [ RunTime:0.000581s ]
INFO: [ app_begin ] --START--
INFO: ReadHtmlCache Behavior ::run [ RunTime:0.000375s ]
INFO: [ app_begin ] --END-- [ RunTime:0.000453s ]
ERR: 无法加载模块:layouts

[ 2013-11-15T22:37:30+08:00 ] 127.0.0.1 /
INFO: [ route_check ] --START--
INFO: CheckRoute Behavior ::run [ RunTime:0.000132s ]
INFO: [ route_check ] --END-- [ RunTime:0.000256s ]
INFO: [ app_begin ] --START--
INFO: ReadHtmlCache Behavior ::run [ RunTime:0.000077s ]
INFO: [ app_begin ] --END-- [ RunTime:0.000121s ]
INFO: [ view_parse ] --START--
INFO: ParseTemplate Behavior ::run [ RunTime:0.013472s ]
INFO: [ view_parse ] --END-- [ RunTime:0.013560s ]
INFO: [ view_filter ] --START--
INFO: ContentReplace Behavior ::run [ RunTime:0.000437s ]
INFO: TokenBuild Behavior ::run [ RunTime:0.000356s ]
INFO: WriteHtmlCache Behavior ::run [ RunTime:0.000223s ]
INFO: ShowRuntime Behavior ::run [ RunTime:0.000439s ]
INFO: [ view_filter ] --END-- [ RunTime:0.001673s ]
INFO: [ view_end ] --START--
INFO: ShowPageTrace Behavior ::run [ RunTime:0.000781s ]
INFO: [ view_end ] --END-- [ RunTime:0.000884s ]

[ 2013-11-15T22:37:30+08:00 ] 127.0.0.1 /layouts/css/global.css
INFO: [ route_check ] --START--
INFO: CheckRoute Behavior ::run [ RunTime:0.000117s ]
INFO: [ route_check ] --END-- [ RunTime:0.000212s ]
INFO: [ app_begin ] --START--
INFO: ReadHtmlCache Behavior ::run [ RunTime:0.000117s ]
INFO: [ app_begin ] --END-- [ RunTime:0.000191s ]
ERR: 无法加载模块:layouts

[ 2013-11-15T22:37:30+08:00 ] 127.0.0.1 /Layouts/js/iepng.js
INFO: [ route_check ] --START--
INFO: CheckRoute Behavior ::run [ RunTime:0.000144s ]
INFO: [ route_check ] --END-- [ RunTime:0.000233s ]
INFO: [ app_begin ] --START--
INFO: ReadHtmlCache Behavior ::run [ RunTime:0.000207s ]
INFO: [ app_begin ] --END-- [ RunTime:0.000275s ]
ERR: 无法加载模块:Layouts

[ 2013-11-15T22:37:30+08:00 ] 127.0.0.1 /Layouts/js/index.js
INFO: [ route_check ] --START--
INFO: CheckRoute Behavior ::run [ RunTime:0.000261s ]
INFO: [ route_check ] --END-- [ RunTime:0.000408s ]
INFO: [ app_begin ] --START--
INFO: ReadHtmlCache Behavior ::run [ RunTime:0.000161s ]
INFO: [ app_begin ] --END-- [ RunTime:0.000234s ]
ERR: 无法加载模块:Layouts

[ 2013-11-15T22:37:30+08:00 ] 127.0.0.1 /Layouts/js/jquery-1.7.2.min.js
INFO: [ route_check ] --START--
INFO: CheckRoute Behavior ::run [ RunTime:0.000222s ]
INFO: [ route_check ] --END-- [ RunTime:0.000377s ]
INFO: [ app_begin ] --START--
INFO: ReadHtmlCache Behavior ::run [ RunTime:0.000147s ]
INFO: [ app_begin ] --END-- [ RunTime:0.000217s ]
ERR: 无法加载模块:Layouts

[ 2013-11-15T22:37:30+08:00 ] 127.0.0.1 /Layouts/css/index.css
INFO: [ route_check ] --START--
INFO: CheckRoute Behavior ::run [ RunTime:0.000209s ]
INFO: [ route_check ] --END-- [ RunTime:0.000360s ]
INFO: [ app_begin ] --START--
INFO: ReadHtmlCache Behavior ::run [ RunTime:0.000152s ]
INFO: [ app_begin ] --END-- [ RunTime:0.000217s ]
ERR: 无法加载模块:Layouts

[ 2013-11-15T22:37:36+08:00 ] 127.0.0.1 /
INFO: [ route_check ] --START--
INFO: CheckRoute Behavior ::run [ RunTime:0.000213s ]
INFO: [ route_check ] --END-- [ RunTime:0.000429s ]
INFO: [ app_begin ] --START--
INFO: ReadHtmlCache Behavior ::run [ RunTime:0.000125s ]
INFO: [ app_begin ] --END-- [ RunTime:0.000209s ]
INFO: [ view_parse ] --START--
INFO: ParseTemplate Behavior ::run [ RunTime:0.011860s ]
INFO: [ view_parse ] --END-- [ RunTime:0.011954s ]
INFO: [ view_filter ] --START--
INFO: ContentReplace Behavior ::run [ RunTime:0.000209s ]
INFO: TokenBuild Behavior ::run [ RunTime:0.000167s ]
INFO: WriteHtmlCache Behavior ::run [ RunTime:0.000074s ]
INFO: ShowRuntime Behavior ::run [ RunTime:0.000141s ]
INFO: [ view_filter ] --END-- [ RunTime:0.000769s ]
INFO: [ view_end ] --START--
INFO: ShowPageTrace Behavior ::run [ RunTime:0.000119s ]
INFO: [ view_end ] --END-- [ RunTime:0.000187s ]

[ 2013-11-15T22:37:36+08:00 ] 127.0.0.1 /layouts/css/global.css
INFO: [ route_check ] --START--
INFO: CheckRoute Behavior ::run [ RunTime:0.000111s ]
INFO: [ route_check ] --END-- [ RunTime:0.000216s ]
INFO: [ app_begin ] --START--
INFO: ReadHtmlCache Behavior ::run [ RunTime:0.000110s ]
INFO: [ app_begin ] --END-- [ RunTime:0.000189s ]
ERR: 无法加载模块:layouts

[ 2013-11-15T22:37:36+08:00 ] 127.0.0.1 /Layouts/css/index.css
INFO: [ route_check ] --START--
INFO: CheckRoute Behavior ::run [ RunTime:0.000190s ]
INFO: [ route_check ] --END-- [ RunTime:0.000359s ]
INFO: [ app_begin ] --START--
INFO: ReadHtmlCache Behavior ::run [ RunTime:0.000241s ]
INFO: [ app_begin ] --END-- [ RunTime:0.000323s ]
ERR: 无法加载模块:Layouts

[ 2013-11-15T22:37:36+08:00 ] 127.0.0.1 /Layouts/js/iepng.js
INFO: [ route_check ] --START--
INFO: CheckRoute Behavior ::run [ RunTime:0.000213s ]
INFO: [ route_check ] --END-- [ RunTime:0.000387s ]
INFO: [ app_begin ] --START--
INFO: ReadHtmlCache Behavior ::run [ RunTime:0.000144s ]
INFO: [ app_begin ] --END-- [ RunTime:0.000218s ]
ERR: 无法加载模块:Layouts

[ 2013-11-15T22:37:36+08:00 ] 127.0.0.1 /Layouts/js/index.js
INFO: [ route_check ] --START--
INFO: CheckRoute Behavior ::run [ RunTime:0.000188s ]
INFO: [ route_check ] --END-- [ RunTime:0.000336s ]
INFO: [ app_begin ] --START--
INFO: ReadHtmlCache Behavior ::run [ RunTime:0.000144s ]
INFO: [ app_begin ] --END-- [ RunTime:0.000233s ]
ERR: 无法加载模块:Layouts

[ 2013-11-15T22:37:36+08:00 ] 127.0.0.1 /Layouts/js/jquery-1.7.2.min.js
INFO: [ route_check ] --START--
INFO: CheckRoute Behavior ::run [ RunTime:0.000196s ]
INFO: [ route_check ] --END-- [ RunTime:0.000359s ]
INFO: [ app_begin ] --START--
INFO: ReadHtmlCache Behavior ::run [ RunTime:0.000142s ]
INFO: [ app_begin ] --END-- [ RunTime:0.000216s ]
ERR: 无法加载模块:Layouts

[ 2013-11-15T22:37:45+08:00 ] 127.0.0.1 /layouts/css/global.css
INFO: [ route_check ] --START--
INFO: CheckRoute Behavior ::run [ RunTime:0.000078s ]
INFO: [ route_check ] --END-- [ RunTime:0.000148s ]
INFO: [ app_begin ] --START--
INFO: ReadHtmlCache Behavior ::run [ RunTime:0.000072s ]
INFO: [ app_begin ] --END-- [ RunTime:0.000118s ]
ERR: 无法加载模块:layouts

[ 2013-11-15T22:40:56+08:00 ] 127.0.0.1 /
INFO: [ route_check ] --START--
INFO: CheckRoute Behavior ::run [ RunTime:0.000069s ]
INFO: [ route_check ] --END-- [ RunTime:0.000138s ]
INFO: [ app_begin ] --START--
INFO: ReadHtmlCache Behavior ::run [ RunTime:0.000100s ]
INFO: [ app_begin ] --END-- [ RunTime:0.000148s ]
NOTIC: [8] Use of undefined constant __PUBLIC__ - assumed '__PUBLIC__' /Users/linhuazhu/getCode/dev/HuiGL/Home/Lib/Action/IndexAction.class.php 第 5 行.

[ 2013-11-15T22:41:05+08:00 ] 127.0.0.1 /
INFO: [ route_check ] --START--
INFO: CheckRoute Behavior ::run [ RunTime:0.000149s ]
INFO: [ route_check ] --END-- [ RunTime:0.000284s ]
INFO: [ app_begin ] --START--
INFO: ReadHtmlCache Behavior ::run [ RunTime:0.000122s ]
INFO: [ app_begin ] --END-- [ RunTime:0.000182s ]
INFO: [ view_parse ] --START--
INFO: ParseTemplate Behavior ::run [ RunTime:0.043614s ]
INFO: [ view_parse ] --END-- [ RunTime:0.043685s ]
INFO: [ view_filter ] --START--
INFO: ContentReplace Behavior ::run [ RunTime:0.000131s ]
INFO: TokenBuild Behavior ::run [ RunTime:0.000078s ]
INFO: WriteHtmlCache Behavior ::run [ RunTime:0.000043s ]
INFO: ShowRuntime Behavior ::run [ RunTime:0.000080s ]
INFO: [ view_filter ] --END-- [ RunTime:0.000423s ]
INFO: [ view_end ] --START--
INFO: ShowPageTrace Behavior ::run [ RunTime:0.000079s ]
INFO: [ view_end ] --END-- [ RunTime:0.000136s ]

[ 2013-11-15T22:41:05+08:00 ] 127.0.0.1 /layouts/css/global.css
INFO: [ route_check ] --START--
INFO: CheckRoute Behavior ::run [ RunTime:0.000074s ]
INFO: [ route_check ] --END-- [ RunTime:0.000131s ]
INFO: [ app_begin ] --START--
INFO: ReadHtmlCache Behavior ::run [ RunTime:0.000103s ]
INFO: [ app_begin ] --END-- [ RunTime:0.000173s ]
ERR: 无法加载模块:layouts

[ 2013-11-15T22:41:05+08:00 ] 127.0.0.1 /Layouts/css/index.css
INFO: [ route_check ] --START--
INFO: CheckRoute Behavior ::run [ RunTime:0.000712s ]
INFO: [ route_check ] --END-- [ RunTime:0.000832s ]
INFO: [ app_begin ] --START--
INFO: ReadHtmlCache Behavior ::run [ RunTime:0.000234s ]
INFO: [ app_begin ] --END-- [ RunTime:0.000321s ]
ERR: 无法加载模块:Layouts

[ 2013-11-15T22:41:05+08:00 ] 127.0.0.1 /Layouts/js/iepng.js
INFO: [ route_check ] --START--
INFO: CheckRoute Behavior ::run [ RunTime:0.000619s ]
INFO: [ route_check ] --END-- [ RunTime:0.000722s ]
INFO: [ app_begin ] --START--
INFO: ReadHtmlCache Behavior ::run [ RunTime:0.000391s ]
INFO: [ app_begin ] --END-- [ RunTime:0.000463s ]
ERR: 无法加载模块:Layouts

[ 2013-11-15T22:41:05+08:00 ] 127.0.0.1 /Layouts/js/jquery-1.7.2.min.js
INFO: [ route_check ] --START--
INFO: CheckRoute Behavior ::run [ RunTime:0.000180s ]
INFO: [ route_check ] --END-- [ RunTime:0.000268s ]
INFO: [ app_begin ] --START--
INFO: ReadHtmlCache Behavior ::run [ RunTime:0.000131s ]
INFO: [ app_begin ] --END-- [ RunTime:0.000198s ]
ERR: 无法加载模块:Layouts

[ 2013-11-15T22:41:05+08:00 ] 127.0.0.1 /Layouts/js/index.js
INFO: [ route_check ] --START--
INFO: CheckRoute Behavior ::run [ RunTime:0.000456s ]
INFO: [ route_check ] --END-- [ RunTime:0.000553s ]
INFO: [ app_begin ] --START--
INFO: ReadHtmlCache Behavior ::run [ RunTime:0.000153s ]
INFO: [ app_begin ] --END-- [ RunTime:0.000223s ]
ERR: 无法加载模块:Layouts

[ 2013-11-15T22:43:48+08:00 ] 127.0.0.1 /
INFO: [ route_check ] --START--
INFO: CheckRoute Behavior ::run [ RunTime:0.000065s ]
INFO: [ route_check ] --END-- [ RunTime:0.000124s ]
INFO: [ app_begin ] --START--
INFO: ReadHtmlCache Behavior ::run [ RunTime:0.000061s ]
INFO: [ app_begin ] --END-- [ RunTime:0.000098s ]
INFO: [ view_parse ] --START--
INFO: ParseTemplate Behavior ::run [ RunTime:0.006224s ]
INFO: [ view_parse ] --END-- [ RunTime:0.006289s ]
INFO: [ view_filter ] --START--
INFO: ContentReplace Behavior ::run [ RunTime:0.000117s ]
INFO: TokenBuild Behavior ::run [ RunTime:0.000068s ]
INFO: WriteHtmlCache Behavior ::run [ RunTime:0.000038s ]
INFO: ShowRuntime Behavior ::run [ RunTime:0.000074s ]
INFO: [ view_filter ] --END-- [ RunTime:0.000405s ]
INFO: [ view_end ] --START--
INFO: ShowPageTrace Behavior ::run [ RunTime:0.000072s ]
INFO: [ view_end ] --END-- [ RunTime:0.000111s ]

[ 2013-11-15T22:43:48+08:00 ] 127.0.0.1 /layouts/css/global.css
INFO: [ route_check ] --START--
INFO: CheckRoute Behavior ::run [ RunTime:0.000057s ]
INFO: [ route_check ] --END-- [ RunTime:0.000104s ]
INFO: [ app_begin ] --START--
INFO: ReadHtmlCache Behavior ::run [ RunTime:0.000059s ]
INFO: [ app_begin ] --END-- [ RunTime:0.000098s ]
ERR: 无法加载模块:layouts

[ 2013-11-15T22:43:48+08:00 ] 127.0.0.1 /
INFO: [ route_check ] --START--
INFO: CheckRoute Behavior ::run [ RunTime:0.000090s ]
INFO: [ route_check ] --END-- [ RunTime:0.000171s ]
INFO: [ app_begin ] --START--
INFO: ReadHtmlCache Behavior ::run [ RunTime:0.000085s ]
INFO: [ app_begin ] --END-- [ RunTime:0.000138s ]
INFO: [ view_parse ] --START--
INFO: ParseTemplate Behavior ::run [ RunTime:0.007357s ]
INFO: [ view_parse ] --END-- [ RunTime:0.007450s ]
INFO: [ view_filter ] --START--
INFO: ContentReplace Behavior ::run [ RunTime:0.000114s ]
INFO: TokenBuild Behavior ::run [ RunTime:0.000090s ]
INFO: WriteHtmlCache Behavior ::run [ RunTime:0.000039s ]
INFO: ShowRuntime Behavior ::run [ RunTime:0.000068s ]
INFO: [ view_filter ] --END-- [ RunTime:0.000408s ]
INFO: [ view_end ] --START--
INFO: ShowPageTrace Behavior ::run [ RunTime:0.000094s ]
INFO: [ view_end ] --END-- [ RunTime:0.000140s ]

[ 2013-11-15T22:43:48+08:00 ] 127.0.0.1 /layouts/css/global.css
INFO: [ route_check ] --START--
INFO: CheckRoute Behavior ::run [ RunTime:0.000107s ]
INFO: [ route_check ] --END-- [ RunTime:0.000196s ]
INFO: [ app_begin ] --START--
INFO: ReadHtmlCache Behavior ::run [ RunTime:0.000093s ]
INFO: [ app_begin ] --END-- [ RunTime:0.000160s ]
ERR: 无法加载模块:layouts

[ 2013-11-15T22:43:48+08:00 ] 127.0.0.1 /Layouts/css/index.css
INFO: [ route_check ] --START--
INFO: CheckRoute Behavior ::run [ RunTime:0.000101s ]
INFO: [ route_check ] --END-- [ RunTime:0.000180s ]
INFO: [ app_begin ] --START--
INFO: ReadHtmlCache Behavior ::run [ RunTime:0.000102s ]
INFO: [ app_begin ] --END-- [ RunTime:0.000174s ]
ERR: 无法加载模块:Layouts

[ 2013-11-15T22:43:49+08:00 ] 127.0.0.1 /Layouts/js/index.js
INFO: [ route_check ] --START--
INFO: CheckRoute Behavior ::run [ RunTime:0.000235s ]
INFO: [ route_check ] --END-- [ RunTime:0.000325s ]
INFO: [ app_begin ] --START--
INFO: ReadHtmlCache Behavior ::run [ RunTime:0.000152s ]
INFO: [ app_begin ] --END-- [ RunTime:0.000223s ]
ERR: 无法加载模块:Layouts

[ 2013-11-15T22:43:49+08:00 ] 127.0.0.1 /Layouts/js/iepng.js
INFO: [ route_check ] --START--
INFO: CheckRoute Behavior ::run [ RunTime:0.000134s ]
INFO: [ route_check ] --END-- [ RunTime:0.000216s ]
INFO: [ app_begin ] --START--
INFO: ReadHtmlCache Behavior ::run [ RunTime:0.000123s ]
INFO: [ app_begin ] --END-- [ RunTime:0.000194s ]
ERR: 无法加载模块:Layouts

[ 2013-11-15T22:43:49+08:00 ] 127.0.0.1 /js/jquery-1.7.2.min.js
INFO: [ route_check ] --START--
INFO: CheckRoute Behavior ::run [ RunTime:0.000640s ]
INFO: [ route_check ] --END-- [ RunTime:0.001732s ]
INFO: [ app_begin ] --START--
INFO: ReadHtmlCache Behavior ::run [ RunTime:0.000827s ]
INFO: [ app_begin ] --END-- [ RunTime:0.000940s ]
ERR: 无法加载模块:js

[ 2013-11-15T22:51:30+08:00 ] 127.0.0.1 /layouts/css/global.css
INFO: [ route_check ] --START--
INFO: CheckRoute Behavior ::run [ RunTime:0.000065s ]
INFO: [ route_check ] --END-- [ RunTime:0.000125s ]
INFO: [ app_begin ] --START--
INFO: ReadHtmlCache Behavior ::run [ RunTime:0.000077s ]
INFO: [ app_begin ] --END-- [ RunTime:0.000120s ]
ERR: 无法加载模块:layouts

[ 2013-11-15T22:51:35+08:00 ] 127.0.0.1 /
INFO: [ route_check ] --START--
INFO: CheckRoute Behavior ::run [ RunTime:0.000065s ]
INFO: [ route_check ] --END-- [ RunTime:0.000124s ]
INFO: [ app_begin ] --START--
INFO: ReadHtmlCache Behavior ::run [ RunTime:0.000061s ]
INFO: [ app_begin ] --END-- [ RunTime:0.000100s ]
INFO: [ view_parse ] --START--
INFO: ParseTemplate Behavior ::run [ RunTime:0.068189s ]
INFO: [ view_parse ] --END-- [ RunTime:0.068255s ]
INFO: [ view_filter ] --START--
INFO: ContentReplace Behavior ::run [ RunTime:0.000153s ]
INFO: TokenBuild Behavior ::run [ RunTime:0.000095s ]
INFO: WriteHtmlCache Behavior ::run [ RunTime:0.000052s ]
INFO: ShowRuntime Behavior ::run [ RunTime:0.000099s ]
INFO: [ view_filter ] --END-- [ RunTime:0.000518s ]
INFO: [ view_end ] --START--
INFO: ShowPageTrace Behavior ::run [ RunTime:0.000097s ]
INFO: [ view_end ] --END-- [ RunTime:0.000138s ]

[ 2013-11-15T22:51:35+08:00 ] 127.0.0.1 /layouts/css/global.css
INFO: [ route_check ] --START--
INFO: CheckRoute Behavior ::run [ RunTime:0.000140s ]
INFO: [ route_check ] --END-- [ RunTime:0.000233s ]
INFO: [ app_begin ] --START--
INFO: ReadHtmlCache Behavior ::run [ RunTime:0.000150s ]
INFO: [ app_begin ] --END-- [ RunTime:0.000251s ]
ERR: 无法加载模块:layouts

[ 2013-11-15T22:51:35+08:00 ] 127.0.0.1 /Layouts/css/index.css
INFO: [ route_check ] --START--
INFO: CheckRoute Behavior ::run [ RunTime:0.000125s ]
INFO: [ route_check ] --END-- [ RunTime:0.000234s ]
INFO: [ app_begin ] --START--
INFO: ReadHtmlCache Behavior ::run [ RunTime:0.000107s ]
INFO: [ app_begin ] --END-- [ RunTime:0.000181s ]
ERR: 无法加载模块:Layouts

[ 2013-11-15T22:51:35+08:00 ] 127.0.0.1 /Layouts/js/index.js
INFO: [ route_check ] --START--
INFO: CheckRoute Behavior ::run [ RunTime:0.000142s ]
INFO: [ route_check ] --END-- [ RunTime:0.000247s ]
INFO: [ app_begin ] --START--
INFO: ReadHtmlCache Behavior ::run [ RunTime:0.000108s ]
INFO: [ app_begin ] --END-- [ RunTime:0.000179s ]
ERR: 无法加载模块:Layouts

[ 2013-11-15T22:51:35+08:00 ] 127.0.0.1 /Layouts/js/iepng.js
INFO: [ route_check ] --START--
INFO: CheckRoute Behavior ::run [ RunTime:0.000164s ]
INFO: [ route_check ] --END-- [ RunTime:0.000236s ]
INFO: [ app_begin ] --START--
INFO: ReadHtmlCache Behavior ::run [ RunTime:0.000094s ]
INFO: [ app_begin ] --END-- [ RunTime:0.000157s ]
ERR: 无法加载模块:Layouts

[ 2013-11-15T22:51:35+08:00 ] 127.0.0.1 /Layouts/js/jquery-1.7.2.min.js
INFO: [ route_check ] --START--
INFO: CheckRoute Behavior ::run [ RunTime:0.000114s ]
INFO: [ route_check ] --END-- [ RunTime:0.000213s ]
INFO: [ app_begin ] --START--
INFO: ReadHtmlCache Behavior ::run [ RunTime:0.000070s ]
INFO: [ app_begin ] --END-- [ RunTime:0.000110s ]
ERR: 无法加载模块:Layouts

[ 2013-11-15T22:53:23+08:00 ] 127.0.0.1 /layouts/css/global.css
INFO: [ route_check ] --START--
INFO: CheckRoute Behavior ::run [ RunTime:0.000061s ]
INFO: [ route_check ] --END-- [ RunTime:0.000116s ]
INFO: [ app_begin ] --START--
INFO: ReadHtmlCache Behavior ::run [ RunTime:0.000056s ]
INFO: [ app_begin ] --END-- [ RunTime:0.000091s ]
ERR: 无法加载模块:layouts

[ 2013-11-15T22:53:27+08:00 ] 127.0.0.1 /Layouts/css/global.css
INFO: [ route_check ] --START--
INFO: CheckRoute Behavior ::run [ RunTime:0.000113s ]
INFO: [ route_check ] --END-- [ RunTime:0.000210s ]
INFO: [ app_begin ] --START--
INFO: ReadHtmlCache Behavior ::run [ RunTime:0.000105s ]
INFO: [ app_begin ] --END-- [ RunTime:0.000169s ]
ERR: 无法加载模块:Layouts

[ 2013-11-15T22:54:13+08:00 ] 127.0.0.1 /HuiGl/index
INFO: [ route_check ] --START--
INFO: CheckRoute Behavior ::run [ RunTime:0.000111s ]
INFO: [ route_check ] --END-- [ RunTime:0.000203s ]
INFO: [ app_begin ] --START--
INFO: ReadHtmlCache Behavior ::run [ RunTime:0.000069s ]
INFO: [ app_begin ] --END-- [ RunTime:0.000134s ]
ERR: 无法加载模块:HuiGl

[ 2013-11-15T22:55:11+08:00 ] 127.0.0.1 /HuiGl/index.php
INFO: [ app_begin ] --START--
INFO: ReadHtmlCache Behavior ::run [ RunTime:0.000566s ]
INFO: [ app_begin ] --END-- [ RunTime:0.000670s ]
INFO: [ view_parse ] --START--
INFO: ParseTemplate Behavior ::run [ RunTime:0.062311s ]
INFO: [ view_parse ] --END-- [ RunTime:0.062412s ]
INFO: [ view_filter ] --START--
INFO: ContentReplace Behavior ::run [ RunTime:0.000490s ]
INFO: TokenBuild Behavior ::run [ RunTime:0.000472s ]
INFO: WriteHtmlCache Behavior ::run [ RunTime:0.000375s ]
INFO: ShowRuntime Behavior ::run [ RunTime:0.000507s ]
INFO: [ view_filter ] --END-- [ RunTime:0.001953s ]
INFO: [ view_end ] --START--
INFO: ShowPageTrace Behavior ::run [ RunTime:0.000744s ]
INFO: [ view_end ] --END-- [ RunTime:0.000803s ]

[ 2013-11-15T22:56:36+08:00 ] 127.0.0.1 /HuiGl/index.php
INFO: [ app_begin ] --START--
INFO: ReadHtmlCache Behavior ::run [ RunTime:0.000116s ]
INFO: [ app_begin ] --END-- [ RunTime:0.000245s ]
INFO: [ view_parse ] --START--
INFO: ParseTemplate Behavior ::run [ RunTime:0.007647s ]
INFO: [ view_parse ] --END-- [ RunTime:0.007710s ]
INFO: [ view_filter ] --START--
INFO: ContentReplace Behavior ::run [ RunTime:0.000131s ]
INFO: TokenBuild Behavior ::run [ RunTime:0.000071s ]
INFO: WriteHtmlCache Behavior ::run [ RunTime:0.000043s ]
INFO: ShowRuntime Behavior ::run [ RunTime:0.000084s ]
INFO: [ view_filter ] --END-- [ RunTime:0.000430s ]
INFO: [ view_end ] --START--
INFO: ShowPageTrace Behavior ::run [ RunTime:0.000073s ]
INFO: [ view_end ] --END-- [ RunTime:0.000120s ]

[ 2013-11-15T22:57:06+08:00 ] 127.0.0.1 /HuiGl/index.php?a=coupon&m=coupon
INFO: [ app_begin ] --START--
INFO: ReadHtmlCache Behavior ::run [ RunTime:0.000117s ]
INFO: [ app_begin ] --END-- [ RunTime:0.000285s ]
INFO: [ view_parse ] --START--
INFO: ParseTemplate Behavior ::run [ RunTime:0.028480s ]
INFO: [ view_parse ] --END-- [ RunTime:0.028574s ]
INFO: [ view_filter ] --START--
INFO: ContentReplace Behavior ::run [ RunTime:0.000135s ]
INFO: TokenBuild Behavior ::run [ RunTime:0.000072s ]
INFO: WriteHtmlCache Behavior ::run [ RunTime:0.000044s ]
INFO: ShowRuntime Behavior ::run [ RunTime:0.000086s ]
INFO: [ view_filter ] --END-- [ RunTime:0.000436s ]
INFO: [ view_end ] --START--
INFO: ShowPageTrace Behavior ::run [ RunTime:0.000079s ]
INFO: [ view_end ] --END-- [ RunTime:0.000136s ]

[ 2013-11-15T23:01:55+08:00 ] 127.0.0.1 /HuiGl/index.php
INFO: [ app_begin ] --START--
INFO: ReadHtmlCache Behavior ::run [ RunTime:0.000112s ]
INFO: [ app_begin ] --END-- [ RunTime:0.000242s ]
INFO: [ view_parse ] --START--
INFO: ParseTemplate Behavior ::run [ RunTime:0.008710s ]
INFO: [ view_parse ] --END-- [ RunTime:0.008795s ]
INFO: [ view_filter ] --START--
INFO: ContentReplace Behavior ::run [ RunTime:0.000200s ]
INFO: TokenBuild Behavior ::run [ RunTime:0.000083s ]
INFO: WriteHtmlCache Behavior ::run [ RunTime:0.000048s ]
INFO: ShowRuntime Behavior ::run [ RunTime:0.000095s ]
INFO: [ view_filter ] --END-- [ RunTime:0.000551s ]
INFO: [ view_end ] --START--
INFO: ShowPageTrace Behavior ::run [ RunTime:0.000117s ]
INFO: [ view_end ] --END-- [ RunTime:0.000193s ]

[ 2013-11-15T23:02:02+08:00 ] 127.0.0.1 /HuiGl/index.php?m=Coupon&a=coupon
INFO: [ app_begin ] --START--
INFO: ReadHtmlCache Behavior ::run [ RunTime:0.000166s ]
INFO: [ app_begin ] --END-- [ RunTime:0.000327s ]
INFO: [ view_parse ] --START--
INFO: ParseTemplate Behavior ::run [ RunTime:0.041577s ]
INFO: [ view_parse ] --END-- [ RunTime:0.041644s ]
INFO: [ view_filter ] --START--
INFO: ContentReplace Behavior ::run [ RunTime:0.000132s ]
INFO: TokenBuild Behavior ::run [ RunTime:0.000073s ]
INFO: WriteHtmlCache Behavior ::run [ RunTime:0.000045s ]
INFO: ShowRuntime Behavior ::run [ RunTime:0.000087s ]
INFO: [ view_filter ] --END-- [ RunTime:0.000435s ]
INFO: [ view_end ] --START--
INFO: ShowPageTrace Behavior ::run [ RunTime:0.000111s ]
INFO: [ view_end ] --END-- [ RunTime:0.000161s ]

[ 2013-11-15T23:02:35+08:00 ] 127.0.0.1 /HuiGl/index.php?m=Coupon&a=coupon
INFO: [ app_begin ] --START--
INFO: ReadHtmlCache Behavior ::run [ RunTime:0.000119s ]
INFO: [ app_begin ] --END-- [ RunTime:0.000239s ]
INFO: [ view_parse ] --START--
INFO: ParseTemplate Behavior ::run [ RunTime:0.039846s ]
INFO: [ view_parse ] --END-- [ RunTime:0.039927s ]
INFO: [ view_filter ] --START--
INFO: ContentReplace Behavior ::run [ RunTime:0.000136s ]
INFO: TokenBuild Behavior ::run [ RunTime:0.000072s ]
INFO: WriteHtmlCache Behavior ::run [ RunTime:0.000044s ]
INFO: ShowRuntime Behavior ::run [ RunTime:0.000088s ]
INFO: [ view_filter ] --END-- [ RunTime:0.000438s ]
INFO: [ view_end ] --START--
INFO: ShowPageTrace Behavior ::run [ RunTime:0.000072s ]
INFO: [ view_end ] --END-- [ RunTime:0.000110s ]

[ 2013-11-15T23:04:38+08:00 ] 127.0.0.1 /HuiGl/index.php?m=Coupon&a=coupon
INFO: [ app_begin ] --START--
INFO: ReadHtmlCache Behavior ::run [ RunTime:0.000117s ]
INFO: [ app_begin ] --END-- [ RunTime:0.000237s ]
INFO: [ view_parse ] --START--
INFO: ParseTemplate Behavior ::run [ RunTime:0.008007s ]
INFO: [ view_parse ] --END-- [ RunTime:0.008078s ]
INFO: [ view_filter ] --START--
INFO: ContentReplace Behavior ::run [ RunTime:0.000145s ]
INFO: TokenBuild Behavior ::run [ RunTime:0.000075s ]
INFO: WriteHtmlCache Behavior ::run [ RunTime:0.000047s ]
INFO: ShowRuntime Behavior ::run [ RunTime:0.000089s ]
INFO: [ view_filter ] --END-- [ RunTime:0.000462s ]
INFO: [ view_end ] --START--
INFO: ShowPageTrace Behavior ::run [ RunTime:0.000098s ]
INFO: [ view_end ] --END-- [ RunTime:0.000149s ]

[ 2013-11-15T23:05:28+08:00 ] 127.0.0.1 /HuiGl/index.php?m=Coupon&a=coupon
INFO: [ app_begin ] --START--
INFO: ReadHtmlCache Behavior ::run [ RunTime:0.000117s ]
INFO: [ app_begin ] --END-- [ RunTime:0.000236s ]
INFO: [ view_parse ] --START--
INFO: ParseTemplate Behavior ::run [ RunTime:0.008217s ]
INFO: [ view_parse ] --END-- [ RunTime:0.008286s ]
INFO: [ view_filter ] --START--
INFO: ContentReplace Behavior ::run [ RunTime:0.000138s ]
INFO: TokenBuild Behavior ::run [ RunTime:0.000072s ]
INFO: WriteHtmlCache Behavior ::run [ RunTime:0.000044s ]
INFO: ShowRuntime Behavior ::run [ RunTime:0.000088s ]
INFO: [ view_filter ] --END-- [ RunTime:0.000436s ]
INFO: [ view_end ] --START--
INFO: ShowPageTrace Behavior ::run [ RunTime:0.000107s ]
INFO: [ view_end ] --END-- [ RunTime:0.000153s ]

[ 2013-11-15T23:07:02+08:00 ] 127.0.0.1 /HuiGl/index.php?m=Coupon&a=coupon
INFO: [ app_begin ] --START--
INFO: ReadHtmlCache Behavior ::run [ RunTime:0.000128s ]
INFO: [ app_begin ] --END-- [ RunTime:0.000241s ]
INFO: [ view_parse ] --START--
INFO: ParseTemplate Behavior ::run [ RunTime:0.007922s ]
INFO: [ view_parse ] --END-- [ RunTime:0.007999s ]
INFO: [ view_filter ] --START--
INFO: ContentReplace Behavior ::run [ RunTime:0.000131s ]
INFO: TokenBuild Behavior ::run [ RunTime:0.000072s ]
INFO: WriteHtmlCache Behavior ::run [ RunTime:0.000043s ]
INFO: ShowRuntime Behavior ::run [ RunTime:0.000089s ]
INFO: [ view_filter ] --END-- [ RunTime:0.000450s ]
INFO: [ view_end ] --START--
INFO: ShowPageTrace Behavior ::run [ RunTime:0.000059s ]
INFO: [ view_end ] --END-- [ RunTime:0.000095s ]

[ 2013-11-15T23:07:22+08:00 ] 127.0.0.1 /HuiGl/index.php?m=Coupon&a=coupon
INFO: [ app_begin ] --START--
INFO: ReadHtmlCache Behavior ::run [ RunTime:0.000123s ]
INFO: [ app_begin ] --END-- [ RunTime:0.000219s ]
INFO: [ view_parse ] --START--
INFO: ParseTemplate Behavior ::run [ RunTime:0.045455s ]
INFO: [ view_parse ] --END-- [ RunTime:0.045537s ]
INFO: [ view_filter ] --START--
INFO: ContentReplace Behavior ::run [ RunTime:0.000164s ]
INFO: TokenBuild Behavior ::run [ RunTime:0.000113s ]
INFO: WriteHtmlCache Behavior ::run [ RunTime:0.000043s ]
INFO: ShowRuntime Behavior ::run [ RunTime:0.000079s ]
INFO: [ view_filter ] --END-- [ RunTime:0.000532s ]
INFO: [ view_end ] --START--
INFO: ShowPageTrace Behavior ::run [ RunTime:0.000091s ]
INFO: [ view_end ] --END-- [ RunTime:0.000159s ]

[ 2013-11-15T23:07:52+08:00 ] 127.0.0.1 /HuiGl/index.php?m=Coupon&a=coupon
INFO: [ app_begin ] --START--
INFO: ReadHtmlCache Behavior ::run [ RunTime:0.000113s ]
INFO: [ app_begin ] --END-- [ RunTime:0.000196s ]
INFO: [ view_parse ] --START--
NOTIC: [2] simplexml_load_string() [<a href='function.simplexml-load-string'>function.simplexml-load-string</a>]: Entity: line 1: parser error : AttValue: &quot; or ' expected /Users/linhuazhu/getCode/dev/HuiGL/ThinkPHP/Lib/Template/TagLib.class.php 第 84 行.
NOTIC: [2] simplexml_load_string() [<a href='function.simplexml-load-string'>function.simplexml-load-string</a>]: &lt;tpl&gt;&lt;tag name=$coupons key=i item=c /&gt;&lt;/tpl&gt; /Users/linhuazhu/getCode/dev/HuiGL/ThinkPHP/Lib/Template/TagLib.class.php 第 84 行.
NOTIC: [2] simplexml_load_string() [<a href='function.simplexml-load-string'>function.simplexml-load-string</a>]:                ^ /Users/linhuazhu/getCode/dev/HuiGL/ThinkPHP/Lib/Template/TagLib.class.php 第 84 行.
NOTIC: [2] simplexml_load_string() [<a href='function.simplexml-load-string'>function.simplexml-load-string</a>]: Entity: line 1: parser error : attributes construct error /Users/linhuazhu/getCode/dev/HuiGL/ThinkPHP/Lib/Template/TagLib.class.php 第 84 行.
NOTIC: [2] simplexml_load_string() [<a href='function.simplexml-load-string'>function.simplexml-load-string</a>]: &lt;tpl&gt;&lt;tag name=$coupons key=i item=c /&gt;&lt;/tpl&gt; /Users/linhuazhu/getCode/dev/HuiGL/ThinkPHP/Lib/Template/TagLib.class.php 第 84 行.
NOTIC: [2] simplexml_load_string() [<a href='function.simplexml-load-string'>function.simplexml-load-string</a>]:                ^ /Users/linhuazhu/getCode/dev/HuiGL/ThinkPHP/Lib/Template/TagLib.class.php 第 84 行.
NOTIC: [2] simplexml_load_string() [<a href='function.simplexml-load-string'>function.simplexml-load-string</a>]: Entity: line 1: parser error : Couldn't find end of Start Tag tag line 1 /Users/linhuazhu/getCode/dev/HuiGL/ThinkPHP/Lib/Template/TagLib.class.php 第 84 行.
NOTIC: [2] simplexml_load_string() [<a href='function.simplexml-load-string'>function.simplexml-load-string</a>]: &lt;tpl&gt;&lt;tag name=$coupons key=i item=c /&gt;&lt;/tpl&gt; /Users/linhuazhu/getCode/dev/HuiGL/ThinkPHP/Lib/Template/TagLib.class.php 第 84 行.
NOTIC: [2] simplexml_load_string() [<a href='function.simplexml-load-string'>function.simplexml-load-string</a>]:                ^ /Users/linhuazhu/getCode/dev/HuiGL/ThinkPHP/Lib/Template/TagLib.class.php 第 84 行.
ERR: XML标签语法错误 : name=$coupons key=i item=c

[ 2013-11-15T23:09:06+08:00 ] 127.0.0.1 /HuiGl/index.php?m=Coupon&a=coupon
INFO: [ app_begin ] --START--
INFO: ReadHtmlCache Behavior ::run [ RunTime:0.000105s ]
INFO: [ app_begin ] --END-- [ RunTime:0.000198s ]
INFO: [ view_parse ] --START--
NOTIC: [2] simplexml_load_string() [<a href='function.simplexml-load-string'>function.simplexml-load-string</a>]: Entity: line 1: parser error : AttValue: &quot; or ' expected /Users/linhuazhu/getCode/dev/HuiGL/ThinkPHP/Lib/Template/TagLib.class.php 第 84 行.
NOTIC: [2] simplexml_load_string() [<a href='function.simplexml-load-string'>function.simplexml-load-string</a>]: &lt;tpl&gt;&lt;tag name=&quot;coupons&quot; item=c /&gt;&lt;/tpl&gt; /Users/linhuazhu/getCode/dev/HuiGL/ThinkPHP/Lib/Template/TagLib.class.php 第 84 行.
NOTIC: [2] simplexml_load_string() [<a href='function.simplexml-load-string'>function.simplexml-load-string</a>]:                               ^ /Users/linhuazhu/getCode/dev/HuiGL/ThinkPHP/Lib/Template/TagLib.class.php 第 84 行.
NOTIC: [2] simplexml_load_string() [<a href='function.simplexml-load-string'>function.simplexml-load-string</a>]: Entity: line 1: parser error : attributes construct error /Users/linhuazhu/getCode/dev/HuiGL/ThinkPHP/Lib/Template/TagLib.class.php 第 84 行.
NOTIC: [2] simplexml_load_string() [<a href='function.simplexml-load-string'>function.simplexml-load-string</a>]: &lt;tpl&gt;&lt;tag name=&quot;coupons&quot; item=c /&gt;&lt;/tpl&gt; /Users/linhuazhu/getCode/dev/HuiGL/ThinkPHP/Lib/Template/TagLib.class.php 第 84 行.
NOTIC: [2] simplexml_load_string() [<a href='function.simplexml-load-string'>function.simplexml-load-string</a>]:                               ^ /Users/linhuazhu/getCode/dev/HuiGL/ThinkPHP/Lib/Template/TagLib.class.php 第 84 行.
NOTIC: [2] simplexml_load_string() [<a href='function.simplexml-load-string'>function.simplexml-load-string</a>]: Entity: line 1: parser error : Couldn't find end of Start Tag tag line 1 /Users/linhuazhu/getCode/dev/HuiGL/ThinkPHP/Lib/Template/TagLib.class.php 第 84 行.
NOTIC: [2] simplexml_load_string() [<a href='function.simplexml-load-string'>function.simplexml-load-string</a>]: &lt;tpl&gt;&lt;tag name=&quot;coupons&quot; item=c /&gt;&lt;/tpl&gt; /Users/linhuazhu/getCode/dev/HuiGL/ThinkPHP/Lib/Template/TagLib.class.php 第 84 行.
NOTIC: [2] simplexml_load_string() [<a href='function.simplexml-load-string'>function.simplexml-load-string</a>]:                               ^ /Users/linhuazhu/getCode/dev/HuiGL/ThinkPHP/Lib/Template/TagLib.class.php 第 84 行.
ERR: XML标签语法错误 : name="coupons" item=c

[ 2013-11-15T23:09:08+08:00 ] 127.0.0.1 /HuiGl/index.php?m=Coupon&a=coupon
INFO: [ app_begin ] --START--
INFO: ReadHtmlCache Behavior ::run [ RunTime:0.000070s ]
INFO: [ app_begin ] --END-- [ RunTime:0.000125s ]
INFO: [ view_parse ] --START--
NOTIC: [8] Undefined variable: coupons /Users/linhuazhu/getCode/dev/HuiGL/Home/Runtime/Cache/9f1bb861b9c40a22fd48140e30d94e7a.php 第 137 行.
INFO: ParseTemplate Behavior ::run [ RunTime:0.047744s ]
INFO: [ view_parse ] --END-- [ RunTime:0.047813s ]
INFO: [ view_filter ] --START--
INFO: ContentReplace Behavior ::run [ RunTime:0.000109s ]
INFO: TokenBuild Behavior ::run [ RunTime:0.000058s ]
INFO: WriteHtmlCache Behavior ::run [ RunTime:0.000034s ]
INFO: ShowRuntime Behavior ::run [ RunTime:0.000071s ]
INFO: [ view_filter ] --END-- [ RunTime:0.000362s ]
INFO: [ view_end ] --START--
INFO: ShowPageTrace Behavior ::run [ RunTime:0.000058s ]
INFO: [ view_end ] --END-- [ RunTime:0.000094s ]

[ 2013-11-15T23:13:14+08:00 ] 127.0.0.1 /HuiGl/index.php?m=Coupon&a=coupon
INFO: [ app_begin ] --START--
INFO: ReadHtmlCache Behavior ::run [ RunTime:0.000184s ]
INFO: [ app_begin ] --END-- [ RunTime:0.000375s ]
SQL: SHOW COLUMNS FROM monkey.t_monkey_coupon_info [ RunTime:0.073450s ]
SQL: SELECT * FROM monkey.t_monkey_coupon_info WHERE (  1 = 1 )  [ RunTime:0.011962s ]

[ 2013-11-15T23:15:52+08:00 ] 127.0.0.1 /HuiGl/index.php?m=Coupon&a=coupon
INFO: [ app_begin ] --START--
INFO: ReadHtmlCache Behavior ::run [ RunTime:0.000108s ]
INFO: [ app_begin ] --END-- [ RunTime:0.000234s ]
SQL: SHOW COLUMNS FROM monkey.t_monkey_coupon_info [ RunTime:0.017402s ]
SQL: SELECT * FROM monkey.t_monkey_coupon_info WHERE (  1 = 1 )  [ RunTime:0.000345s ]

[ 2013-11-15T23:16:02+08:00 ] 127.0.0.1 /HuiGl/index.php?m=Coupon&a=coupon
INFO: [ app_begin ] --START--
INFO: ReadHtmlCache Behavior ::run [ RunTime:0.000111s ]
INFO: [ app_begin ] --END-- [ RunTime:0.000226s ]
SQL: SHOW COLUMNS FROM monkey.t_monkey_coupon_info [ RunTime:0.002691s ]
SQL: SELECT * FROM monkey.t_monkey_coupon_info WHERE (  1 = 1 )  [ RunTime:0.000275s ]
INFO: [ view_parse ] --START--
INFO: ParseTemplate Behavior ::run [ RunTime:0.008673s ]
INFO: [ view_parse ] --END-- [ RunTime:0.008765s ]
INFO: [ view_filter ] --START--
INFO: ContentReplace Behavior ::run [ RunTime:0.000222s ]
INFO: TokenBuild Behavior ::run [ RunTime:0.000078s ]
INFO: WriteHtmlCache Behavior ::run [ RunTime:0.000050s ]
INFO: ShowRuntime Behavior ::run [ RunTime:0.000093s ]
INFO: [ view_filter ] --END-- [ RunTime:0.000559s ]
INFO: [ view_end ] --START--
INFO: ShowPageTrace Behavior ::run [ RunTime:0.000134s ]
INFO: [ view_end ] --END-- [ RunTime:0.000237s ]

[ 2013-11-15T23:16:35+08:00 ] 127.0.0.1 /HuiGl/index.php?m=Coupon&a=coupon
INFO: [ app_begin ] --START--
INFO: ReadHtmlCache Behavior ::run [ RunTime:0.000069s ]
INFO: [ app_begin ] --END-- [ RunTime:0.000122s ]
SQL: SHOW COLUMNS FROM monkey.t_monkey_coupon_info [ RunTime:0.017271s ]
SQL: SELECT * FROM monkey.t_monkey_coupon_info WHERE (  1 = 1 )  [ RunTime:0.000266s ]
INFO: [ view_parse ] --START--
INFO: ParseTemplate Behavior ::run [ RunTime:0.007100s ]
INFO: [ view_parse ] --END-- [ RunTime:0.007163s ]
INFO: [ view_filter ] --START--
INFO: ContentReplace Behavior ::run [ RunTime:0.000110s ]
INFO: TokenBuild Behavior ::run [ RunTime:0.000060s ]
INFO: WriteHtmlCache Behavior ::run [ RunTime:0.000037s ]
INFO: ShowRuntime Behavior ::run [ RunTime:0.000072s ]
INFO: [ view_filter ] --END-- [ RunTime:0.000371s ]
INFO: [ view_end ] --START--
INFO: ShowPageTrace Behavior ::run [ RunTime:0.000085s ]
INFO: [ view_end ] --END-- [ RunTime:0.000148s ]

[ 2013-11-15T23:16:49+08:00 ] 127.0.0.1 /HuiGl/index.php?m=Coupon&a=coupon
INFO: [ app_begin ] --START--
INFO: ReadHtmlCache Behavior ::run [ RunTime:0.000084s ]
INFO: [ app_begin ] --END-- [ RunTime:0.000153s ]
SQL: SHOW COLUMNS FROM monkey.t_monkey_coupon_info [ RunTime:0.002667s ]
SQL: SELECT * FROM monkey.t_monkey_coupon_info WHERE (  1 = 1 )  [ RunTime:0.000387s ]
INFO: [ view_parse ] --START--
INFO: ParseTemplate Behavior ::run [ RunTime:0.010253s ]
INFO: [ view_parse ] --END-- [ RunTime:0.010342s ]
INFO: [ view_filter ] --START--
INFO: ContentReplace Behavior ::run [ RunTime:0.000145s ]
INFO: TokenBuild Behavior ::run [ RunTime:0.000072s ]
INFO: WriteHtmlCache Behavior ::run [ RunTime:0.000045s ]
INFO: ShowRuntime Behavior ::run [ RunTime:0.000088s ]
INFO: [ view_filter ] --END-- [ RunTime:0.000466s ]
INFO: [ view_end ] --START--
INFO: ShowPageTrace Behavior ::run [ RunTime:0.000108s ]
INFO: [ view_end ] --END-- [ RunTime:0.000173s ]

[ 2013-11-15T23:27:44+08:00 ] 127.0.0.1 /HuiGl/index.php?m=Coupon&a=coupon
INFO: [ app_begin ] --START--
INFO: ReadHtmlCache Behavior ::run [ RunTime:0.000127s ]
INFO: [ app_begin ] --END-- [ RunTime:0.000218s ]
SQL: SHOW COLUMNS FROM monkey.t_monkey_coupon_info [ RunTime:0.086639s ]
SQL: SELECT * FROM monkey.t_monkey_coupon_info WHERE (  1 = 1 )  [ RunTime:0.000313s ]
INFO: [ view_parse ] --START--

[ 2013-11-15T23:28:30+08:00 ] 127.0.0.1 /HuiGl/index.php?m=Coupon&a=coupon
INFO: [ app_begin ] --START--
INFO: ReadHtmlCache Behavior ::run [ RunTime:0.000097s ]
INFO: [ app_begin ] --END-- [ RunTime:0.000201s ]
SQL: SHOW COLUMNS FROM monkey.t_monkey_coupon_info [ RunTime:0.017050s ]
SQL: SELECT * FROM monkey.t_monkey_coupon_info WHERE (  1 = 1 )  [ RunTime:0.000248s ]
INFO: [ view_parse ] --START--

[ 2013-11-15T23:29:01+08:00 ] 127.0.0.1 /HuiGl/index.php?m=Coupon&a=coupon
INFO: [ app_begin ] --START--
INFO: ReadHtmlCache Behavior ::run [ RunTime:0.000110s ]
INFO: [ app_begin ] --END-- [ RunTime:0.000225s ]
SQL: SHOW COLUMNS FROM monkey.t_monkey_coupon_info [ RunTime:0.002764s ]
SQL: SELECT * FROM monkey.t_monkey_coupon_info WHERE (  1 = 1 )  [ RunTime:0.000311s ]
INFO: [ view_parse ] --START--

[ 2013-11-15T23:29:05+08:00 ] 127.0.0.1 /HuiGl/index.php?m=Coupon&a=coupon
INFO: [ app_begin ] --START--
INFO: ReadHtmlCache Behavior ::run [ RunTime:0.000080s ]
INFO: [ app_begin ] --END-- [ RunTime:0.000142s ]
SQL: SHOW COLUMNS FROM monkey.t_monkey_coupon_info [ RunTime:0.016641s ]
SQL: SELECT * FROM monkey.t_monkey_coupon_info WHERE (  1 = 1 )  [ RunTime:0.000266s ]
INFO: [ view_parse ] --START--

[ 2013-11-15T23:29:49+08:00 ] 127.0.0.1 /HuiGl/index.php?m=Coupon&a=coupon
INFO: [ app_begin ] --START--
INFO: ReadHtmlCache Behavior ::run [ RunTime:0.000075s ]
INFO: [ app_begin ] --END-- [ RunTime:0.000132s ]
SQL: SHOW COLUMNS FROM monkey.t_monkey_coupon_info [ RunTime:0.002784s ]
SQL: SELECT * FROM monkey.t_monkey_coupon_info WHERE (  1 = 1 )  [ RunTime:0.000272s ]
INFO: [ view_parse ] --START--

[ 2013-11-15T23:30:09+08:00 ] 127.0.0.1 /HuiGl/index.php?m=Coupon&a=coupon
INFO: [ app_begin ] --START--
INFO: ReadHtmlCache Behavior ::run [ RunTime:0.000112s ]
INFO: [ app_begin ] --END-- [ RunTime:0.000238s ]
SQL: SHOW COLUMNS FROM monkey.t_monkey_coupon_info [ RunTime:0.001772s ]
SQL: SELECT * FROM monkey.t_monkey_coupon_info WHERE (  1 = 1 )  [ RunTime:0.000272s ]
INFO: [ view_parse ] --START--
NOTIC: [8] Undefined index: ['header_path'] /Users/linhuazhu/getCode/dev/HuiGL/Home/Runtime/Cache/9f1bb861b9c40a22fd48140e30d94e7a.php 第 142 行.
NOTIC: [8] Undefined index: ['tag'] /Users/linhuazhu/getCode/dev/HuiGL/Home/Runtime/Cache/9f1bb861b9c40a22fd48140e30d94e7a.php 第 145 行.
NOTIC: [8] Undefined index: ['header_path'] /Users/linhuazhu/getCode/dev/HuiGL/Home/Runtime/Cache/9f1bb861b9c40a22fd48140e30d94e7a.php 第 142 行.
NOTIC: [8] Undefined index: ['tag'] /Users/linhuazhu/getCode/dev/HuiGL/Home/Runtime/Cache/9f1bb861b9c40a22fd48140e30d94e7a.php 第 145 行.
INFO: ParseTemplate Behavior ::run [ RunTime:0.009118s ]
INFO: [ view_parse ] --END-- [ RunTime:0.009175s ]
INFO: [ view_filter ] --START--
INFO: ContentReplace Behavior ::run [ RunTime:0.000160s ]
INFO: TokenBuild Behavior ::run [ RunTime:0.000073s ]
INFO: WriteHtmlCache Behavior ::run [ RunTime:0.000047s ]
INFO: ShowRuntime Behavior ::run [ RunTime:0.000086s ]
INFO: [ view_filter ] --END-- [ RunTime:0.000460s ]
INFO: [ view_end ] --START--
INFO: ShowPageTrace Behavior ::run [ RunTime:0.000112s ]
INFO: [ view_end ] --END-- [ RunTime:0.000180s ]

[ 2013-11-15T23:31:08+08:00 ] 127.0.0.1 /HuiGl/index.php?m=Coupon&a=coupon
INFO: [ app_begin ] --START--
INFO: ReadHtmlCache Behavior ::run [ RunTime:0.000085s ]
INFO: [ app_begin ] --END-- [ RunTime:0.000151s ]
SQL: SHOW COLUMNS FROM monkey.t_monkey_coupon_info [ RunTime:0.002799s ]
SQL: SELECT * FROM monkey.t_monkey_coupon_info WHERE (  1 = 1 )  [ RunTime:0.000313s ]

[ 2013-11-15T23:31:42+08:00 ] 127.0.0.1 /HuiGl/index.php?m=Coupon&a=coupon
INFO: [ app_begin ] --START--
INFO: ReadHtmlCache Behavior ::run [ RunTime:0.000120s ]
INFO: [ app_begin ] --END-- [ RunTime:0.000249s ]
SQL: SHOW COLUMNS FROM monkey.t_monkey_coupon_info [ RunTime:0.077985s ]
SQL: SELECT * FROM monkey.t_monkey_coupon_info WHERE (  1 = 1 )  [ RunTime:0.000552s ]
INFO: [ view_parse ] --START--
NOTIC: [8] Undefined index: ['header_path'] /Users/linhuazhu/getCode/dev/HuiGL/Home/Runtime/Cache/9f1bb861b9c40a22fd48140e30d94e7a.php 第 142 行.
NOTIC: [8] Undefined index: ['tag'] /Users/linhuazhu/getCode/dev/HuiGL/Home/Runtime/Cache/9f1bb861b9c40a22fd48140e30d94e7a.php 第 145 行.
NOTIC: [8] Undefined index: ['header_path'] /Users/linhuazhu/getCode/dev/HuiGL/Home/Runtime/Cache/9f1bb861b9c40a22fd48140e30d94e7a.php 第 142 行.
NOTIC: [8] Undefined index: ['tag'] /Users/linhuazhu/getCode/dev/HuiGL/Home/Runtime/Cache/9f1bb861b9c40a22fd48140e30d94e7a.php 第 145 行.
INFO: ParseTemplate Behavior ::run [ RunTime:0.024915s ]
INFO: [ view_parse ] --END-- [ RunTime:0.024998s ]
INFO: [ view_filter ] --START--
INFO: ContentReplace Behavior ::run [ RunTime:0.000138s ]
INFO: TokenBuild Behavior ::run [ RunTime:0.000071s ]
INFO: WriteHtmlCache Behavior ::run [ RunTime:0.000047s ]
INFO: ShowRuntime Behavior ::run [ RunTime:0.000085s ]
INFO: [ view_filter ] --END-- [ RunTime:0.000436s ]
INFO: [ view_end ] --START--
INFO: ShowPageTrace Behavior ::run [ RunTime:0.000071s ]
INFO: [ view_end ] --END-- [ RunTime:0.000108s ]

[ 2013-11-15T23:32:29+08:00 ] 127.0.0.1 /HuiGl/index.php?m=Coupon&a=coupon
INFO: [ app_begin ] --START--
INFO: ReadHtmlCache Behavior ::run [ RunTime:0.000072s ]
INFO: [ app_begin ] --END-- [ RunTime:0.000135s ]
SQL: SHOW COLUMNS FROM monkey.t_monkey_coupon_info [ RunTime:0.016613s ]
SQL: SELECT * FROM monkey.t_monkey_coupon_info WHERE (  1 = 1 )  [ RunTime:0.000320s ]
INFO: [ view_parse ] --START--

[ 2013-11-15T23:32:36+08:00 ] 127.0.0.1 /HuiGl/index.php?m=Coupon&a=coupon
INFO: [ app_begin ] --START--
INFO: ReadHtmlCache Behavior ::run [ RunTime:0.000131s ]
INFO: [ app_begin ] --END-- [ RunTime:0.000229s ]
SQL: SHOW COLUMNS FROM monkey.t_monkey_coupon_info [ RunTime:0.003280s ]
SQL: SELECT * FROM monkey.t_monkey_coupon_info WHERE (  1 = 1 )  [ RunTime:0.000269s ]
INFO: [ view_parse ] --START--
NOTIC: [8] Undefined index: ['header_path'] /Users/linhuazhu/getCode/dev/HuiGL/Home/Runtime/Cache/9f1bb861b9c40a22fd48140e30d94e7a.php 第 142 行.
NOTIC: [8] Undefined index: ['tag'] /Users/linhuazhu/getCode/dev/HuiGL/Home/Runtime/Cache/9f1bb861b9c40a22fd48140e30d94e7a.php 第 145 行.
NOTIC: [8] Undefined index: ['header_path'] /Users/linhuazhu/getCode/dev/HuiGL/Home/Runtime/Cache/9f1bb861b9c40a22fd48140e30d94e7a.php 第 142 行.
NOTIC: [8] Undefined index: ['tag'] /Users/linhuazhu/getCode/dev/HuiGL/Home/Runtime/Cache/9f1bb861b9c40a22fd48140e30d94e7a.php 第 145 行.
INFO: ParseTemplate Behavior ::run [ RunTime:0.008788s ]
INFO: [ view_parse ] --END-- [ RunTime:0.008888s ]
INFO: [ view_filter ] --START--
INFO: ContentReplace Behavior ::run [ RunTime:0.000240s ]
INFO: TokenBuild Behavior ::run [ RunTime:0.000129s ]
INFO: WriteHtmlCache Behavior ::run [ RunTime:0.000081s ]
INFO: ShowRuntime Behavior ::run [ RunTime:0.009623s ]
INFO: [ view_filter ] --END-- [ RunTime:0.010387s ]
INFO: [ view_end ] --START--
INFO: ShowPageTrace Behavior ::run [ RunTime:0.007659s ]
INFO: [ view_end ] --END-- [ RunTime:0.007778s ]

[ 2013-11-15T23:33:06+08:00 ] 127.0.0.1 /HuiGl/index.php?m=Coupon&a=coupon
INFO: [ app_begin ] --START--
INFO: ReadHtmlCache Behavior ::run [ RunTime:0.000117s ]
INFO: [ app_begin ] --END-- [ RunTime:0.000205s ]
SQL: SHOW COLUMNS FROM monkey.t_monkey_coupon_info [ RunTime:0.002873s ]
SQL: SELECT * FROM monkey.t_monkey_coupon_info WHERE (  1 = 1 )  [ RunTime:0.000341s ]
INFO: [ view_parse ] --START--
NOTIC: [8] Undefined index: ['header_path'] /Users/linhuazhu/getCode/dev/HuiGL/Home/Runtime/Cache/9f1bb861b9c40a22fd48140e30d94e7a.php 第 142 行.
NOTIC: [8] Undefined index: ['tag'] /Users/linhuazhu/getCode/dev/HuiGL/Home/Runtime/Cache/9f1bb861b9c40a22fd48140e30d94e7a.php 第 145 行.
NOTIC: [8] Undefined index: ['header_path'] /Users/linhuazhu/getCode/dev/HuiGL/Home/Runtime/Cache/9f1bb861b9c40a22fd48140e30d94e7a.php 第 142 行.
NOTIC: [8] Undefined index: ['tag'] /Users/linhuazhu/getCode/dev/HuiGL/Home/Runtime/Cache/9f1bb861b9c40a22fd48140e30d94e7a.php 第 145 行.
INFO: ParseTemplate Behavior ::run [ RunTime:0.007671s ]
INFO: [ view_parse ] --END-- [ RunTime:0.007753s ]
INFO: [ view_filter ] --START--
INFO: ContentReplace Behavior ::run [ RunTime:0.000176s ]
INFO: TokenBuild Behavior ::run [ RunTime:0.000072s ]
INFO: WriteHtmlCache Behavior ::run [ RunTime:0.000048s ]
INFO: ShowRuntime Behavior ::run [ RunTime:0.000087s ]
INFO: [ view_filter ] --END-- [ RunTime:0.000493s ]
INFO: [ view_end ] --START--
INFO: ShowPageTrace Behavior ::run [ RunTime:0.000080s ]
INFO: [ view_end ] --END-- [ RunTime:0.000135s ]

[ 2013-11-15T23:33:37+08:00 ] 127.0.0.1 /HuiGl/index.php?m=Coupon&a=coupon
INFO: [ app_begin ] --START--
INFO: ReadHtmlCache Behavior ::run [ RunTime:0.000169s ]
INFO: [ app_begin ] --END-- [ RunTime:0.000337s ]
SQL: SHOW COLUMNS FROM monkey.t_monkey_coupon_info [ RunTime:0.002442s ]
SQL: SELECT * FROM monkey.t_monkey_coupon_info WHERE (  1 = 1 )  [ RunTime:0.000425s ]
INFO: [ view_parse ] --START--
NOTIC: [8] Undefined index: ['tag'] /Users/linhuazhu/getCode/dev/HuiGL/Home/Runtime/Cache/9f1bb861b9c40a22fd48140e30d94e7a.php 第 145 行.
NOTIC: [8] Undefined index: ['tag'] /Users/linhuazhu/getCode/dev/HuiGL/Home/Runtime/Cache/9f1bb861b9c40a22fd48140e30d94e7a.php 第 145 行.
INFO: ParseTemplate Behavior ::run [ RunTime:0.009689s ]
INFO: [ view_parse ] --END-- [ RunTime:0.009783s ]
INFO: [ view_filter ] --START--
INFO: ContentReplace Behavior ::run [ RunTime:0.000230s ]
INFO: TokenBuild Behavior ::run [ RunTime:0.000119s ]
INFO: WriteHtmlCache Behavior ::run [ RunTime:0.000086s ]
INFO: ShowRuntime Behavior ::run [ RunTime:0.000160s ]
INFO: [ view_filter ] --END-- [ RunTime:0.000771s ]
INFO: [ view_end ] --START--
INFO: ShowPageTrace Behavior ::run [ RunTime:0.000109s ]
INFO: [ view_end ] --END-- [ RunTime:0.000169s ]

[ 2013-11-15T23:34:04+08:00 ] 127.0.0.1 /HuiGl/index.php?m=Coupon&a=coupon
INFO: [ app_begin ] --START--
INFO: ReadHtmlCache Behavior ::run [ RunTime:0.000094s ]
INFO: [ app_begin ] --END-- [ RunTime:0.000165s ]
SQL: SHOW COLUMNS FROM monkey.t_monkey_coupon_info [ RunTime:0.003604s ]
SQL: SELECT * FROM monkey.t_monkey_coupon_info WHERE (  1 = 1 )  [ RunTime:0.000356s ]
INFO: [ view_parse ] --START--
INFO: ParseTemplate Behavior ::run [ RunTime:0.008555s ]
INFO: [ view_parse ] --END-- [ RunTime:0.008628s ]
INFO: [ view_filter ] --START--
INFO: ContentReplace Behavior ::run [ RunTime:0.000130s ]
INFO: TokenBuild Behavior ::run [ RunTime:0.000071s ]
INFO: WriteHtmlCache Behavior ::run [ RunTime:0.000047s ]
INFO: ShowRuntime Behavior ::run [ RunTime:0.000084s ]
INFO: [ view_filter ] --END-- [ RunTime:0.000426s ]
INFO: [ view_end ] --START--
INFO: ShowPageTrace Behavior ::run [ RunTime:0.000109s ]
INFO: [ view_end ] --END-- [ RunTime:0.000155s ]

[ 2013-11-15T23:34:44+08:00 ] 127.0.0.1 /HuiGl/index.php?m=Coupon&a=coupon
INFO: [ app_begin ] --START--
INFO: ReadHtmlCache Behavior ::run [ RunTime:0.000113s ]
INFO: [ app_begin ] --END-- [ RunTime:0.000230s ]
SQL: SHOW COLUMNS FROM monkey.t_monkey_coupon_info [ RunTime:0.016059s ]
SQL: SELECT * FROM monkey.t_monkey_coupon_info WHERE (  1 = 1 )  [ RunTime:0.000269s ]
INFO: [ view_parse ] --START--
INFO: ParseTemplate Behavior ::run [ RunTime:0.008033s ]
INFO: [ view_parse ] --END-- [ RunTime:0.008099s ]
INFO: [ view_filter ] --START--
INFO: ContentReplace Behavior ::run [ RunTime:0.000139s ]
INFO: TokenBuild Behavior ::run [ RunTime:0.000070s ]
INFO: WriteHtmlCache Behavior ::run [ RunTime:0.000047s ]
INFO: ShowRuntime Behavior ::run [ RunTime:0.000084s ]
INFO: [ view_filter ] --END-- [ RunTime:0.000434s ]
INFO: [ view_end ] --START--
INFO: ShowPageTrace Behavior ::run [ RunTime:0.000117s ]
INFO: [ view_end ] --END-- [ RunTime:0.000177s ]

[ 2013-11-15T23:35:09+08:00 ] 127.0.0.1 /HuiGl/index.php?m=Coupon&a=coupon
INFO: [ app_begin ] --START--
INFO: ReadHtmlCache Behavior ::run [ RunTime:0.000104s ]
INFO: [ app_begin ] --END-- [ RunTime:0.000249s ]
SQL: SHOW COLUMNS FROM monkey.t_monkey_coupon_info [ RunTime:0.032701s ]
SQL: SELECT * FROM monkey.t_monkey_coupon_info WHERE (  1 = 1 )  [ RunTime:0.000382s ]
INFO: [ view_parse ] --START--
INFO: ParseTemplate Behavior ::run [ RunTime:0.011409s ]
INFO: [ view_parse ] --END-- [ RunTime:0.011492s ]
INFO: [ view_filter ] --START--
INFO: ContentReplace Behavior ::run [ RunTime:0.000168s ]
INFO: TokenBuild Behavior ::run [ RunTime:0.000078s ]
INFO: WriteHtmlCache Behavior ::run [ RunTime:0.000050s ]
INFO: ShowRuntime Behavior ::run [ RunTime:0.000091s ]
INFO: [ view_filter ] --END-- [ RunTime:0.000488s ]
INFO: [ view_end ] --START--
INFO: ShowPageTrace Behavior ::run [ RunTime:0.000107s ]
INFO: [ view_end ] --END-- [ RunTime:0.000168s ]

[ 2013-11-15T23:35:40+08:00 ] 127.0.0.1 /HuiGl/index.php?m=Coupon&a=coupon
INFO: [ app_begin ] --START--
INFO: ReadHtmlCache Behavior ::run [ RunTime:0.000104s ]
INFO: [ app_begin ] --END-- [ RunTime:0.000183s ]
SQL: SHOW COLUMNS FROM monkey.t_monkey_coupon_info [ RunTime:0.030820s ]
SQL: SELECT * FROM monkey.t_monkey_coupon_info WHERE (  1 = 1 )  [ RunTime:0.000237s ]
INFO: [ view_parse ] --START--
INFO: ParseTemplate Behavior ::run [ RunTime:0.037574s ]
INFO: [ view_parse ] --END-- [ RunTime:0.037693s ]
INFO: [ view_filter ] --START--
INFO: ContentReplace Behavior ::run [ RunTime:0.000218s ]
INFO: TokenBuild Behavior ::run [ RunTime:0.000108s ]
INFO: WriteHtmlCache Behavior ::run [ RunTime:0.000068s ]
INFO: ShowRuntime Behavior ::run [ RunTime:0.000132s ]
INFO: [ view_filter ] --END-- [ RunTime:0.000704s ]
INFO: [ view_end ] --START--
INFO: ShowPageTrace Behavior ::run [ RunTime:0.000099s ]
INFO: [ view_end ] --END-- [ RunTime:0.000164s ]

[ 2013-11-15T23:36:54+08:00 ] 127.0.0.1 /HuiGl/index.php?m=Coupon&a=coupon
INFO: [ app_begin ] --START--
INFO: ReadHtmlCache Behavior ::run [ RunTime:0.000132s ]
INFO: [ app_begin ] --END-- [ RunTime:0.000243s ]
SQL: SHOW COLUMNS FROM monkey.t_monkey_coupon_info [ RunTime:0.002758s ]
SQL: SELECT * FROM monkey.t_monkey_coupon_info WHERE (  1 = 1 )  [ RunTime:0.000273s ]
INFO: [ view_parse ] --START--
INFO: ParseTemplate Behavior ::run [ RunTime:0.008265s ]
INFO: [ view_parse ] --END-- [ RunTime:0.008349s ]
INFO: [ view_filter ] --START--
INFO: ContentReplace Behavior ::run [ RunTime:0.000127s ]
INFO: TokenBuild Behavior ::run [ RunTime:0.000062s ]
INFO: WriteHtmlCache Behavior ::run [ RunTime:0.000039s ]
INFO: ShowRuntime Behavior ::run [ RunTime:0.000075s ]
INFO: [ view_filter ] --END-- [ RunTime:0.000404s ]
INFO: [ view_end ] --START--
INFO: ShowPageTrace Behavior ::run [ RunTime:0.000088s ]
INFO: [ view_end ] --END-- [ RunTime:0.000144s ]

[ 2013-11-15T23:37:59+08:00 ] 127.0.0.1 /HuiGl/index.php?m=Coupon&a=coupon
INFO: [ app_begin ] --START--
INFO: ReadHtmlCache Behavior ::run [ RunTime:0.000137s ]
INFO: [ app_begin ] --END-- [ RunTime:0.000234s ]
SQL: SHOW COLUMNS FROM monkey.t_monkey_coupon_info [ RunTime:0.001698s ]
SQL: SELECT * FROM monkey.t_monkey_coupon_info WHERE (  1 = 1 )  [ RunTime:0.000272s ]
INFO: [ view_parse ] --START--
INFO: ParseTemplate Behavior ::run [ RunTime:0.006289s ]
INFO: [ view_parse ] --END-- [ RunTime:0.006357s ]
INFO: [ view_filter ] --START--
INFO: ContentReplace Behavior ::run [ RunTime:0.000149s ]
INFO: TokenBuild Behavior ::run [ RunTime:0.000063s ]
INFO: WriteHtmlCache Behavior ::run [ RunTime:0.000037s ]
INFO: ShowRuntime Behavior ::run [ RunTime:0.000070s ]
INFO: [ view_filter ] --END-- [ RunTime:0.000430s ]
INFO: [ view_end ] --START--
INFO: ShowPageTrace Behavior ::run [ RunTime:0.000057s ]
INFO: [ view_end ] --END-- [ RunTime:0.000093s ]

[ 2013-11-15T23:39:16+08:00 ] 127.0.0.1 /HuiGl/index.php?m=Coupon&a=coupon
INFO: [ app_begin ] --START--
INFO: ReadHtmlCache Behavior ::run [ RunTime:0.000129s ]
INFO: [ app_begin ] --END-- [ RunTime:0.000237s ]
SQL: SHOW COLUMNS FROM monkey.t_monkey_coupon_info [ RunTime:0.002606s ]
SQL: SELECT * FROM monkey.t_monkey_coupon_info WHERE (  1 = 1 )  [ RunTime:0.000253s ]
INFO: [ view_parse ] --START--
INFO: ParseTemplate Behavior ::run [ RunTime:0.006229s ]
INFO: [ view_parse ] --END-- [ RunTime:0.006282s ]
INFO: [ view_filter ] --START--
INFO: ContentReplace Behavior ::run [ RunTime:0.000104s ]
INFO: TokenBuild Behavior ::run [ RunTime:0.000061s ]
INFO: WriteHtmlCache Behavior ::run [ RunTime:0.000039s ]
INFO: ShowRuntime Behavior ::run [ RunTime:0.000075s ]
INFO: [ view_filter ] --END-- [ RunTime:0.000389s ]
INFO: [ view_end ] --START--
INFO: ShowPageTrace Behavior ::run [ RunTime:0.000089s ]
INFO: [ view_end ] --END-- [ RunTime:0.000138s ]

[ 2013-11-15T23:39:30+08:00 ] 127.0.0.1 /HuiGl/index.php?m=Coupon&a=coupon
INFO: [ app_begin ] --START--
INFO: ReadHtmlCache Behavior ::run [ RunTime:0.000170s ]
INFO: [ app_begin ] --END-- [ RunTime:0.000338s ]
SQL: SHOW COLUMNS FROM monkey.t_monkey_coupon_info [ RunTime:0.001904s ]
SQL: SELECT * FROM monkey.t_monkey_coupon_info WHERE (  1 = 1 )  [ RunTime:0.000283s ]
INFO: [ view_parse ] --START--
INFO: ParseTemplate Behavior ::run [ RunTime:0.008122s ]
INFO: [ view_parse ] --END-- [ RunTime:0.008210s ]
INFO: [ view_filter ] --START--
INFO: ContentReplace Behavior ::run [ RunTime:0.000199s ]
INFO: TokenBuild Behavior ::run [ RunTime:0.000079s ]
INFO: WriteHtmlCache Behavior ::run [ RunTime:0.000051s ]
INFO: ShowRuntime Behavior ::run [ RunTime:0.000092s ]
INFO: [ view_filter ] --END-- [ RunTime:0.000537s ]
INFO: [ view_end ] --START--
INFO: ShowPageTrace Behavior ::run [ RunTime:0.000073s ]
INFO: [ view_end ] --END-- [ RunTime:0.000110s ]

[ 2013-11-15T23:40:07+08:00 ] 127.0.0.1 /HuiGl/index.php?m=Coupon&a=coupon
INFO: [ app_begin ] --START--
INFO: ReadHtmlCache Behavior ::run [ RunTime:0.000127s ]
INFO: [ app_begin ] --END-- [ RunTime:0.000223s ]
SQL: SHOW COLUMNS FROM monkey.t_monkey_coupon_info [ RunTime:0.002832s ]
SQL: SELECT * FROM monkey.t_monkey_coupon_info WHERE (  1 = 1 )  [ RunTime:0.000390s ]
INFO: [ view_parse ] --START--
INFO: ParseTemplate Behavior ::run [ RunTime:0.006940s ]
INFO: [ view_parse ] --END-- [ RunTime:0.007001s ]
INFO: [ view_filter ] --START--
INFO: ContentReplace Behavior ::run [ RunTime:0.000109s ]
INFO: TokenBuild Behavior ::run [ RunTime:0.000062s ]
INFO: WriteHtmlCache Behavior ::run [ RunTime:0.000039s ]
INFO: ShowRuntime Behavior ::run [ RunTime:0.000115s ]
INFO: [ view_filter ] --END-- [ RunTime:0.000444s ]
INFO: [ view_end ] --START--
INFO: ShowPageTrace Behavior ::run [ RunTime:0.000152s ]
INFO: [ view_end ] --END-- [ RunTime:0.000223s ]

[ 2013-11-15T23:41:07+08:00 ] 127.0.0.1 /HuiGl/index.php?m=Coupon&a=coupon
INFO: [ app_begin ] --START--
INFO: ReadHtmlCache Behavior ::run [ RunTime:0.000151s ]
INFO: [ app_begin ] --END-- [ RunTime:0.000265s ]
SQL: SHOW COLUMNS FROM monkey.t_monkey_coupon_info [ RunTime:0.003076s ]
SQL: SELECT * FROM monkey.t_monkey_coupon_info WHERE (  1 = 1 )  [ RunTime:0.000352s ]
INFO: [ view_parse ] --START--
INFO: ParseTemplate Behavior ::run [ RunTime:0.006422s ]
INFO: [ view_parse ] --END-- [ RunTime:0.006497s ]
INFO: [ view_filter ] --START--
INFO: ContentReplace Behavior ::run [ RunTime:0.000149s ]
INFO: TokenBuild Behavior ::run [ RunTime:0.000099s ]
INFO: WriteHtmlCache Behavior ::run [ RunTime:0.000065s ]
INFO: ShowRuntime Behavior ::run [ RunTime:0.000120s ]
INFO: [ view_filter ] --END-- [ RunTime:0.000604s ]
INFO: [ view_end ] --START--
INFO: ShowPageTrace Behavior ::run [ RunTime:0.000099s ]
INFO: [ view_end ] --END-- [ RunTime:0.000161s ]

[ 2013-11-15T23:42:30+08:00 ] 127.0.0.1 /HuiGl/index.php?m=Coupon&a=coupon
INFO: [ app_begin ] --START--
INFO: ReadHtmlCache Behavior ::run [ RunTime:0.000076s ]
INFO: [ app_begin ] --END-- [ RunTime:0.000132s ]
SQL: SHOW COLUMNS FROM monkey.t_monkey_coupon_info [ RunTime:0.002625s ]
SQL: SELECT * FROM monkey.t_monkey_coupon_info WHERE (  1 = 1 )  [ RunTime:0.000247s ]
INFO: [ view_parse ] --START--
INFO: ParseTemplate Behavior ::run [ RunTime:0.005883s ]
INFO: [ view_parse ] --END-- [ RunTime:0.005933s ]
INFO: [ view_filter ] --START--
INFO: ContentReplace Behavior ::run [ RunTime:0.000091s ]
INFO: TokenBuild Behavior ::run [ RunTime:0.000056s ]
INFO: WriteHtmlCache Behavior ::run [ RunTime:0.000036s ]
INFO: ShowRuntime Behavior ::run [ RunTime:0.000069s ]
INFO: [ view_filter ] --END-- [ RunTime:0.000342s ]
INFO: [ view_end ] --START--
INFO: ShowPageTrace Behavior ::run [ RunTime:0.000057s ]
INFO: [ view_end ] --END-- [ RunTime:0.000094s ]

[ 2013-11-15T23:43:19+08:00 ] 127.0.0.1 /HuiGl/index.php?m=Coupon&a=coupon
INFO: [ app_begin ] --START--
INFO: ReadHtmlCache Behavior ::run [ RunTime:0.000151s ]
INFO: [ app_begin ] --END-- [ RunTime:0.000325s ]
SQL: SHOW COLUMNS FROM monkey.t_monkey_coupon_info [ RunTime:0.002740s ]
SQL: SELECT * FROM monkey.t_monkey_coupon_info WHERE (  1 = 1 )  [ RunTime:0.000314s ]
INFO: [ view_parse ] --START--
INFO: ParseTemplate Behavior ::run [ RunTime:0.009018s ]
INFO: [ view_parse ] --END-- [ RunTime:0.009087s ]
INFO: [ view_filter ] --START--
INFO: ContentReplace Behavior ::run [ RunTime:0.000196s ]
INFO: TokenBuild Behavior ::run [ RunTime:0.000078s ]
INFO: WriteHtmlCache Behavior ::run [ RunTime:0.000050s ]
INFO: ShowRuntime Behavior ::run [ RunTime:0.000091s ]
INFO: [ view_filter ] --END-- [ RunTime:0.000529s ]
INFO: [ view_end ] --START--
INFO: ShowPageTrace Behavior ::run [ RunTime:0.000075s ]
INFO: [ view_end ] --END-- [ RunTime:0.000153s ]

[ 2013-11-15T23:44:12+08:00 ] 127.0.0.1 /HuiGl/index.php?m=Coupon&a=coupon
INFO: [ app_begin ] --START--
INFO: ReadHtmlCache Behavior ::run [ RunTime:0.000123s ]
INFO: [ app_begin ] --END-- [ RunTime:0.000217s ]
SQL: SHOW COLUMNS FROM monkey.t_monkey_coupon_info [ RunTime:0.008479s ]
SQL: SELECT * FROM monkey.t_monkey_coupon_info WHERE (  1 = 1 )  [ RunTime:0.000356s ]
INFO: [ view_parse ] --START--
INFO: ParseTemplate Behavior ::run [ RunTime:0.007369s ]
INFO: [ view_parse ] --END-- [ RunTime:0.007446s ]
INFO: [ view_filter ] --START--
INFO: ContentReplace Behavior ::run [ RunTime:0.000114s ]
INFO: TokenBuild Behavior ::run [ RunTime:0.000057s ]
INFO: WriteHtmlCache Behavior ::run [ RunTime:0.000036s ]
INFO: ShowRuntime Behavior ::run [ RunTime:0.000070s ]
INFO: [ view_filter ] --END-- [ RunTime:0.000378s ]
INFO: [ view_end ] --START--
INFO: ShowPageTrace Behavior ::run [ RunTime:0.000066s ]
INFO: [ view_end ] --END-- [ RunTime:0.000112s ]

[ 2013-11-15T23:46:04+08:00 ] 127.0.0.1 /HuiGl/index.php?m=Coupon&a=coupon
INFO: [ app_begin ] --START--
INFO: ReadHtmlCache Behavior ::run [ RunTime:0.000110s ]
INFO: [ app_begin ] --END-- [ RunTime:0.000224s ]
SQL: SHOW COLUMNS FROM monkey.t_monkey_coupon_info [ RunTime:0.017249s ]
SQL: SELECT * FROM monkey.t_monkey_coupon_info WHERE (  1 = 1 )  [ RunTime:0.000378s ]
INFO: [ view_parse ] --START--
INFO: ParseTemplate Behavior ::run [ RunTime:0.008526s ]
INFO: [ view_parse ] --END-- [ RunTime:0.008611s ]
INFO: [ view_filter ] --START--
INFO: ContentReplace Behavior ::run [ RunTime:0.000142s ]
INFO: TokenBuild Behavior ::run [ RunTime:0.000070s ]
INFO: WriteHtmlCache Behavior ::run [ RunTime:0.000046s ]
INFO: ShowRuntime Behavior ::run [ RunTime:0.000084s ]
INFO: [ view_filter ] --END-- [ RunTime:0.000437s ]
INFO: [ view_end ] --START--
INFO: ShowPageTrace Behavior ::run [ RunTime:0.000082s ]
INFO: [ view_end ] --END-- [ RunTime:0.000131s ]

[ 2013-11-15T23:47:40+08:00 ] 127.0.0.1 /HuiGl/index.php?m=Coupon&a=coupon
INFO: [ app_begin ] --START--
INFO: ReadHtmlCache Behavior ::run [ RunTime:0.000065s ]
INFO: [ app_begin ] --END-- [ RunTime:0.000115s ]
SQL: SHOW COLUMNS FROM monkey.t_monkey_coupon_info [ RunTime:0.002698s ]
SQL: SELECT * FROM monkey.t_monkey_coupon_info WHERE (  1 = 1 )  [ RunTime:0.000350s ]
INFO: [ view_parse ] --START--
INFO: ParseTemplate Behavior ::run [ RunTime:0.007392s ]
INFO: [ view_parse ] --END-- [ RunTime:0.007472s ]
INFO: [ view_filter ] --START--
INFO: ContentReplace Behavior ::run [ RunTime:0.000180s ]
INFO: TokenBuild Behavior ::run [ RunTime:0.000099s ]
INFO: WriteHtmlCache Behavior ::run [ RunTime:0.000043s ]
INFO: ShowRuntime Behavior ::run [ RunTime:0.000077s ]
INFO: [ view_filter ] --END-- [ RunTime:0.000519s ]
INFO: [ view_end ] --START--
INFO: ShowPageTrace Behavior ::run [ RunTime:0.000067s ]
INFO: [ view_end ] --END-- [ RunTime:0.000113s ]

[ 2013-11-15T23:55:30+08:00 ] 127.0.0.1 /HuiGl/index.php
INFO: [ app_begin ] --START--
INFO: ReadHtmlCache Behavior ::run [ RunTime:0.000207s ]
INFO: [ app_begin ] --END-- [ RunTime:0.000371s ]
INFO: [ view_parse ] --START--
INFO: ParseTemplate Behavior ::run [ RunTime:0.032071s ]
INFO: [ view_parse ] --END-- [ RunTime:0.032161s ]
INFO: [ view_filter ] --START--
INFO: ContentReplace Behavior ::run [ RunTime:0.000140s ]
INFO: TokenBuild Behavior ::run [ RunTime:0.000065s ]
INFO: WriteHtmlCache Behavior ::run [ RunTime:0.000062s ]
INFO: ShowRuntime Behavior ::run [ RunTime:0.000110s ]
INFO: [ view_filter ] --END-- [ RunTime:0.000550s ]
INFO: [ view_end ] --START--
INFO: ShowPageTrace Behavior ::run [ RunTime:0.000114s ]
INFO: [ view_end ] --END-- [ RunTime:0.000167s ]

[ 2013-11-15T23:55:36+08:00 ] 127.0.0.1 /HuiGl/index.php?m=Coupon&a=coupon
INFO: [ app_begin ] --START--
INFO: ReadHtmlCache Behavior ::run [ RunTime:0.000118s ]
INFO: [ app_begin ] --END-- [ RunTime:0.000208s ]
SQL: SHOW COLUMNS FROM monkey.t_monkey_coupon_info [ RunTime:0.105398s ]
SQL: SELECT * FROM monkey.t_monkey_coupon_info WHERE (  1 = 1 )  [ RunTime:0.000244s ]
INFO: [ view_parse ] --START--
INFO: ParseTemplate Behavior ::run [ RunTime:0.006824s ]
INFO: [ view_parse ] --END-- [ RunTime:0.006912s ]
INFO: [ view_filter ] --START--
INFO: ContentReplace Behavior ::run [ RunTime:0.000113s ]
INFO: TokenBuild Behavior ::run [ RunTime:0.000058s ]
INFO: WriteHtmlCache Behavior ::run [ RunTime:0.000038s ]
INFO: ShowRuntime Behavior ::run [ RunTime:0.000072s ]
INFO: [ view_filter ] --END-- [ RunTime:0.000383s ]
INFO: [ view_end ] --START--
INFO: ShowPageTrace Behavior ::run [ RunTime:0.000075s ]
INFO: [ view_end ] --END-- [ RunTime:0.000122s ]

[ 2013-11-15T23:55:38+08:00 ] 127.0.0.1 /HuiGl/index.php
INFO: [ app_begin ] --START--
INFO: ReadHtmlCache Behavior ::run [ RunTime:0.000116s ]
INFO: [ app_begin ] --END-- [ RunTime:0.000254s ]
INFO: [ view_parse ] --START--
INFO: ParseTemplate Behavior ::run [ RunTime:0.015534s ]
INFO: [ view_parse ] --END-- [ RunTime:0.015607s ]
INFO: [ view_filter ] --START--
INFO: ContentReplace Behavior ::run [ RunTime:0.000138s ]
INFO: TokenBuild Behavior ::run [ RunTime:0.000073s ]
INFO: WriteHtmlCache Behavior ::run [ RunTime:0.000044s ]
INFO: ShowRuntime Behavior ::run [ RunTime:0.000087s ]
INFO: [ view_filter ] --END-- [ RunTime:0.000442s ]
INFO: [ view_end ] --START--
INFO: ShowPageTrace Behavior ::run [ RunTime:0.000090s ]
INFO: [ view_end ] --END-- [ RunTime:0.000154s ]

[ 2013-11-15T23:55:39+08:00 ] 127.0.0.1 /HuiGl/index.php?m=Coupon&a=coupon
INFO: [ app_begin ] --START--
INFO: ReadHtmlCache Behavior ::run [ RunTime:0.000073s ]
INFO: [ app_begin ] --END-- [ RunTime:0.000136s ]
SQL: SHOW COLUMNS FROM monkey.t_monkey_coupon_info [ RunTime:0.017158s ]
SQL: SELECT * FROM monkey.t_monkey_coupon_info WHERE (  1 = 1 )  [ RunTime:0.000420s ]
INFO: [ view_parse ] --START--
INFO: ParseTemplate Behavior ::run [ RunTime:0.009823s ]
INFO: [ view_parse ] --END-- [ RunTime:0.009903s ]
INFO: [ view_filter ] --START--
INFO: ContentReplace Behavior ::run [ RunTime:0.000146s ]
INFO: TokenBuild Behavior ::run [ RunTime:0.000072s ]
INFO: WriteHtmlCache Behavior ::run [ RunTime:0.000046s ]
INFO: ShowRuntime Behavior ::run [ RunTime:0.000095s ]
INFO: [ view_filter ] --END-- [ RunTime:0.000477s ]
INFO: [ view_end ] --START--
INFO: ShowPageTrace Behavior ::run [ RunTime:0.000101s ]
INFO: [ view_end ] --END-- [ RunTime:0.000167s ]

[ 2013-11-15T23:55:40+08:00 ] 127.0.0.1 /HuiGl/index.php
INFO: [ app_begin ] --START--
INFO: ReadHtmlCache Behavior ::run [ RunTime:0.000075s ]
INFO: [ app_begin ] --END-- [ RunTime:0.000146s ]
INFO: [ view_parse ] --START--
INFO: ParseTemplate Behavior ::run [ RunTime:0.008737s ]
INFO: [ view_parse ] --END-- [ RunTime:0.008826s ]
INFO: [ view_filter ] --START--
INFO: ContentReplace Behavior ::run [ RunTime:0.000172s ]
INFO: TokenBuild Behavior ::run [ RunTime:0.000107s ]
INFO: WriteHtmlCache Behavior ::run [ RunTime:0.000044s ]
INFO: ShowRuntime Behavior ::run [ RunTime:0.000099s ]
INFO: [ view_filter ] --END-- [ RunTime:0.000571s ]
INFO: [ view_end ] --START--
INFO: ShowPageTrace Behavior ::run [ RunTime:0.000093s ]
INFO: [ view_end ] --END-- [ RunTime:0.000156s ]

[ 2013-11-15T23:55:41+08:00 ] 127.0.0.1 /HuiGl/index.php?m=Card&a=card
INFO: [ app_begin ] --START--
INFO: ReadHtmlCache Behavior ::run [ RunTime:0.000152s ]
INFO: [ app_begin ] --END-- [ RunTime:0.000267s ]
INFO: [ view_parse ] --START--
INFO: ParseTemplate Behavior ::run [ RunTime:0.015983s ]
INFO: [ view_parse ] --END-- [ RunTime:0.016065s ]
INFO: [ view_filter ] --START--
INFO: ContentReplace Behavior ::run [ RunTime:0.000096s ]
INFO: TokenBuild Behavior ::run [ RunTime:0.000057s ]
INFO: WriteHtmlCache Behavior ::run [ RunTime:0.000034s ]
INFO: ShowRuntime Behavior ::run [ RunTime:0.000068s ]
INFO: [ view_filter ] --END-- [ RunTime:0.000355s ]
INFO: [ view_end ] --START--
INFO: ShowPageTrace Behavior ::run [ RunTime:0.000066s ]
INFO: [ view_end ] --END-- [ RunTime:0.000121s ]

[ 2013-11-15T23:55:42+08:00 ] 127.0.0.1 /HuiGl/index.php?m=Coupon&a=coupon
INFO: [ app_begin ] --START--
INFO: ReadHtmlCache Behavior ::run [ RunTime:0.000137s ]
INFO: [ app_begin ] --END-- [ RunTime:0.000233s ]
SQL: SHOW COLUMNS FROM monkey.t_monkey_coupon_info [ RunTime:0.002613s ]
SQL: SELECT * FROM monkey.t_monkey_coupon_info WHERE (  1 = 1 )  [ RunTime:0.000301s ]
INFO: [ view_parse ] --START--
INFO: ParseTemplate Behavior ::run [ RunTime:0.006398s ]
INFO: [ view_parse ] --END-- [ RunTime:0.006462s ]
INFO: [ view_filter ] --START--
INFO: ContentReplace Behavior ::run [ RunTime:0.000104s ]
INFO: TokenBuild Behavior ::run [ RunTime:0.000059s ]
INFO: WriteHtmlCache Behavior ::run [ RunTime:0.000060s ]
INFO: ShowRuntime Behavior ::run [ RunTime:0.000152s ]
INFO: [ view_filter ] --END-- [ RunTime:0.000503s ]
INFO: [ view_end ] --START--
INFO: ShowPageTrace Behavior ::run [ RunTime:0.000103s ]
INFO: [ view_end ] --END-- [ RunTime:0.000169s ]

[ 2013-11-15T23:55:43+08:00 ] 127.0.0.1 /HuiGl/index.php
INFO: [ app_begin ] --START--
INFO: ReadHtmlCache Behavior ::run [ RunTime:0.000091s ]
INFO: [ app_begin ] --END-- [ RunTime:0.000158s ]
INFO: [ view_parse ] --START--
INFO: ParseTemplate Behavior ::run [ RunTime:0.008256s ]
INFO: [ view_parse ] --END-- [ RunTime:0.008355s ]
INFO: [ view_filter ] --START--
INFO: ContentReplace Behavior ::run [ RunTime:0.000170s ]
INFO: TokenBuild Behavior ::run [ RunTime:0.000106s ]
INFO: WriteHtmlCache Behavior ::run [ RunTime:0.000065s ]
INFO: ShowRuntime Behavior ::run [ RunTime:0.000134s ]
INFO: [ view_filter ] --END-- [ RunTime:0.000651s ]
INFO: [ view_end ] --START--
INFO: ShowPageTrace Behavior ::run [ RunTime:0.000099s ]
INFO: [ view_end ] --END-- [ RunTime:0.000161s ]

[ 2013-11-15T23:55:44+08:00 ] 127.0.0.1 /HuiGl/index.php?m=Coupon&a=coupon
INFO: [ app_begin ] --START--
INFO: ReadHtmlCache Behavior ::run [ RunTime:0.000163s ]
INFO: [ app_begin ] --END-- [ RunTime:0.000281s ]
SQL: SHOW COLUMNS FROM monkey.t_monkey_coupon_info [ RunTime:0.001844s ]
SQL: SELECT * FROM monkey.t_monkey_coupon_info WHERE (  1 = 1 )  [ RunTime:0.000343s ]
INFO: [ view_parse ] --START--
INFO: ParseTemplate Behavior ::run [ RunTime:0.007160s ]
INFO: [ view_parse ] --END-- [ RunTime:0.007246s ]
INFO: [ view_filter ] --START--
INFO: ContentReplace Behavior ::run [ RunTime:0.000099s ]
INFO: TokenBuild Behavior ::run [ RunTime:0.000057s ]
INFO: WriteHtmlCache Behavior ::run [ RunTime:0.000037s ]
INFO: ShowRuntime Behavior ::run [ RunTime:0.000069s ]
INFO: [ view_filter ] --END-- [ RunTime:0.000355s ]
INFO: [ view_end ] --START--
INFO: ShowPageTrace Behavior ::run [ RunTime:0.000090s ]
INFO: [ view_end ] --END-- [ RunTime:0.000136s ]

[ 2013-11-15T23:55:45+08:00 ] 127.0.0.1 /HuiGl/index.php?m=Coupon&a=coupon
INFO: [ app_begin ] --START--
INFO: ReadHtmlCache Behavior ::run [ RunTime:0.000072s ]
INFO: [ app_begin ] --END-- [ RunTime:0.000127s ]
SQL: SHOW COLUMNS FROM monkey.t_monkey_coupon_info [ RunTime:0.050821s ]
SQL: SELECT * FROM monkey.t_monkey_coupon_info WHERE (  1 = 1 )  [ RunTime:0.000367s ]
INFO: [ view_parse ] --START--
INFO: ParseTemplate Behavior ::run [ RunTime:0.008343s ]
INFO: [ view_parse ] --END-- [ RunTime:0.008409s ]
INFO: [ view_filter ] --START--
INFO: ContentReplace Behavior ::run [ RunTime:0.000097s ]
INFO: TokenBuild Behavior ::run [ RunTime:0.000057s ]
INFO: WriteHtmlCache Behavior ::run [ RunTime:0.000037s ]
INFO: ShowRuntime Behavior ::run [ RunTime:0.000070s ]
INFO: [ view_filter ] --END-- [ RunTime:0.000352s ]
INFO: [ view_end ] --START--
INFO: ShowPageTrace Behavior ::run [ RunTime:0.000065s ]
INFO: [ view_end ] --END-- [ RunTime:0.000119s ]

[ 2013-11-15T23:55:47+08:00 ] 127.0.0.1 /HuiGl/index.php
INFO: [ app_begin ] --START--
INFO: ReadHtmlCache Behavior ::run [ RunTime:0.000072s ]
INFO: [ app_begin ] --END-- [ RunTime:0.000133s ]
INFO: [ view_parse ] --START--
INFO: ParseTemplate Behavior ::run [ RunTime:0.007654s ]
INFO: [ view_parse ] --END-- [ RunTime:0.007742s ]
INFO: [ view_filter ] --START--
INFO: ContentReplace Behavior ::run [ RunTime:0.000108s ]
INFO: TokenBuild Behavior ::run [ RunTime:0.000060s ]
INFO: WriteHtmlCache Behavior ::run [ RunTime:0.000035s ]
INFO: ShowRuntime Behavior ::run [ RunTime:0.000073s ]
INFO: [ view_filter ] --END-- [ RunTime:0.000376s ]
INFO: [ view_end ] --START--
INFO: ShowPageTrace Behavior ::run [ RunTime:0.000103s ]
INFO: [ view_end ] --END-- [ RunTime:0.000172s ]

[ 2013-11-15T23:55:47+08:00 ] 127.0.0.1 /HuiGl/index.php?m=Coupon&a=coupon
INFO: [ app_begin ] --START--
INFO: ReadHtmlCache Behavior ::run [ RunTime:0.000111s ]
INFO: [ app_begin ] --END-- [ RunTime:0.000178s ]
SQL: SHOW COLUMNS FROM monkey.t_monkey_coupon_info [ RunTime:0.003278s ]
SQL: SELECT * FROM monkey.t_monkey_coupon_info WHERE (  1 = 1 )  [ RunTime:0.000342s ]
INFO: [ view_parse ] --START--
INFO: ParseTemplate Behavior ::run [ RunTime:0.008918s ]
INFO: [ view_parse ] --END-- [ RunTime:0.009019s ]
INFO: [ view_filter ] --START--
INFO: ContentReplace Behavior ::run [ RunTime:0.000159s ]
INFO: TokenBuild Behavior ::run [ RunTime:0.000087s ]
INFO: WriteHtmlCache Behavior ::run [ RunTime:0.000047s ]
INFO: ShowRuntime Behavior ::run [ RunTime:0.000078s ]
INFO: [ view_filter ] --END-- [ RunTime:0.000503s ]
INFO: [ view_end ] --START--
INFO: ShowPageTrace Behavior ::run [ RunTime:0.000088s ]
INFO: [ view_end ] --END-- [ RunTime:0.000146s ]

