[ 2013-11-16T00:04:52+08:00 ] 127.0.0.1 /HuiGl/index.php?m=Coupon&a=coupon
INFO: [ app_begin ] --START--
INFO: ReadHtmlCache Behavior ::run [ RunTime:0.000159s ]
INFO: [ app_begin ] --END-- [ RunTime:0.000314s ]
SQL: SHOW COLUMNS FROM monkey.t_monkey_coupon_info [ RunTime:0.015571s ]
SQL: SELECT * FROM monkey.t_monkey_coupon_info WHERE (  1 = 1 )  [ RunTime:0.000270s ]

[ 2013-11-16T00:05:14+08:00 ] 127.0.0.1 /HuiGl/index.php?m=Coupon&a=coupon
INFO: [ app_begin ] --START--
INFO: ReadHtmlCache Behavior ::run [ RunTime:0.000071s ]
INFO: [ app_begin ] --END-- [ RunTime:0.000123s ]
SQL: SHOW COLUMNS FROM monkey.t_monkey_coupon_info [ RunTime:0.002628s ]
SQL: SELECT * FROM monkey.t_monkey_coupon_info WHERE (  1 = 1 )  [ RunTime:0.000292s ]
SQL: SHOW COLUMNS FROM monkey.t_monkey_add [ RunTime:0.045686s ]
ERR: 1146:Table 'monkey.t_monkey_add' doesn't exist
 [ SQL语句 ] : SHOW COLUMNS FROM monkey.t_monkey_add
SQL: SELECT * FROM monkey.t_monkey_add WHERE (  1 = 1 )  [ RunTime:0.000219s ]
ERR: 1146:Table 'monkey.t_monkey_add' doesn't exist
 [ SQL语句 ] : SELECT * FROM monkey.t_monkey_add WHERE (  1 = 1 ) 
INFO: [ view_parse ] --START--
INFO: ParseTemplate Behavior ::run [ RunTime:0.006662s ]
INFO: [ view_parse ] --END-- [ RunTime:0.006720s ]
INFO: [ view_filter ] --START--
INFO: ContentReplace Behavior ::run [ RunTime:0.000109s ]
INFO: TokenBuild Behavior ::run [ RunTime:0.000060s ]
INFO: WriteHtmlCache Behavior ::run [ RunTime:0.000034s ]
INFO: ShowRuntime Behavior ::run [ RunTime:0.000071s ]
INFO: [ view_filter ] --END-- [ RunTime:0.000368s ]
INFO: [ view_end ] --START--
INFO: ShowPageTrace Behavior ::run [ RunTime:0.000056s ]
INFO: [ view_end ] --END-- [ RunTime:0.000093s ]

[ 2013-11-16T00:05:29+08:00 ] 127.0.0.1 /HuiGl/index.php?m=Coupon&a=coupon
INFO: [ app_begin ] --START--
INFO: ReadHtmlCache Behavior ::run [ RunTime:0.000118s ]
INFO: [ app_begin ] --END-- [ RunTime:0.000244s ]
SQL: SHOW COLUMNS FROM monkey.t_monkey_coupon_info [ RunTime:0.002779s ]
SQL: SELECT * FROM monkey.t_monkey_coupon_info WHERE (  1 = 1 )  [ RunTime:0.000291s ]
SQL: SHOW COLUMNS FROM monkey.t_monkey_add [ RunTime:0.000972s ]
ERR: 1146:Table 'monkey.t_monkey_add' doesn't exist
 [ SQL语句 ] : SHOW COLUMNS FROM monkey.t_monkey_add
SQL: SELECT * FROM monkey.t_monkey_add WHERE (  1 = 1 )  [ RunTime:0.000124s ]
ERR: 1146:Table 'monkey.t_monkey_add' doesn't exist
 [ SQL语句 ] : SELECT * FROM monkey.t_monkey_add WHERE (  1 = 1 ) 

[ 2013-11-16T00:06:58+08:00 ] 127.0.0.1 /HuiGl/index.php?m=Coupon&a=coupon
INFO: [ app_begin ] --START--
INFO: ReadHtmlCache Behavior ::run [ RunTime:0.000155s ]
INFO: [ app_begin ] --END-- [ RunTime:0.000293s ]
SQL: SHOW COLUMNS FROM monkey.t_monkey_coupon_info [ RunTime:0.002777s ]
SQL: SELECT * FROM monkey.t_monkey_coupon_info WHERE (  1 = 1 )  [ RunTime:0.000265s ]
SQL: SHOW COLUMNS FROM monkey.t_monkey_ad [ RunTime:0.001298s ]
SQL: SELECT * FROM monkey.t_monkey_ad WHERE (  1 = 1 )  [ RunTime:0.000178s ]

[ 2013-11-16T00:07:12+08:00 ] 127.0.0.1 /HuiGl/index.php?m=Coupon&a=coupon
INFO: [ app_begin ] --START--
INFO: ReadHtmlCache Behavior ::run [ RunTime:0.000085s ]
INFO: [ app_begin ] --END-- [ RunTime:0.000149s ]
SQL: SHOW COLUMNS FROM monkey.t_monkey_coupon_info [ RunTime:0.016470s ]
SQL: SELECT * FROM monkey.t_monkey_coupon_info WHERE (  1 = 1 )  [ RunTime:0.000270s ]
SQL: SHOW COLUMNS FROM monkey.t_monkey_ad [ RunTime:0.001414s ]
SQL: SELECT * FROM monkey.t_monkey_ad WHERE (  1 = 1 )  [ RunTime:0.000194s ]
INFO: [ view_parse ] --START--
INFO: ParseTemplate Behavior ::run [ RunTime:0.007082s ]
INFO: [ view_parse ] --END-- [ RunTime:0.007151s ]
INFO: [ view_filter ] --START--
INFO: ContentReplace Behavior ::run [ RunTime:0.000150s ]
INFO: TokenBuild Behavior ::run [ RunTime:0.000063s ]
INFO: WriteHtmlCache Behavior ::run [ RunTime:0.000036s ]
INFO: ShowRuntime Behavior ::run [ RunTime:0.000071s ]
INFO: [ view_filter ] --END-- [ RunTime:0.000426s ]
INFO: [ view_end ] --START--
INFO: ShowPageTrace Behavior ::run [ RunTime:0.000090s ]
INFO: [ view_end ] --END-- [ RunTime:0.000138s ]

[ 2013-11-16T00:08:05+08:00 ] 127.0.0.1 /HuiGl/index.php?m=Coupon&a=coupon
INFO: [ app_begin ] --START--
INFO: ReadHtmlCache Behavior ::run [ RunTime:0.000219s ]
INFO: [ app_begin ] --END-- [ RunTime:0.000412s ]
SQL: SHOW COLUMNS FROM monkey.t_monkey_coupon_info [ RunTime:0.161669s ]
SQL: SELECT * FROM monkey.t_monkey_coupon_info WHERE (  1 = 1 )  [ RunTime:0.000293s ]
SQL: SHOW COLUMNS FROM monkey.t_monkey_ad [ RunTime:0.001094s ]
SQL: SELECT * FROM monkey.t_monkey_ad WHERE (  1 = 1 )  [ RunTime:0.000175s ]
INFO: [ view_parse ] --START--
INFO: ParseTemplate Behavior ::run [ RunTime:0.008846s ]
INFO: [ view_parse ] --END-- [ RunTime:0.008906s ]
INFO: [ view_filter ] --START--
INFO: ContentReplace Behavior ::run [ RunTime:0.000150s ]
INFO: TokenBuild Behavior ::run [ RunTime:0.000086s ]
INFO: WriteHtmlCache Behavior ::run [ RunTime:0.000048s ]
INFO: ShowRuntime Behavior ::run [ RunTime:0.000092s ]
INFO: [ view_filter ] --END-- [ RunTime:0.000481s ]
INFO: [ view_end ] --START--
INFO: ShowPageTrace Behavior ::run [ RunTime:0.000136s ]
INFO: [ view_end ] --END-- [ RunTime:0.000259s ]

[ 2013-11-16T00:08:15+08:00 ] 127.0.0.1 /HuiGl/index.php?m=Coupon&a=coupon
INFO: [ app_begin ] --START--
INFO: ReadHtmlCache Behavior ::run [ RunTime:0.000130s ]
INFO: [ app_begin ] --END-- [ RunTime:0.000229s ]
SQL: SHOW COLUMNS FROM monkey.t_monkey_coupon_info [ RunTime:0.002843s ]
SQL: SELECT * FROM monkey.t_monkey_coupon_info WHERE (  1 = 1 )  [ RunTime:0.000369s ]
SQL: SHOW COLUMNS FROM monkey.t_monkey_ad [ RunTime:0.001961s ]
SQL: SELECT * FROM monkey.t_monkey_ad WHERE (  1 = 1 )  [ RunTime:0.000222s ]
INFO: [ view_parse ] --START--
INFO: ParseTemplate Behavior ::run [ RunTime:0.009695s ]
INFO: [ view_parse ] --END-- [ RunTime:0.009769s ]
INFO: [ view_filter ] --START--
INFO: ContentReplace Behavior ::run [ RunTime:0.000200s ]
INFO: TokenBuild Behavior ::run [ RunTime:0.000123s ]
INFO: WriteHtmlCache Behavior ::run [ RunTime:0.000071s ]
INFO: ShowRuntime Behavior ::run [ RunTime:0.000144s ]
INFO: [ view_filter ] --END-- [ RunTime:0.000702s ]
INFO: [ view_end ] --START--
INFO: ShowPageTrace Behavior ::run [ RunTime:0.000120s ]
INFO: [ view_end ] --END-- [ RunTime:0.000188s ]

[ 2013-11-16T00:15:27+08:00 ] 127.0.0.1 /HuiGl/index.php?m=Coupon&a=coupon
INFO: [ app_begin ] --START--
INFO: ReadHtmlCache Behavior ::run [ RunTime:0.000185s ]
INFO: [ app_begin ] --END-- [ RunTime:0.000366s ]
SQL: SHOW COLUMNS FROM monkey.t_monkey_coupon_info [ RunTime:0.082858s ]
SQL: SELECT * FROM monkey.t_monkey_coupon_info WHERE (  1 = 1 )  [ RunTime:0.000352s ]
SQL: SHOW COLUMNS FROM monkey.t_monkey_ad [ RunTime:0.027112s ]
SQL: SELECT * FROM monkey.t_monkey_ad WHERE (  1 = 1 )  [ RunTime:0.000323s ]
INFO: [ view_parse ] --START--
NOTIC: [8] Undefined variable: coupon_two /Users/linhuazhu/getCode/dev/HuiGL/Home/Runtime/Cache/9f1bb861b9c40a22fd48140e30d94e7a.php 第 201 行.
INFO: ParseTemplate Behavior ::run [ RunTime:0.025466s ]
INFO: [ view_parse ] --END-- [ RunTime:0.025539s ]
INFO: [ view_filter ] --START--
INFO: ContentReplace Behavior ::run [ RunTime:0.000137s ]
INFO: TokenBuild Behavior ::run [ RunTime:0.000074s ]
INFO: WriteHtmlCache Behavior ::run [ RunTime:0.000044s ]
INFO: ShowRuntime Behavior ::run [ RunTime:0.000087s ]
INFO: [ view_filter ] --END-- [ RunTime:0.000443s ]
INFO: [ view_end ] --START--
INFO: ShowPageTrace Behavior ::run [ RunTime:0.000112s ]
INFO: [ view_end ] --END-- [ RunTime:0.000168s ]

[ 2013-11-16T00:15:50+08:00 ] 127.0.0.1 /HuiGl/index.php?m=Coupon&a=coupon
INFO: [ app_begin ] --START--
INFO: ReadHtmlCache Behavior ::run [ RunTime:0.000064s ]
INFO: [ app_begin ] --END-- [ RunTime:0.000115s ]
SQL: SHOW COLUMNS FROM monkey.t_monkey_coupon_info [ RunTime:0.001702s ]
SQL: SELECT * FROM monkey.t_monkey_coupon_info WHERE (  1 = 1 )  [ RunTime:0.000291s ]
SQL: SHOW COLUMNS FROM monkey.t_monkey_ad [ RunTime:0.001246s ]
SQL: SELECT * FROM monkey.t_monkey_ad WHERE (  1 = 1 )  [ RunTime:0.000184s ]
INFO: [ view_parse ] --START--
NOTIC: [8] Undefined variable: coupon_two /Users/linhuazhu/getCode/dev/HuiGL/Home/Runtime/Cache/9f1bb861b9c40a22fd48140e30d94e7a.php 第 201 行.
INFO: ParseTemplate Behavior ::run [ RunTime:0.041952s ]
INFO: [ view_parse ] --END-- [ RunTime:0.042009s ]
INFO: [ view_filter ] --START--
INFO: ContentReplace Behavior ::run [ RunTime:0.000152s ]
INFO: TokenBuild Behavior ::run [ RunTime:0.000082s ]
INFO: WriteHtmlCache Behavior ::run [ RunTime:0.000047s ]
INFO: ShowRuntime Behavior ::run [ RunTime:0.000091s ]
INFO: [ view_filter ] --END-- [ RunTime:0.000473s ]
INFO: [ view_end ] --START--
INFO: ShowPageTrace Behavior ::run [ RunTime:0.000140s ]
INFO: [ view_end ] --END-- [ RunTime:0.000220s ]

[ 2013-11-16T00:16:10+08:00 ] 127.0.0.1 /HuiGl/index.php?m=Coupon&a=coupon
INFO: [ app_begin ] --START--
INFO: ReadHtmlCache Behavior ::run [ RunTime:0.000096s ]
INFO: [ app_begin ] --END-- [ RunTime:0.000170s ]
SQL: SHOW COLUMNS FROM monkey.t_monkey_coupon_info [ RunTime:0.001883s ]
SQL: SELECT * FROM monkey.t_monkey_coupon_info WHERE (  1 = 1 )  [ RunTime:0.000319s ]
SQL: SHOW COLUMNS FROM monkey.t_monkey_ad [ RunTime:0.001671s ]
SQL: SELECT * FROM monkey.t_monkey_ad WHERE (  1 = 1 )  [ RunTime:0.000244s ]
INFO: [ view_parse ] --START--
INFO: ParseTemplate Behavior ::run [ RunTime:0.007847s ]
INFO: [ view_parse ] --END-- [ RunTime:0.007912s ]
INFO: [ view_filter ] --START--
INFO: ContentReplace Behavior ::run [ RunTime:0.000130s ]
INFO: TokenBuild Behavior ::run [ RunTime:0.000065s ]
INFO: WriteHtmlCache Behavior ::run [ RunTime:0.000037s ]
INFO: ShowRuntime Behavior ::run [ RunTime:0.000080s ]
INFO: [ view_filter ] --END-- [ RunTime:0.000412s ]
INFO: [ view_end ] --START--
INFO: ShowPageTrace Behavior ::run [ RunTime:0.000090s ]
INFO: [ view_end ] --END-- [ RunTime:0.000155s ]

[ 2013-11-16T00:16:38+08:00 ] 127.0.0.1 /HuiGl/index.php?m=Coupon&a=coupon
INFO: [ app_begin ] --START--
INFO: ReadHtmlCache Behavior ::run [ RunTime:0.000088s ]
INFO: [ app_begin ] --END-- [ RunTime:0.000173s ]
SQL: SHOW COLUMNS FROM monkey.t_monkey_coupon_info [ RunTime:0.001803s ]
SQL: SELECT * FROM monkey.t_monkey_coupon_info WHERE (  1 = 1 )  [ RunTime:0.000292s ]
SQL: SHOW COLUMNS FROM monkey.t_monkey_ad [ RunTime:0.001461s ]
SQL: SELECT * FROM monkey.t_monkey_ad WHERE (  1 = 1 )  [ RunTime:0.000237s ]
INFO: [ view_parse ] --START--
INFO: ParseTemplate Behavior ::run [ RunTime:0.007809s ]
INFO: [ view_parse ] --END-- [ RunTime:0.007899s ]
INFO: [ view_filter ] --START--
INFO: ContentReplace Behavior ::run [ RunTime:0.000119s ]
INFO: TokenBuild Behavior ::run [ RunTime:0.000065s ]
INFO: WriteHtmlCache Behavior ::run [ RunTime:0.000037s ]
INFO: ShowRuntime Behavior ::run [ RunTime:0.000089s ]
INFO: [ view_filter ] --END-- [ RunTime:0.000420s ]
INFO: [ view_end ] --START--
INFO: ShowPageTrace Behavior ::run [ RunTime:0.000092s ]
INFO: [ view_end ] --END-- [ RunTime:0.000160s ]

[ 2013-11-16T00:20:25+08:00 ] 127.0.0.1 /HuiGl/index.php?m=Coupon&a=coupon
INFO: [ app_begin ] --START--
INFO: ReadHtmlCache Behavior ::run [ RunTime:0.000151s ]
INFO: [ app_begin ] --END-- [ RunTime:0.000306s ]
SQL: SHOW COLUMNS FROM monkey.t_monkey_coupon_info [ RunTime:0.018282s ]
SQL: SELECT * FROM monkey.t_monkey_coupon_info WHERE (  1 = 1 )  [ RunTime:0.000387s ]
SQL: SHOW COLUMNS FROM monkey.t_monkey_ad [ RunTime:0.001444s ]
SQL: SELECT * FROM monkey.t_monkey_ad WHERE (  1 = 1 )  [ RunTime:0.000233s ]
INFO: [ view_parse ] --START--
INFO: ParseTemplate Behavior ::run [ RunTime:0.009836s ]
INFO: [ view_parse ] --END-- [ RunTime:0.009916s ]
INFO: [ view_filter ] --START--
INFO: ContentReplace Behavior ::run [ RunTime:0.000180s ]
INFO: TokenBuild Behavior ::run [ RunTime:0.000121s ]
INFO: WriteHtmlCache Behavior ::run [ RunTime:0.000071s ]
INFO: ShowRuntime Behavior ::run [ RunTime:0.000135s ]
INFO: [ view_filter ] --END-- [ RunTime:0.000673s ]
INFO: [ view_end ] --START--
INFO: ShowPageTrace Behavior ::run [ RunTime:0.000125s ]
INFO: [ view_end ] --END-- [ RunTime:0.000200s ]

[ 2013-11-16T00:23:58+08:00 ] 127.0.0.1 /HuiGl/index.php?m=Coupon&a=coupon
INFO: [ app_begin ] --START--
INFO: ReadHtmlCache Behavior ::run [ RunTime:0.000125s ]
INFO: [ app_begin ] --END-- [ RunTime:0.000213s ]
SQL: SHOW COLUMNS FROM monkey.t_monkey_coupon_info [ RunTime:0.003117s ]
SQL: SELECT * FROM monkey.t_monkey_coupon_info WHERE (  1 = 1 )  [ RunTime:0.000364s ]
SQL: SHOW COLUMNS FROM monkey.t_monkey_ad [ RunTime:0.001614s ]
SQL: SELECT * FROM monkey.t_monkey_ad WHERE (  1 = 1 )  [ RunTime:0.000219s ]
INFO: [ view_parse ] --START--
INFO: ParseTemplate Behavior ::run [ RunTime:0.010744s ]
INFO: [ view_parse ] --END-- [ RunTime:0.010940s ]
INFO: [ view_filter ] --START--
INFO: ContentReplace Behavior ::run [ RunTime:0.000120s ]
INFO: TokenBuild Behavior ::run [ RunTime:0.000066s ]
INFO: WriteHtmlCache Behavior ::run [ RunTime:0.000039s ]
INFO: ShowRuntime Behavior ::run [ RunTime:0.000078s ]
INFO: [ view_filter ] --END-- [ RunTime:0.000410s ]
INFO: [ view_end ] --START--
INFO: ShowPageTrace Behavior ::run [ RunTime:0.000099s ]
INFO: [ view_end ] --END-- [ RunTime:0.000167s ]

[ 2013-11-16T19:20:03+08:00 ] 127.0.0.1 /HuiGl/index.php?m=Coupon&a=coupon
INFO: [ app_begin ] --START--
INFO: ReadHtmlCache Behavior ::run [ RunTime:0.000245s ]
INFO: [ app_begin ] --END-- [ RunTime:0.122568s ]
SQL: SHOW COLUMNS FROM monkey.t_monkey_coupon_info [ RunTime:1.461682s ]
SQL: SELECT * FROM monkey.t_monkey_coupon_info WHERE (  1 = 1 )  [ RunTime:0.364283s ]
SQL: SHOW COLUMNS FROM monkey.t_monkey_ad [ RunTime:0.093262s ]
SQL: SELECT * FROM monkey.t_monkey_ad WHERE (  1 = 1 )  [ RunTime:0.000387s ]
INFO: [ view_parse ] --START--
INFO: ParseTemplate Behavior ::run [ RunTime:0.081855s ]
INFO: [ view_parse ] --END-- [ RunTime:0.081987s ]
INFO: [ view_filter ] --START--
INFO: ContentReplace Behavior ::run [ RunTime:0.000335s ]
INFO: TokenBuild Behavior ::run [ RunTime:0.000200s ]
INFO: WriteHtmlCache Behavior ::run [ RunTime:0.000168s ]
INFO: ShowRuntime Behavior ::run [ RunTime:0.000213s ]
INFO: [ view_filter ] --END-- [ RunTime:0.001118s ]
INFO: [ view_end ] --START--
INFO: ShowPageTrace Behavior ::run [ RunTime:0.000203s ]
INFO: [ view_end ] --END-- [ RunTime:0.000281s ]

