[ 2013-11-23T22:36:33+08:00 ] 127.0.0.1 /HuiGl/index.php
INFO: [ app_begin ] --START--
INFO: ReadHtmlCache Behavior ::run [ RunTime:0.023626s ]
INFO: [ app_begin ] --END-- [ RunTime:0.023921s ]
INFO: [ view_parse ] --START--
INFO: ParseTemplate Behavior ::run [ RunTime:0.039465s ]
INFO: [ view_parse ] --END-- [ RunTime:0.039591s ]
INFO: [ view_filter ] --START--
INFO: ContentReplace Behavior ::run [ RunTime:0.001211s ]
INFO: TokenBuild Behavior ::run [ RunTime:0.000628s ]
INFO: WriteHtmlCache Behavior ::run [ RunTime:0.000501s ]
INFO: ShowRuntime Behavior ::run [ RunTime:0.000623s ]
INFO: [ view_filter ] --END-- [ RunTime:0.003108s ]
INFO: [ view_end ] --START--
INFO: ShowPageTrace Behavior ::run [ RunTime:0.000832s ]
INFO: [ view_end ] --END-- [ RunTime:0.000913s ]

[ 2013-11-23T22:45:05+08:00 ] 127.0.0.1 /HuiGl/index.php
INFO: [ app_begin ] --START--
INFO: ReadHtmlCache Behavior ::run [ RunTime:0.000121s ]
INFO: [ app_begin ] --END-- [ RunTime:0.000302s ]
INFO: [ view_parse ] --START--
INFO: ParseTemplate Behavior ::run [ RunTime:0.011098s ]
INFO: [ view_parse ] --END-- [ RunTime:0.011166s ]
INFO: [ view_filter ] --START--
INFO: ContentReplace Behavior ::run [ RunTime:0.000212s ]
INFO: TokenBuild Behavior ::run [ RunTime:0.000095s ]
INFO: WriteHtmlCache Behavior ::run [ RunTime:0.000051s ]
INFO: ShowRuntime Behavior ::run [ RunTime:0.000124s ]
INFO: [ view_filter ] --END-- [ RunTime:0.000620s ]
INFO: [ view_end ] --START--
INFO: ShowPageTrace Behavior ::run [ RunTime:0.000134s ]
INFO: [ view_end ] --END-- [ RunTime:0.000218s ]

