[ 2013-11-28T16:35:02+08:00 ] 127.0.0.1 /HuiGl/index.php?m=Card&a=card
INFO: [ app_begin ] --START--
INFO: ReadHtmlCache Behavior ::run [ RunTime:0.000340s ]
INFO: [ app_begin ] --END-- [ RunTime:0.071360s ]
INFO: [ view_parse ] --START--
INFO: ParseTemplate Behavior ::run [ RunTime:0.037127s ]
INFO: [ view_parse ] --END-- [ RunTime:0.037222s ]
INFO: [ view_filter ] --START--
INFO: ContentReplace Behavior ::run [ RunTime:0.000272s ]
INFO: TokenBuild Behavior ::run [ RunTime:0.000268s ]
INFO: WriteHtmlCache Behavior ::run [ RunTime:0.000152s ]
INFO: ShowRuntime Behavior ::run [ RunTime:0.000192s ]
INFO: [ view_filter ] --END-- [ RunTime:0.001020s ]
INFO: [ view_end ] --START--
INFO: ShowPageTrace Behavior ::run [ RunTime:0.000252s ]
INFO: [ view_end ] --END-- [ RunTime:0.000327s ]

[ 2013-11-28T18:42:42+08:00 ] 127.0.0.1 /HuiGl/index.php
INFO: [ app_begin ] --START--
INFO: ReadHtmlCache Behavior ::run [ RunTime:0.000360s ]
INFO: [ app_begin ] --END-- [ RunTime:0.030985s ]
SQL: SHOW COLUMNS FROM monkey.t_monkey_cms_index [ RunTime:0.013900s ]
SQL: SELECT * FROM monkey.t_monkey_cms_index WHERE ( status=1 ) ORDER BY weight DESC  [ RunTime:0.061605s ]
SQL: SHOW COLUMNS FROM monkey.t_monkey_coupon_info [ RunTime:0.002008s ]
SQL: SELECT * FROM monkey.t_monkey_coupon_info WHERE ( coupon_id IN (1,2) )  [ RunTime:0.000666s ]
SQL: SHOW COLUMNS FROM monkey.t_monkey_news [ RunTime:0.001885s ]
SQL: SELECT * FROM monkey.t_monkey_news WHERE ( news_id IN (1,5,4,3,2,6) )  [ RunTime:0.000431s ]
SQL: SHOW COLUMNS FROM monkey.t_monkey_ad [ RunTime:0.001834s ]
SQL: SELECT * FROM monkey.t_monkey_ad WHERE ( id IN (1,2,3) )  [ RunTime:0.000432s ]
SQL: SHOW COLUMNS FROM monkey.t_monkey_partner_info [ RunTime:0.002199s ]
SQL: SELECT * FROM monkey.t_monkey_partner_info WHERE ( partner_id IN (1,2,3,4,5,6,7,8,9) )  [ RunTime:0.000370s ]
SQL: SHOW COLUMNS FROM monkey.t_monkey_partner_picture [ RunTime:0.002012s ]
SQL: SELECT * FROM monkey.t_monkey_partner_picture WHERE ( partner_id IN (1,2,3,4,5,6,7,8,9) )  [ RunTime:0.000914s ]
SQL: SHOW COLUMNS FROM monkey.t_monkey_partner_info [ RunTime:0.002060s ]
SQL: SELECT * FROM monkey.t_monkey_partner_info WHERE ( partner_id IN (5,6,1,2,3,4) )  [ RunTime:0.000382s ]
SQL: SHOW COLUMNS FROM monkey.t_monkey_partner_picture [ RunTime:0.001928s ]
SQL: SELECT * FROM monkey.t_monkey_partner_picture WHERE ( partner_id IN (5,6,1,2,3,4) )  [ RunTime:0.000348s ]
SQL: SHOW COLUMNS FROM monkey.t_monkey_partner_evaluation [ RunTime:0.009165s ]
SQL: SELECT * FROM monkey.t_monkey_partner_evaluation WHERE ( evaluation_type = '0' ) ORDER BY createtime DESC  [ RunTime:0.000507s ]
SQL: SHOW COLUMNS FROM monkey.t_monkey_user_profile [ RunTime:0.025853s ]
SQL: SELECT * FROM monkey.t_monkey_user_profile WHERE ( user_id IN (1,1,1,1) )  [ RunTime:0.000405s ]
SQL: SHOW COLUMNS FROM monkey.t_monkey_partner_info [ RunTime:0.002269s ]
SQL: SELECT * FROM monkey.t_monkey_partner_info WHERE ( partner_id IN (2,1,2,1) )  [ RunTime:0.000323s ]
INFO: [ view_parse ] --START--
INFO: ParseTemplate Behavior ::run [ RunTime:0.061390s ]
INFO: [ view_parse ] --END-- [ RunTime:0.061489s ]
INFO: [ view_filter ] --START--
INFO: ContentReplace Behavior ::run [ RunTime:0.000291s ]
INFO: TokenBuild Behavior ::run [ RunTime:0.000229s ]
INFO: WriteHtmlCache Behavior ::run [ RunTime:0.000196s ]
INFO: ShowRuntime Behavior ::run [ RunTime:0.000310s ]
INFO: [ view_filter ] --END-- [ RunTime:0.001186s ]
INFO: [ view_end ] --START--
INFO: ShowPageTrace Behavior ::run [ RunTime:0.000272s ]
INFO: [ view_end ] --END-- [ RunTime:0.000356s ]

[ 2013-11-28T18:43:21+08:00 ] 127.0.0.1 /HuiGl/index.php
INFO: [ app_begin ] --START--
INFO: ReadHtmlCache Behavior ::run [ RunTime:0.000190s ]
INFO: [ app_begin ] --END-- [ RunTime:0.000410s ]
SQL: SHOW COLUMNS FROM monkey.t_monkey_cms_index [ RunTime:0.061189s ]
SQL: SELECT * FROM monkey.t_monkey_cms_index WHERE ( status=1 ) ORDER BY weight DESC  [ RunTime:0.000469s ]
SQL: SHOW COLUMNS FROM monkey.t_monkey_coupon_info [ RunTime:0.001844s ]
SQL: SELECT * FROM monkey.t_monkey_coupon_info WHERE ( coupon_id IN (1,2) )  [ RunTime:0.000344s ]
SQL: SHOW COLUMNS FROM monkey.t_monkey_news [ RunTime:0.001971s ]
SQL: SELECT * FROM monkey.t_monkey_news WHERE ( news_id IN (1,5,4,3,2,6) )  [ RunTime:0.000334s ]
SQL: SHOW COLUMNS FROM monkey.t_monkey_ad [ RunTime:0.002330s ]
SQL: SELECT * FROM monkey.t_monkey_ad WHERE ( id IN (1,2,3) )  [ RunTime:0.000431s ]
SQL: SHOW COLUMNS FROM monkey.t_monkey_partner_info [ RunTime:0.002429s ]
SQL: SELECT * FROM monkey.t_monkey_partner_info WHERE ( partner_id IN (1,2,3,4,5,6,7,8,9) )  [ RunTime:0.000412s ]
SQL: SHOW COLUMNS FROM monkey.t_monkey_partner_picture [ RunTime:0.002093s ]
SQL: SELECT * FROM monkey.t_monkey_partner_picture WHERE ( partner_id IN (1,2,3,4,5,6,7,8,9) )  [ RunTime:0.000400s ]
SQL: SHOW COLUMNS FROM monkey.t_monkey_partner_info [ RunTime:0.001569s ]
SQL: SELECT * FROM monkey.t_monkey_partner_info WHERE ( partner_id IN (5,6,1,2,3,4) )  [ RunTime:0.000388s ]
SQL: SHOW COLUMNS FROM monkey.t_monkey_partner_picture [ RunTime:0.001950s ]
SQL: SELECT * FROM monkey.t_monkey_partner_picture WHERE ( partner_id IN (5,6,1,2,3,4) )  [ RunTime:0.000460s ]
SQL: SHOW COLUMNS FROM monkey.t_monkey_partner_evaluation [ RunTime:0.002583s ]
SQL: SELECT * FROM monkey.t_monkey_partner_evaluation WHERE ( evaluation_type = '0' ) ORDER BY createtime DESC  [ RunTime:0.000371s ]
SQL: SHOW COLUMNS FROM monkey.t_monkey_user_profile [ RunTime:0.002312s ]
SQL: SELECT * FROM monkey.t_monkey_user_profile WHERE ( user_id IN (1,1,1,1) )  [ RunTime:0.000387s ]
SQL: SHOW COLUMNS FROM monkey.t_monkey_partner_info [ RunTime:0.001775s ]
SQL: SELECT * FROM monkey.t_monkey_partner_info WHERE ( partner_id IN (2,1,2,1) )  [ RunTime:0.000348s ]
INFO: [ view_parse ] --START--
INFO: ParseTemplate Behavior ::run [ RunTime:0.067787s ]
INFO: [ view_parse ] --END-- [ RunTime:0.067894s ]
INFO: [ view_filter ] --START--
INFO: ContentReplace Behavior ::run [ RunTime:0.000211s ]
INFO: TokenBuild Behavior ::run [ RunTime:0.000119s ]
INFO: WriteHtmlCache Behavior ::run [ RunTime:0.000081s ]
INFO: ShowRuntime Behavior ::run [ RunTime:0.000098s ]
INFO: [ view_filter ] --END-- [ RunTime:0.000666s ]
INFO: [ view_end ] --START--
INFO: ShowPageTrace Behavior ::run [ RunTime:0.000193s ]
INFO: [ view_end ] --END-- [ RunTime:0.000301s ]

[ 2013-11-28T18:48:09+08:00 ] 127.0.0.1 /HuiGl/index.php
INFO: [ app_begin ] --START--
INFO: ReadHtmlCache Behavior ::run [ RunTime:0.000182s ]
INFO: [ app_begin ] --END-- [ RunTime:0.000372s ]
SQL: SHOW COLUMNS FROM monkey.t_monkey_cms_index [ RunTime:0.108051s ]
SQL: SELECT * FROM monkey.t_monkey_cms_index WHERE ( status=1 ) ORDER BY weight DESC  [ RunTime:0.000687s ]
SQL: SHOW COLUMNS FROM monkey.t_monkey_coupon_info [ RunTime:0.002397s ]
SQL: SELECT * FROM monkey.t_monkey_coupon_info WHERE ( coupon_id IN (1,2) )  [ RunTime:0.000439s ]
SQL: SHOW COLUMNS FROM monkey.t_monkey_news [ RunTime:0.002201s ]
SQL: SELECT * FROM monkey.t_monkey_news WHERE ( news_id IN (1,5,4,3,2,6) )  [ RunTime:0.000342s ]
SQL: SHOW COLUMNS FROM monkey.t_monkey_ad [ RunTime:0.001944s ]
SQL: SELECT * FROM monkey.t_monkey_ad WHERE ( id IN (1,2,3) )  [ RunTime:0.000330s ]
SQL: SHOW COLUMNS FROM monkey.t_monkey_partner_info [ RunTime:0.002277s ]
SQL: SELECT * FROM monkey.t_monkey_partner_info WHERE ( partner_id IN (1,2,3,4,5,6,7,8,9) )  [ RunTime:0.000426s ]
SQL: SHOW COLUMNS FROM monkey.t_monkey_partner_picture [ RunTime:0.002205s ]
SQL: SELECT * FROM monkey.t_monkey_partner_picture WHERE ( partner_id IN (1,2,3,4,5,6,7,8,9) )  [ RunTime:0.004263s ]
SQL: SHOW COLUMNS FROM monkey.t_monkey_partner_info [ RunTime:0.008784s ]
SQL: SELECT * FROM monkey.t_monkey_partner_info WHERE ( partner_id IN (5,6,1,2,3,4) )  [ RunTime:0.000472s ]
SQL: SHOW COLUMNS FROM monkey.t_monkey_partner_picture [ RunTime:0.001915s ]
SQL: SELECT * FROM monkey.t_monkey_partner_picture WHERE ( partner_id IN (5,6,1,2,3,4) )  [ RunTime:0.000385s ]
SQL: SHOW COLUMNS FROM monkey.t_monkey_partner_evaluation [ RunTime:0.002071s ]
SQL: SELECT * FROM monkey.t_monkey_partner_evaluation WHERE ( evaluation_type = '0' ) ORDER BY createtime DESC  [ RunTime:0.000440s ]
SQL: SHOW COLUMNS FROM monkey.t_monkey_user_profile [ RunTime:0.001965s ]
SQL: SELECT * FROM monkey.t_monkey_user_profile WHERE ( user_id IN (1,1,1,1) )  [ RunTime:0.000295s ]
SQL: SHOW COLUMNS FROM monkey.t_monkey_partner_info [ RunTime:0.001304s ]
SQL: SELECT * FROM monkey.t_monkey_partner_info WHERE ( partner_id IN (2,1,2,1) )  [ RunTime:0.000501s ]
INFO: [ view_parse ] --START--
NOTIC: [8] Undefined variable: coupon /Users/linhuazhu/getCode/dev/HuiGL/Home/Runtime/Cache/7e4848229090366086cc7eeb3bfc0798.php 第 177 行.
NOTIC: [8] Undefined variable: card /Users/linhuazhu/getCode/dev/HuiGL/Home/Runtime/Cache/7e4848229090366086cc7eeb3bfc0798.php 第 186 行.
INFO: ParseTemplate Behavior ::run [ RunTime:0.066763s ]
INFO: [ view_parse ] --END-- [ RunTime:0.066869s ]
INFO: [ view_filter ] --START--
INFO: ContentReplace Behavior ::run [ RunTime:0.000225s ]
INFO: TokenBuild Behavior ::run [ RunTime:0.000098s ]
INFO: WriteHtmlCache Behavior ::run [ RunTime:0.000053s ]
INFO: ShowRuntime Behavior ::run [ RunTime:0.000099s ]
INFO: [ view_filter ] --END-- [ RunTime:0.000629s ]
INFO: [ view_end ] --START--
INFO: ShowPageTrace Behavior ::run [ RunTime:0.000142s ]
INFO: [ view_end ] --END-- [ RunTime:0.000216s ]

